<?xml version="1.0" encoding="UTF-8"?>
<testsuite name="tests.AddNewContactTests" tests="19" skipped="0" failures="1" errors="0" timestamp="2023-02-03T12:05:37" hostname="WIN-UK2CA3OCGGH" time="23.545">
  <properties/>
  <testcase name="addNewContactAddressBlank" classname="tests.AddNewContactTests" time="2.987"/>
  <testcase name="addNewContactAddressNull" classname="tests.AddNewContactTests" time="0.486"/>
  <testcase name="addNewContactBlankEmail" classname="tests.AddNewContactTests" time="0.981"/>
  <testcase name="addNewContactBlankLastName" classname="tests.AddNewContactTests" time="0.458"/>
  <testcase name="addNewContactBlankName" classname="tests.AddNewContactTests" time="0.446"/>
  <testcase name="addNewContactMinimumCharAfterAtEmail" classname="tests.AddNewContactTests" time="0.943"/>
  <testcase name="addNewContactMinimumCharBeforeAtEmail" classname="tests.AddNewContactTests" time="0.965"/>
  <testcase name="addNewContactNullLastName" classname="tests.AddNewContactTests" time="0.434"/>
  <testcase name="addNewContactNullName" classname="tests.AddNewContactTests" time="0.202">
    <failure message="org.openqa.selenium.StaleElementReferenceException: stale element reference: element is not attached to the page document&#10;  (Session info: chrome=109.0.5414.120)&#10;For documentation on this error, please visit: https://selenium.dev/exceptions/#stale_element_reference&#10;Build info: version: '4.7.1', revision: 'c6795baf1a3'&#10;System info: os.name: 'Windows 10', os.arch: 'amd64', os.version: '10.0', java.version: '11.0.17'&#10;Driver info: org.openqa.selenium.chrome.ChromeDriver&#10;Command: [1068cd2fc4456ac635b5690d6f37e0ed, sendKeysToElement {id=887e0a9b-5747-4a4b-9b8a-9148449a7068, value=[Ljava.lang.CharSequence;@40b31a16}]&#10;Capabilities {acceptInsecureCerts: false, browserName: chrome, browserVersion: 109.0.5414.120, chrome: {chromedriverVersion: 109.0.5414.74 (e7c5703604da..., userDataDir: C:\Users\User\AppData\Local...}, goog:chromeOptions: {debuggerAddress: localhost:62255}, networkConnectionEnabled: false, pageLoadStrategy: normal, platformName: WINDOWS, proxy: Proxy(), se:cdp: ws://localhost:62255/devtoo..., se:cdpVersion: 109.0.5414.120, setWindowRect: true, strictFileInteractability: false, timeouts: {implicit: 0, pageLoad: 300000, script: 30000}, unhandledPromptBehavior: dismiss and notify, webauthn:extension:credBlob: true, webauthn:extension:largeBlob: true, webauthn:virtualAuthenticators: true}&#10;Element: [[ChromeDriver: chrome on WINDOWS (1068cd2fc4456ac635b5690d6f37e0ed)] -&gt; css selector: input[placeholder='Phone']]&#10;Session ID: 1068cd2fc4456ac635b5690d6f37e0ed" type="org.openqa.selenium.StaleElementReferenceException">org.openqa.selenium.StaleElementReferenceException: stale element reference: element is not attached to the page document
  (Session info: chrome=109.0.5414.120)
For documentation on this error, please visit: https://selenium.dev/exceptions/#stale_element_reference
Build info: version: '4.7.1', revision: 'c6795baf1a3'
System info: os.name: 'Windows 10', os.arch: 'amd64', os.version: '10.0', java.version: '11.0.17'
Driver info: org.openqa.selenium.chrome.ChromeDriver
Command: [1068cd2fc4456ac635b5690d6f37e0ed, sendKeysToElement {id=887e0a9b-5747-4a4b-9b8a-9148449a7068, value=[Ljava.lang.CharSequence;@40b31a16}]
Capabilities {acceptInsecureCerts: false, browserName: chrome, browserVersion: 109.0.5414.120, chrome: {chromedriverVersion: 109.0.5414.74 (e7c5703604da..., userDataDir: C:\Users\User\AppData\Local...}, goog:chromeOptions: {debuggerAddress: localhost:62255}, networkConnectionEnabled: false, pageLoadStrategy: normal, platformName: WINDOWS, proxy: Proxy(), se:cdp: ws://localhost:62255/devtoo..., se:cdpVersion: 109.0.5414.120, setWindowRect: true, strictFileInteractability: false, timeouts: {implicit: 0, pageLoad: 300000, script: 30000}, unhandledPromptBehavior: dismiss and notify, webauthn:extension:credBlob: true, webauthn:extension:largeBlob: true, webauthn:virtualAuthenticators: true}
Element: [[ChromeDriver: chrome on WINDOWS (1068cd2fc4456ac635b5690d6f37e0ed)] -&gt; css selector: input[placeholder='Phone']]
Session ID: 1068cd2fc4456ac635b5690d6f37e0ed
	at java.base@11.0.17/jdk.internal.reflect.NativeConstructorAccessorImpl.newInstance0(Native Method)
	at java.base@11.0.17/jdk.internal.reflect.NativeConstructorAccessorImpl.newInstance(NativeConstructorAccessorImpl.java:62)
	at java.base@11.0.17/jdk.internal.reflect.DelegatingConstructorAccessorImpl.newInstance(DelegatingConstructorAccessorImpl.java:45)
	at java.base@11.0.17/java.lang.reflect.Constructor.newInstance(Constructor.java:490)
	at app//org.openqa.selenium.remote.codec.w3c.W3CHttpResponseCodec.createException(W3CHttpResponseCodec.java:200)
	at app//org.openqa.selenium.remote.codec.w3c.W3CHttpResponseCodec.decode(W3CHttpResponseCodec.java:133)
	at app//org.openqa.selenium.remote.codec.w3c.W3CHttpResponseCodec.decode(W3CHttpResponseCodec.java:53)
	at app//org.openqa.selenium.remote.HttpCommandExecutor.execute(HttpCommandExecutor.java:184)
	at app//org.openqa.selenium.remote.service.DriverCommandExecutor.invokeExecute(DriverCommandExecutor.java:167)
	at app//org.openqa.selenium.remote.service.DriverCommandExecutor.execute(DriverCommandExecutor.java:142)
	at app//org.openqa.selenium.remote.RemoteWebDriver.execute(RemoteWebDriver.java:551)
	at app//org.openqa.selenium.remote.RemoteWebElement.execute(RemoteWebElement.java:257)
	at app//org.openqa.selenium.remote.RemoteWebElement.sendKeys(RemoteWebElement.java:113)
	at jdk.internal.reflect.GeneratedMethodAccessor27.invoke(Unknown Source)
	at java.base@11.0.17/jdk.internal.reflect.DelegatingMethodAccessorImpl.invoke(DelegatingMethodAccessorImpl.java:43)
	at java.base@11.0.17/java.lang.reflect.Method.invoke(Method.java:566)
	at app//org.openqa.selenium.support.decorators.WebDriverDecorator.call(WebDriverDecorator.java:247)
	at app//org.openqa.selenium.support.decorators.DefaultDecorated.call(DefaultDecorated.java:48)
	at app//org.openqa.selenium.support.decorators.WebDriverDecorator.lambda$createProxy$0(WebDriverDecorator.java:309)
	at net.bytebuddy.renamed.java.lang.Object$ByteBuddy$PmvhanhL.sendKeys(Unknown Source)
	at app//manager.HelperBase.type(HelperBase.java:23)
	at app//manager.HelperContact.fillContactForm(HelperContact.java:26)
	at app//tests.AddNewContactTests.addNewContactNullName(AddNewContactTests.java:233)
	at java.base@11.0.17/jdk.internal.reflect.NativeMethodAccessorImpl.invoke0(Native Method)
	at java.base@11.0.17/jdk.internal.reflect.NativeMethodAccessorImpl.invoke(NativeMethodAccessorImpl.java:62)
	at java.base@11.0.17/jdk.internal.reflect.DelegatingMethodAccessorImpl.invoke(DelegatingMethodAccessorImpl.java:43)
	at java.base@11.0.17/java.lang.reflect.Method.invoke(Method.java:566)
	at app//org.testng.internal.invokers.MethodInvocationHelper.invokeMethod(MethodInvocationHelper.java:135)
	at app//org.testng.internal.invokers.TestInvoker.invokeMethod(TestInvoker.java:673)
	at app//org.testng.internal.invokers.TestInvoker.invokeTestMethod(TestInvoker.java:220)
	at app//org.testng.internal.invokers.MethodRunner.runInSequence(MethodRunner.java:50)
	at app//org.testng.internal.invokers.TestInvoker$MethodInvocationAgent.invoke(TestInvoker.java:945)
	at app//org.testng.internal.invokers.TestInvoker.invokeTestMethods(TestInvoker.java:193)
	at app//org.testng.internal.invokers.TestMethodWorker.invokeTestMethods(TestMethodWorker.java:146)
	at app//org.testng.internal.invokers.TestMethodWorker.run(TestMethodWorker.java:128)
	at java.base@11.0.17/java.util.ArrayList.forEach(ArrayList.java:1541)
	at app//org.testng.TestRunner.privateRun(TestRunner.java:808)
	at app//org.testng.TestRunner.run(TestRunner.java:603)
	at app//org.testng.SuiteRunner.runTest(SuiteRunner.java:429)
	at app//org.testng.SuiteRunner.runSequentially(SuiteRunner.java:423)
	at app//org.testng.SuiteRunner.privateRun(SuiteRunner.java:383)
	at app//org.testng.SuiteRunner.run(SuiteRunner.java:326)
	at app//org.testng.SuiteRunnerWorker.runSuite(SuiteRunnerWorker.java:52)
	at app//org.testng.SuiteRunnerWorker.run(SuiteRunnerWorker.java:95)
	at app//org.testng.TestNG.runSuitesSequentially(TestNG.java:1249)
	at app//org.testng.TestNG.runSuitesLocally(TestNG.java:1169)
	at app//org.testng.TestNG.runSuites(TestNG.java:1092)
	at app//org.testng.TestNG.run(TestNG.java:1060)
	at org.gradle.api.internal.tasks.testing.testng.TestNGTestClassProcessor.runTests(TestNGTestClassProcessor.java:146)
	at org.gradle.api.internal.tasks.testing.testng.TestNGTestClassProcessor.stop(TestNGTestClassProcessor.java:91)
	at org.gradle.api.internal.tasks.testing.SuiteTestClassProcessor.stop(SuiteTestClassProcessor.java:61)
	at java.base@11.0.17/jdk.internal.reflect.NativeMethodAccessorImpl.invoke0(Native Method)
	at java.base@11.0.17/jdk.internal.reflect.NativeMethodAccessorImpl.invoke(NativeMethodAccessorImpl.java:62)
	at java.base@11.0.17/jdk.internal.reflect.DelegatingMethodAccessorImpl.invoke(DelegatingMethodAccessorImpl.java:43)
	at java.base@11.0.17/java.lang.reflect.Method.invoke(Method.java:566)
	at org.gradle.internal.dispatch.ReflectionDispatch.dispatch(ReflectionDispatch.java:36)
	at org.gradle.internal.dispatch.ReflectionDispatch.dispatch(ReflectionDispatch.java:24)
	at org.gradle.internal.dispatch.ContextClassLoaderDispatch.dispatch(ContextClassLoaderDispatch.java:33)
	at org.gradle.internal.dispatch.ProxyDispatchAdapter$DispatchingInvocationHandler.invoke(ProxyDispatchAdapter.java:94)
	at com.sun.proxy.$Proxy2.stop(Unknown Source)
	at org.gradle.api.internal.tasks.testing.worker.TestWorker$3.run(TestWorker.java:193)
	at org.gradle.api.internal.tasks.testing.worker.TestWorker.executeAndMaintainThreadName(TestWorker.java:129)
	at org.gradle.api.internal.tasks.testing.worker.TestWorker.execute(TestWorker.java:100)
	at org.gradle.api.internal.tasks.testing.worker.TestWorker.execute(TestWorker.java:60)
	at org.gradle.process.internal.worker.child.ActionExecutionWorker.execute(ActionExecutionWorker.java:56)
	at org.gradle.process.internal.worker.child.SystemApplicationClassLoaderWorker.call(SystemApplicationClassLoaderWorker.java:133)
	at org.gradle.process.internal.worker.child.SystemApplicationClassLoaderWorker.call(SystemApplicationClassLoaderWorker.java:71)
	at app//worker.org.gradle.process.internal.worker.GradleWorkerMain.run(GradleWorkerMain.java:69)
	at app//worker.org.gradle.process.internal.worker.GradleWorkerMain.main(GradleWorkerMain.java:74)
</failure>
  </testcase>
  <testcase name="addNewContactPhoneBlank" classname="tests.AddNewContactTests" time="1.079"/>
  <testcase name="addNewContactPhoneMaximumNumbers" classname="tests.AddNewContactTests" time="0.967"/>
  <testcase name="addNewContactPhoneMinimumNumbers" classname="tests.AddNewContactTests" time="0.946"/>
  <testcase name="addNewContactPhoneNotNumbers" classname="tests.AddNewContactTests" time="0.945"/>
  <testcase name="addNewContactPhoneNull" classname="tests.AddNewContactTests" time="0.93"/>
  <testcase name="addNewContactPhoneSpecialChars" classname="tests.AddNewContactTests" time="0.933"/>
  <testcase name="addNewContactSuccess" classname="tests.AddNewContactTests" time="2.861"/>
  <testcase name="addNewContactSuccessRequiredFields" classname="tests.AddNewContactTests" time="4.692"/>
  <testcase name="addNewContactTwoAtEmail" classname="tests.AddNewContactTests" time="1.177"/>
  <testcase name="addNewContactWrongEmail" classname="tests.AddNewContactTests" time="0.966"/>
  <system-out><![CDATA[14:05:32.110  INFO  tests.TestBase - The name of method is -->addNewContactAddressBlank
14:05:32.111  INFO  manager.ListenerWD - Before find elements --> By.xpath: //button[text()='Sign Out']
14:05:37.118  INFO  manager.ListenerWD - After find elements --> By.xpath: //button[text()='Sign Out']
14:05:37.120  INFO  manager.ListenerWD - List size is --> 0
14:05:37.123  INFO  manager.ListenerWD - Before find element --> By.cssSelector: a[href='/login']
14:05:37.139  INFO  manager.ListenerWD - After find element --> By.cssSelector: a[href='/login']
14:05:37.196  INFO  manager.ListenerWD - Before find element --> By.cssSelector: input[name='email']
14:05:37.211  INFO  manager.ListenerWD - After find element --> By.cssSelector: input[name='email']
14:05:37.296  INFO  manager.ListenerWD - Before find element --> By.cssSelector: input[name='password']
14:05:37.310  INFO  manager.ListenerWD - After find element --> By.cssSelector: input[name='password']
14:05:37.385  INFO  manager.ListenerWD - Before find element --> By.cssSelector: button[name='login']
14:05:37.399  INFO  manager.ListenerWD - After find element --> By.cssSelector: button[name='login']
14:05:37.436  INFO  manager.ListenerTNG - onTestStart name --> addNewContactAddressBlank
14:05:37.439  INFO  tests.TestBase - Test started with address:  
14:05:37.439  INFO  manager.ListenerWD - Before find element --> By.xpath: //a[@href='/add']
14:05:39.819  INFO  manager.ListenerWD - After find element --> By.xpath: //a[@href='/add']
14:05:39.857  INFO  manager.ListenerWD - Before find element --> By.cssSelector: input[placeholder='Name']
14:05:39.871  INFO  manager.ListenerWD - After find element --> By.cssSelector: input[placeholder='Name']
14:05:39.943  INFO  manager.ListenerWD - Before find element --> By.cssSelector: input[placeholder='Last Name']
14:05:39.956  INFO  manager.ListenerWD - After find element --> By.cssSelector: input[placeholder='Last Name']
14:05:40.025  INFO  manager.ListenerWD - Before find element --> By.cssSelector: input[placeholder='Phone']
14:05:40.037  INFO  manager.ListenerWD - After find element --> By.cssSelector: input[placeholder='Phone']
14:05:40.109  INFO  manager.ListenerWD - Before find element --> By.cssSelector: input[placeholder='email']
14:05:40.121  INFO  manager.ListenerWD - After find element --> By.cssSelector: input[placeholder='email']
14:05:40.196  INFO  manager.ListenerWD - Before find element --> By.cssSelector: input[placeholder='Address']
14:05:40.208  INFO  manager.ListenerWD - After find element --> By.cssSelector: input[placeholder='Address']
14:05:40.277  INFO  manager.ListenerWD - Before find element --> By.cssSelector: input[placeholder='description']
14:05:40.289  INFO  manager.ListenerWD - After find element --> By.cssSelector: input[placeholder='description']
14:05:40.362  INFO  manager.ListenerWD - Before find element --> By.xpath: //b[text()='Save']
14:05:40.373  INFO  manager.ListenerWD - After find element --> By.xpath: //b[text()='Save']
14:05:40.408  INFO  manager.ListenerWD - Before find elements --> By.cssSelector: a[href='/add'][class='active']
14:05:40.421  INFO  manager.ListenerWD - After find elements --> By.cssSelector: a[href='/add'][class='active']
14:05:40.421  INFO  manager.ListenerWD - List size is --> 1
14:05:40.423  INFO  tests.TestBase - Test passed with success
14:05:40.424  INFO  manager.ListenerTNG - onTestSuccess name --> addNewContactAddressBlank
14:05:40.425  INFO  tests.TestBase - The name of method is -->addNewContactAddressNull
14:05:40.425  INFO  manager.ListenerWD - Before find elements --> By.xpath: //button[text()='Sign Out']
14:05:40.433  INFO  manager.ListenerWD - After find elements --> By.xpath: //button[text()='Sign Out']
14:05:40.434  INFO  manager.ListenerWD - List size is --> 1
14:05:40.434  INFO  manager.ListenerTNG - onTestStart name --> addNewContactAddressNull
14:05:40.435  INFO  tests.TestBase - Test started with address: 
14:05:40.435  INFO  manager.ListenerWD - Before find element --> By.xpath: //a[@href='/add']
14:05:40.443  INFO  manager.ListenerWD - After find element --> By.xpath: //a[@href='/add']
14:05:40.473  INFO  manager.ListenerWD - Before find element --> By.cssSelector: input[placeholder='Name']
14:05:40.481  INFO  manager.ListenerWD - After find element --> By.cssSelector: input[placeholder='Name']
14:05:40.544  INFO  manager.ListenerWD - Before find element --> By.cssSelector: input[placeholder='Last Name']
14:05:40.552  INFO  manager.ListenerWD - After find element --> By.cssSelector: input[placeholder='Last Name']
14:05:40.609  INFO  manager.ListenerWD - Before find element --> By.cssSelector: input[placeholder='Phone']
14:05:40.618  INFO  manager.ListenerWD - After find element --> By.cssSelector: input[placeholder='Phone']
14:05:40.677  INFO  manager.ListenerWD - Before find element --> By.cssSelector: input[placeholder='email']
14:05:40.686  INFO  manager.ListenerWD - After find element --> By.cssSelector: input[placeholder='email']
14:05:40.749  INFO  manager.ListenerWD - Before find element --> By.cssSelector: input[placeholder='Address']
14:05:40.758  INFO  manager.ListenerWD - After find element --> By.cssSelector: input[placeholder='Address']
14:05:40.810  INFO  manager.ListenerWD - Before find element --> By.cssSelector: input[placeholder='description']
14:05:40.820  INFO  manager.ListenerWD - After find element --> By.cssSelector: input[placeholder='description']
14:05:40.879  INFO  manager.ListenerWD - Before find element --> By.xpath: //b[text()='Save']
14:05:40.888  INFO  manager.ListenerWD - After find element --> By.xpath: //b[text()='Save']
14:05:40.911  INFO  manager.ListenerWD - Before find elements --> By.cssSelector: a[href='/add'][class='active']
14:05:40.920  INFO  manager.ListenerWD - After find elements --> By.cssSelector: a[href='/add'][class='active']
14:05:40.920  INFO  manager.ListenerWD - List size is --> 1
14:05:40.920  INFO  tests.TestBase - Test passed with success
14:05:40.920  INFO  manager.ListenerTNG - onTestSuccess name --> addNewContactAddressNull
14:05:40.921  INFO  tests.TestBase - The name of method is -->addNewContactBlankEmail
14:05:40.921  INFO  manager.ListenerWD - Before find elements --> By.xpath: //button[text()='Sign Out']
14:05:40.929  INFO  manager.ListenerWD - After find elements --> By.xpath: //button[text()='Sign Out']
14:05:40.929  INFO  manager.ListenerWD - List size is --> 1
14:05:40.929  INFO  manager.ListenerTNG - onTestStart name --> addNewContactBlankEmail
14:05:40.930  INFO  tests.TestBase - Test started with email:  
14:05:40.930  INFO  manager.ListenerWD - Before find element --> By.xpath: //a[@href='/add']
14:05:40.938  INFO  manager.ListenerWD - After find element --> By.xpath: //a[@href='/add']
14:05:40.964  INFO  manager.ListenerWD - Before find element --> By.cssSelector: input[placeholder='Name']
14:05:40.973  INFO  manager.ListenerWD - After find element --> By.cssSelector: input[placeholder='Name']
14:05:41.032  INFO  manager.ListenerWD - Before find element --> By.cssSelector: input[placeholder='Last Name']
14:05:41.041  INFO  manager.ListenerWD - After find element --> By.cssSelector: input[placeholder='Last Name']
14:05:41.096  INFO  manager.ListenerWD - Before find element --> By.cssSelector: input[placeholder='Phone']
14:05:41.104  INFO  manager.ListenerWD - After find element --> By.cssSelector: input[placeholder='Phone']
14:05:41.160  INFO  manager.ListenerWD - Before find element --> By.cssSelector: input[placeholder='email']
14:05:41.168  INFO  manager.ListenerWD - After find element --> By.cssSelector: input[placeholder='email']
14:05:41.219  INFO  manager.ListenerWD - Before find element --> By.cssSelector: input[placeholder='Address']
14:05:41.227  INFO  manager.ListenerWD - After find element --> By.cssSelector: input[placeholder='Address']
14:05:41.283  INFO  manager.ListenerWD - Before find element --> By.cssSelector: input[placeholder='description']
14:05:41.292  INFO  manager.ListenerWD - After find element --> By.cssSelector: input[placeholder='description']
14:05:41.352  INFO  manager.ListenerWD - Before find element --> By.xpath: //b[text()='Save']
14:05:41.361  INFO  manager.ListenerWD - After find element --> By.xpath: //b[text()='Save']
14:05:41.392  INFO  manager.ListenerWD - Test ends with error
14:05:41.392  INFO  manager.ListenerWD - ===================================
14:05:41.392  INFO  manager.ListenerWD - Method name--> alert
14:05:41.393  INFO  manager.ListenerWD - ===================================
14:05:41.393  INFO  manager.ListenerWD - InvocationTargetException cause--> org.openqa.selenium.NoAlertPresentException: no such alert
  (Session info: chrome=109.0.5414.120)
Build info: version: '4.7.1', revision: 'c6795baf1a3'
System info: os.name: 'Windows 10', os.arch: 'amd64', os.version: '10.0', java.version: '11.0.17'
Driver info: org.openqa.selenium.chrome.ChromeDriver
Command: [1068cd2fc4456ac635b5690d6f37e0ed, getAlertText {}]
Capabilities {acceptInsecureCerts: false, browserName: chrome, browserVersion: 109.0.5414.120, chrome: {chromedriverVersion: 109.0.5414.74 (e7c5703604da..., userDataDir: C:\Users\User\AppData\Local...}, goog:chromeOptions: {debuggerAddress: localhost:62255}, networkConnectionEnabled: false, pageLoadStrategy: normal, platformName: WINDOWS, proxy: Proxy(), se:cdp: ws://localhost:62255/devtoo..., se:cdpVersion: 109.0.5414.120, setWindowRect: true, strictFileInteractability: false, timeouts: {implicit: 0, pageLoad: 300000, script: 30000}, unhandledPromptBehavior: dismiss and notify, webauthn:extension:credBlob: true, webauthn:extension:largeBlob: true, webauthn:virtualAuthenticators: true}
Session ID: 1068cd2fc4456ac635b5690d6f37e0ed
14:05:41.393  INFO  manager.ListenerWD - ===================================
14:05:41.393  INFO  manager.ListenerWD - Object target --> org.openqa.selenium.remote.RemoteWebDriver$RemoteTargetLocator@586495f1
14:05:41.394  INFO  manager.ListenerWD - ===================================
Email not valid: должно иметь формат адреса электронной почты
14:05:41.910  INFO  tests.TestBase - Test passed with success
14:05:41.911  INFO  manager.ListenerTNG - onTestSuccess name --> addNewContactBlankEmail
14:05:41.911  INFO  tests.TestBase - The name of method is -->addNewContactBlankLastName
14:05:41.911  INFO  manager.ListenerWD - Before find elements --> By.xpath: //button[text()='Sign Out']
14:05:41.920  INFO  manager.ListenerWD - After find elements --> By.xpath: //button[text()='Sign Out']
14:05:41.920  INFO  manager.ListenerWD - List size is --> 1
14:05:41.920  INFO  manager.ListenerTNG - onTestStart name --> addNewContactBlankLastName
14:05:41.920  INFO  tests.TestBase - Test started with last name:  
14:05:41.921  INFO  manager.ListenerWD - Before find element --> By.xpath: //a[@href='/add']
14:05:41.928  INFO  manager.ListenerWD - After find element --> By.xpath: //a[@href='/add']
14:05:41.952  INFO  manager.ListenerWD - Before find element --> By.cssSelector: input[placeholder='Name']
14:05:41.961  INFO  manager.ListenerWD - After find element --> By.cssSelector: input[placeholder='Name']
14:05:42.017  INFO  manager.ListenerWD - Before find element --> By.cssSelector: input[placeholder='Last Name']
14:05:42.024  INFO  manager.ListenerWD - After find element --> By.cssSelector: input[placeholder='Last Name']
14:05:42.076  INFO  manager.ListenerWD - Before find element --> By.cssSelector: input[placeholder='Phone']
14:05:42.084  INFO  manager.ListenerWD - After find element --> By.cssSelector: input[placeholder='Phone']
14:05:42.141  INFO  manager.ListenerWD - Before find element --> By.cssSelector: input[placeholder='email']
14:05:42.149  INFO  manager.ListenerWD - After find element --> By.cssSelector: input[placeholder='email']
14:05:42.208  INFO  manager.ListenerWD - Before find element --> By.cssSelector: input[placeholder='Address']
14:05:42.216  INFO  manager.ListenerWD - After find element --> By.cssSelector: input[placeholder='Address']
14:05:42.271  INFO  manager.ListenerWD - Before find element --> By.cssSelector: input[placeholder='description']
14:05:42.287  INFO  manager.ListenerWD - After find element --> By.cssSelector: input[placeholder='description']
14:05:42.342  INFO  manager.ListenerWD - Before find element --> By.xpath: //b[text()='Save']
14:05:42.349  INFO  manager.ListenerWD - After find element --> By.xpath: //b[text()='Save']
14:05:42.370  INFO  manager.ListenerWD - Before find elements --> By.cssSelector: a[href='/add'][class='active']
14:05:42.378  INFO  manager.ListenerWD - After find elements --> By.cssSelector: a[href='/add'][class='active']
14:05:42.378  INFO  manager.ListenerWD - List size is --> 1
14:05:42.378  INFO  tests.TestBase - Test passed with success
14:05:42.378  INFO  manager.ListenerTNG - onTestSuccess name --> addNewContactBlankLastName
14:05:42.378  INFO  tests.TestBase - The name of method is -->addNewContactBlankName
14:05:42.379  INFO  manager.ListenerWD - Before find elements --> By.xpath: //button[text()='Sign Out']
14:05:42.386  INFO  manager.ListenerWD - After find elements --> By.xpath: //button[text()='Sign Out']
14:05:42.386  INFO  manager.ListenerWD - List size is --> 1
14:05:42.386  INFO  manager.ListenerTNG - onTestStart name --> addNewContactBlankName
14:05:42.386  INFO  tests.TestBase - Test started with name:  
14:05:42.387  INFO  manager.ListenerWD - Before find element --> By.xpath: //a[@href='/add']
14:05:42.394  INFO  manager.ListenerWD - After find element --> By.xpath: //a[@href='/add']
14:05:42.417  INFO  manager.ListenerWD - Before find element --> By.cssSelector: input[placeholder='Name']
14:05:42.424  INFO  manager.ListenerWD - After find element --> By.cssSelector: input[placeholder='Name']
14:05:42.475  INFO  manager.ListenerWD - Before find element --> By.cssSelector: input[placeholder='Last Name']
14:05:42.482  INFO  manager.ListenerWD - After find element --> By.cssSelector: input[placeholder='Last Name']
14:05:42.533  INFO  manager.ListenerWD - Before find element --> By.cssSelector: input[placeholder='Phone']
14:05:42.542  INFO  manager.ListenerWD - After find element --> By.cssSelector: input[placeholder='Phone']
14:05:42.596  INFO  manager.ListenerWD - Before find element --> By.cssSelector: input[placeholder='email']
14:05:42.604  INFO  manager.ListenerWD - After find element --> By.cssSelector: input[placeholder='email']
14:05:42.661  INFO  manager.ListenerWD - Before find element --> By.cssSelector: input[placeholder='Address']
14:05:42.669  INFO  manager.ListenerWD - After find element --> By.cssSelector: input[placeholder='Address']
14:05:42.725  INFO  manager.ListenerWD - Before find element --> By.cssSelector: input[placeholder='description']
14:05:42.732  INFO  manager.ListenerWD - After find element --> By.cssSelector: input[placeholder='description']
14:05:42.793  INFO  manager.ListenerWD - Before find element --> By.xpath: //b[text()='Save']
14:05:42.801  INFO  manager.ListenerWD - After find element --> By.xpath: //b[text()='Save']
14:05:42.824  INFO  manager.ListenerWD - Before find elements --> By.cssSelector: a[href='/add'][class='active']
14:05:42.832  INFO  manager.ListenerWD - After find elements --> By.cssSelector: a[href='/add'][class='active']
14:05:42.832  INFO  manager.ListenerWD - List size is --> 1
14:05:42.832  INFO  tests.TestBase - Test passed with success
14:05:42.832  INFO  manager.ListenerTNG - onTestSuccess name --> addNewContactBlankName
14:05:42.833  INFO  tests.TestBase - The name of method is -->addNewContactMinimumCharAfterAtEmail
14:05:42.833  INFO  manager.ListenerWD - Before find elements --> By.xpath: //button[text()='Sign Out']
14:05:42.840  INFO  manager.ListenerWD - After find elements --> By.xpath: //button[text()='Sign Out']
14:05:42.841  INFO  manager.ListenerWD - List size is --> 1
14:05:42.841  INFO  manager.ListenerTNG - onTestStart name --> addNewContactMinimumCharAfterAtEmail
14:05:42.842  INFO  tests.TestBase - Test started with email: alinaw1855@
14:05:42.842  INFO  manager.ListenerWD - Before find element --> By.xpath: //a[@href='/add']
14:05:42.849  INFO  manager.ListenerWD - After find element --> By.xpath: //a[@href='/add']
14:05:42.872  INFO  manager.ListenerWD - Before find element --> By.cssSelector: input[placeholder='Name']
14:05:42.879  INFO  manager.ListenerWD - After find element --> By.cssSelector: input[placeholder='Name']
14:05:42.932  INFO  manager.ListenerWD - Before find element --> By.cssSelector: input[placeholder='Last Name']
14:05:42.940  INFO  manager.ListenerWD - After find element --> By.cssSelector: input[placeholder='Last Name']
14:05:42.991  INFO  manager.ListenerWD - Before find element --> By.cssSelector: input[placeholder='Phone']
14:05:42.998  INFO  manager.ListenerWD - After find element --> By.cssSelector: input[placeholder='Phone']
14:05:43.053  INFO  manager.ListenerWD - Before find element --> By.cssSelector: input[placeholder='email']
14:05:43.060  INFO  manager.ListenerWD - After find element --> By.cssSelector: input[placeholder='email']
14:05:43.113  INFO  manager.ListenerWD - Before find element --> By.cssSelector: input[placeholder='Address']
14:05:43.120  INFO  manager.ListenerWD - After find element --> By.cssSelector: input[placeholder='Address']
14:05:43.174  INFO  manager.ListenerWD - Before find element --> By.cssSelector: input[placeholder='description']
14:05:43.181  INFO  manager.ListenerWD - After find element --> By.cssSelector: input[placeholder='description']
14:05:43.238  INFO  manager.ListenerWD - Before find element --> By.xpath: //b[text()='Save']
14:05:43.246  INFO  manager.ListenerWD - After find element --> By.xpath: //b[text()='Save']
14:05:43.270  INFO  manager.ListenerWD - Test ends with error
14:05:43.270  INFO  manager.ListenerWD - ===================================
14:05:43.271  INFO  manager.ListenerWD - Method name--> alert
14:05:43.271  INFO  manager.ListenerWD - ===================================
14:05:43.271  INFO  manager.ListenerWD - InvocationTargetException cause--> org.openqa.selenium.NoAlertPresentException: no such alert
  (Session info: chrome=109.0.5414.120)
Build info: version: '4.7.1', revision: 'c6795baf1a3'
System info: os.name: 'Windows 10', os.arch: 'amd64', os.version: '10.0', java.version: '11.0.17'
Driver info: org.openqa.selenium.chrome.ChromeDriver
Command: [1068cd2fc4456ac635b5690d6f37e0ed, getAlertText {}]
Capabilities {acceptInsecureCerts: false, browserName: chrome, browserVersion: 109.0.5414.120, chrome: {chromedriverVersion: 109.0.5414.74 (e7c5703604da..., userDataDir: C:\Users\User\AppData\Local...}, goog:chromeOptions: {debuggerAddress: localhost:62255}, networkConnectionEnabled: false, pageLoadStrategy: normal, platformName: WINDOWS, proxy: Proxy(), se:cdp: ws://localhost:62255/devtoo..., se:cdpVersion: 109.0.5414.120, setWindowRect: true, strictFileInteractability: false, timeouts: {implicit: 0, pageLoad: 300000, script: 30000}, unhandledPromptBehavior: dismiss and notify, webauthn:extension:credBlob: true, webauthn:extension:largeBlob: true, webauthn:virtualAuthenticators: true}
Session ID: 1068cd2fc4456ac635b5690d6f37e0ed
14:05:43.271  INFO  manager.ListenerWD - ===================================
14:05:43.271  INFO  manager.ListenerWD - Object target --> org.openqa.selenium.remote.RemoteWebDriver$RemoteTargetLocator@7f5ce33e
14:05:43.271  INFO  manager.ListenerWD - ===================================
Email not valid: должно иметь формат адреса электронной почты
14:05:43.784  INFO  tests.TestBase - Test passed with success
14:05:43.784  INFO  manager.ListenerTNG - onTestSuccess name --> addNewContactMinimumCharAfterAtEmail
14:05:43.784  INFO  tests.TestBase - The name of method is -->addNewContactMinimumCharBeforeAtEmail
14:05:43.784  INFO  manager.ListenerWD - Before find elements --> By.xpath: //button[text()='Sign Out']
14:05:43.792  INFO  manager.ListenerWD - After find elements --> By.xpath: //button[text()='Sign Out']
14:05:43.792  INFO  manager.ListenerWD - List size is --> 1
14:05:43.793  INFO  manager.ListenerTNG - onTestStart name --> addNewContactMinimumCharBeforeAtEmail
14:05:43.793  INFO  tests.TestBase - Test started with email: @gmail.com
14:05:43.793  INFO  manager.ListenerWD - Before find element --> By.xpath: //a[@href='/add']
14:05:43.800  INFO  manager.ListenerWD - After find element --> By.xpath: //a[@href='/add']
14:05:43.823  INFO  manager.ListenerWD - Before find element --> By.cssSelector: input[placeholder='Name']
14:05:43.830  INFO  manager.ListenerWD - After find element --> By.cssSelector: input[placeholder='Name']
14:05:43.885  INFO  manager.ListenerWD - Before find element --> By.cssSelector: input[placeholder='Last Name']
14:05:43.893  INFO  manager.ListenerWD - After find element --> By.cssSelector: input[placeholder='Last Name']
14:05:43.947  INFO  manager.ListenerWD - Before find element --> By.cssSelector: input[placeholder='Phone']
14:05:43.954  INFO  manager.ListenerWD - After find element --> By.cssSelector: input[placeholder='Phone']
14:05:44.011  INFO  manager.ListenerWD - Before find element --> By.cssSelector: input[placeholder='email']
14:05:44.020  INFO  manager.ListenerWD - After find element --> By.cssSelector: input[placeholder='email']
14:05:44.079  INFO  manager.ListenerWD - Before find element --> By.cssSelector: input[placeholder='Address']
14:05:44.087  INFO  manager.ListenerWD - After find element --> By.cssSelector: input[placeholder='Address']
14:05:44.145  INFO  manager.ListenerWD - Before find element --> By.cssSelector: input[placeholder='description']
14:05:44.153  INFO  manager.ListenerWD - After find element --> By.cssSelector: input[placeholder='description']
14:05:44.212  INFO  manager.ListenerWD - Before find element --> By.xpath: //b[text()='Save']
14:05:44.219  INFO  manager.ListenerWD - After find element --> By.xpath: //b[text()='Save']
14:05:44.245  INFO  manager.ListenerWD - Test ends with error
14:05:44.245  INFO  manager.ListenerWD - ===================================
14:05:44.245  INFO  manager.ListenerWD - Method name--> alert
14:05:44.245  INFO  manager.ListenerWD - ===================================
14:05:44.245  INFO  manager.ListenerWD - InvocationTargetException cause--> org.openqa.selenium.NoAlertPresentException: no such alert
  (Session info: chrome=109.0.5414.120)
Build info: version: '4.7.1', revision: 'c6795baf1a3'
System info: os.name: 'Windows 10', os.arch: 'amd64', os.version: '10.0', java.version: '11.0.17'
Driver info: org.openqa.selenium.chrome.ChromeDriver
Command: [1068cd2fc4456ac635b5690d6f37e0ed, getAlertText {}]
Capabilities {acceptInsecureCerts: false, browserName: chrome, browserVersion: 109.0.5414.120, chrome: {chromedriverVersion: 109.0.5414.74 (e7c5703604da..., userDataDir: C:\Users\User\AppData\Local...}, goog:chromeOptions: {debuggerAddress: localhost:62255}, networkConnectionEnabled: false, pageLoadStrategy: normal, platformName: WINDOWS, proxy: Proxy(), se:cdp: ws://localhost:62255/devtoo..., se:cdpVersion: 109.0.5414.120, setWindowRect: true, strictFileInteractability: false, timeouts: {implicit: 0, pageLoad: 300000, script: 30000}, unhandledPromptBehavior: dismiss and notify, webauthn:extension:credBlob: true, webauthn:extension:largeBlob: true, webauthn:virtualAuthenticators: true}
Session ID: 1068cd2fc4456ac635b5690d6f37e0ed
14:05:44.245  INFO  manager.ListenerWD - ===================================
14:05:44.245  INFO  manager.ListenerWD - Object target --> org.openqa.selenium.remote.RemoteWebDriver$RemoteTargetLocator@3be80ece
14:05:44.245  INFO  manager.ListenerWD - ===================================
Email not valid: должно иметь формат адреса электронной почты
14:05:44.757  INFO  tests.TestBase - Test passed with success
14:05:44.757  INFO  manager.ListenerTNG - onTestSuccess name --> addNewContactMinimumCharBeforeAtEmail
14:05:44.758  INFO  tests.TestBase - The name of method is -->addNewContactNullLastName
14:05:44.758  INFO  manager.ListenerWD - Before find elements --> By.xpath: //button[text()='Sign Out']
14:05:44.766  INFO  manager.ListenerWD - After find elements --> By.xpath: //button[text()='Sign Out']
14:05:44.766  INFO  manager.ListenerWD - List size is --> 1
14:05:44.766  INFO  manager.ListenerTNG - onTestStart name --> addNewContactNullLastName
14:05:44.766  INFO  tests.TestBase - Test started with last name: 
14:05:44.766  INFO  manager.ListenerWD - Before find element --> By.xpath: //a[@href='/add']
14:05:44.773  INFO  manager.ListenerWD - After find element --> By.xpath: //a[@href='/add']
14:05:44.796  INFO  manager.ListenerWD - Before find element --> By.cssSelector: input[placeholder='Name']
14:05:44.803  INFO  manager.ListenerWD - After find element --> By.cssSelector: input[placeholder='Name']
14:05:44.857  INFO  manager.ListenerWD - Before find element --> By.cssSelector: input[placeholder='Last Name']
14:05:44.864  INFO  manager.ListenerWD - After find element --> By.cssSelector: input[placeholder='Last Name']
14:05:44.913  INFO  manager.ListenerWD - Before find element --> By.cssSelector: input[placeholder='Phone']
14:05:44.920  INFO  manager.ListenerWD - After find element --> By.cssSelector: input[placeholder='Phone']
14:05:44.976  INFO  manager.ListenerWD - Before find element --> By.cssSelector: input[placeholder='email']
14:05:44.984  INFO  manager.ListenerWD - After find element --> By.cssSelector: input[placeholder='email']
14:05:45.045  INFO  manager.ListenerWD - Before find element --> By.cssSelector: input[placeholder='Address']
14:05:45.052  INFO  manager.ListenerWD - After find element --> By.cssSelector: input[placeholder='Address']
14:05:45.104  INFO  manager.ListenerWD - Before find element --> By.cssSelector: input[placeholder='description']
14:05:45.112  INFO  manager.ListenerWD - After find element --> By.cssSelector: input[placeholder='description']
14:05:45.166  INFO  manager.ListenerWD - Before find element --> By.xpath: //b[text()='Save']
14:05:45.174  INFO  manager.ListenerWD - After find element --> By.xpath: //b[text()='Save']
14:05:45.193  INFO  manager.ListenerWD - Before find elements --> By.cssSelector: a[href='/add'][class='active']
14:05:45.200  INFO  manager.ListenerWD - After find elements --> By.cssSelector: a[href='/add'][class='active']
14:05:45.200  INFO  manager.ListenerWD - List size is --> 1
14:05:45.200  INFO  tests.TestBase - Test passed with success
14:05:45.200  INFO  manager.ListenerTNG - onTestSuccess name --> addNewContactNullLastName
14:05:45.201  INFO  tests.TestBase - The name of method is -->addNewContactNullName
14:05:45.201  INFO  manager.ListenerWD - Before find elements --> By.xpath: //button[text()='Sign Out']
14:05:45.207  INFO  manager.ListenerWD - After find elements --> By.xpath: //button[text()='Sign Out']
14:05:45.208  INFO  manager.ListenerWD - List size is --> 1
14:05:45.208  INFO  manager.ListenerTNG - onTestStart name --> addNewContactNullName
14:05:45.208  INFO  tests.TestBase - Test started with name: 
14:05:45.208  INFO  manager.ListenerWD - Before find element --> By.xpath: //a[@href='/add']
14:05:45.215  INFO  manager.ListenerWD - After find element --> By.xpath: //a[@href='/add']
14:05:45.236  INFO  manager.ListenerWD - Before find element --> By.cssSelector: input[placeholder='Name']
14:05:45.243  INFO  manager.ListenerWD - After find element --> By.cssSelector: input[placeholder='Name']
14:05:45.292  INFO  manager.ListenerWD - Before find element --> By.cssSelector: input[placeholder='Last Name']
14:05:45.298  INFO  manager.ListenerWD - After find element --> By.cssSelector: input[placeholder='Last Name']
14:05:45.350  INFO  manager.ListenerWD - Before find element --> By.cssSelector: input[placeholder='Phone']
14:05:45.357  INFO  manager.ListenerWD - After find element --> By.cssSelector: input[placeholder='Phone']
14:05:45.409  INFO  manager.ListenerWD - Test ends with error
14:05:45.409  INFO  manager.ListenerWD - ===================================
14:05:45.409  INFO  manager.ListenerWD - Method name--> sendKeys
14:05:45.409  INFO  manager.ListenerWD - ===================================
14:05:45.409  INFO  manager.ListenerWD - InvocationTargetException cause--> org.openqa.selenium.StaleElementReferenceException: stale element reference: element is not attached to the page document
  (Session info: chrome=109.0.5414.120)
For documentation on this error, please visit: https://selenium.dev/exceptions/#stale_element_reference
Build info: version: '4.7.1', revision: 'c6795baf1a3'
System info: os.name: 'Windows 10', os.arch: 'amd64', os.version: '10.0', java.version: '11.0.17'
Driver info: org.openqa.selenium.chrome.ChromeDriver
Command: [1068cd2fc4456ac635b5690d6f37e0ed, sendKeysToElement {id=887e0a9b-5747-4a4b-9b8a-9148449a7068, value=[Ljava.lang.CharSequence;@40b31a16}]
Capabilities {acceptInsecureCerts: false, browserName: chrome, browserVersion: 109.0.5414.120, chrome: {chromedriverVersion: 109.0.5414.74 (e7c5703604da..., userDataDir: C:\Users\User\AppData\Local...}, goog:chromeOptions: {debuggerAddress: localhost:62255}, networkConnectionEnabled: false, pageLoadStrategy: normal, platformName: WINDOWS, proxy: Proxy(), se:cdp: ws://localhost:62255/devtoo..., se:cdpVersion: 109.0.5414.120, setWindowRect: true, strictFileInteractability: false, timeouts: {implicit: 0, pageLoad: 300000, script: 30000}, unhandledPromptBehavior: dismiss and notify, webauthn:extension:credBlob: true, webauthn:extension:largeBlob: true, webauthn:virtualAuthenticators: true}
Element: [[ChromeDriver: chrome on WINDOWS (1068cd2fc4456ac635b5690d6f37e0ed)] -> css selector: input[placeholder='Phone']]
Session ID: 1068cd2fc4456ac635b5690d6f37e0ed
14:05:45.409  INFO  manager.ListenerWD - ===================================
14:05:45.409  INFO  manager.ListenerWD - Object target --> [[ChromeDriver: chrome on WINDOWS (1068cd2fc4456ac635b5690d6f37e0ed)] -> css selector: input[placeholder='Phone']]
14:05:45.409  INFO  manager.ListenerWD - ===================================
14:05:45.410  INFO  manager.ListenerTNG - onTestFailure name --> addNewContactNullName
14:05:45.411  INFO  tests.TestBase - The name of method is -->addNewContactPhoneBlank
14:05:45.411  INFO  manager.ListenerWD - Before find elements --> By.xpath: //button[text()='Sign Out']
14:05:45.419  INFO  manager.ListenerWD - After find elements --> By.xpath: //button[text()='Sign Out']
14:05:45.419  INFO  manager.ListenerWD - List size is --> 1
14:05:45.419  INFO  manager.ListenerTNG - onTestStart name --> addNewContactPhoneBlank
14:05:45.419  INFO  tests.TestBase - Test started with phone:  
14:05:45.420  INFO  manager.ListenerWD - Before find element --> By.xpath: //a[@href='/add']
14:05:45.427  INFO  manager.ListenerWD - After find element --> By.xpath: //a[@href='/add']
14:05:45.451  INFO  manager.ListenerWD - Before find element --> By.cssSelector: input[placeholder='Name']
14:05:45.458  INFO  manager.ListenerWD - After find element --> By.cssSelector: input[placeholder='Name']
14:05:45.531  INFO  manager.ListenerWD - Before find element --> By.cssSelector: input[placeholder='Last Name']
14:05:45.537  INFO  manager.ListenerWD - After find element --> By.cssSelector: input[placeholder='Last Name']
14:05:45.605  INFO  manager.ListenerWD - Before find element --> By.cssSelector: input[placeholder='Phone']
14:05:45.612  INFO  manager.ListenerWD - After find element --> By.cssSelector: input[placeholder='Phone']
14:05:45.689  INFO  manager.ListenerWD - Before find element --> By.cssSelector: input[placeholder='email']
14:05:45.695  INFO  manager.ListenerWD - After find element --> By.cssSelector: input[placeholder='email']
14:05:45.776  INFO  manager.ListenerWD - Before find element --> By.cssSelector: input[placeholder='Address']
14:05:45.783  INFO  manager.ListenerWD - After find element --> By.cssSelector: input[placeholder='Address']
14:05:45.855  INFO  manager.ListenerWD - Before find element --> By.cssSelector: input[placeholder='description']
14:05:45.862  INFO  manager.ListenerWD - After find element --> By.cssSelector: input[placeholder='description']
14:05:45.934  INFO  manager.ListenerWD - Before find element --> By.xpath: //b[text()='Save']
14:05:45.941  INFO  manager.ListenerWD - After find element --> By.xpath: //b[text()='Save']
14:05:45.978  INFO  manager.ListenerWD - Test ends with error
14:05:45.978  INFO  manager.ListenerWD - ===================================
14:05:45.978  INFO  manager.ListenerWD - Method name--> alert
14:05:45.978  INFO  manager.ListenerWD - ===================================
14:05:45.978  INFO  manager.ListenerWD - InvocationTargetException cause--> org.openqa.selenium.NoAlertPresentException: no such alert
  (Session info: chrome=109.0.5414.120)
Build info: version: '4.7.1', revision: 'c6795baf1a3'
System info: os.name: 'Windows 10', os.arch: 'amd64', os.version: '10.0', java.version: '11.0.17'
Driver info: org.openqa.selenium.chrome.ChromeDriver
Command: [1068cd2fc4456ac635b5690d6f37e0ed, getAlertText {}]
Capabilities {acceptInsecureCerts: false, browserName: chrome, browserVersion: 109.0.5414.120, chrome: {chromedriverVersion: 109.0.5414.74 (e7c5703604da..., userDataDir: C:\Users\User\AppData\Local...}, goog:chromeOptions: {debuggerAddress: localhost:62255}, networkConnectionEnabled: false, pageLoadStrategy: normal, platformName: WINDOWS, proxy: Proxy(), se:cdp: ws://localhost:62255/devtoo..., se:cdpVersion: 109.0.5414.120, setWindowRect: true, strictFileInteractability: false, timeouts: {implicit: 0, pageLoad: 300000, script: 30000}, unhandledPromptBehavior: dismiss and notify, webauthn:extension:credBlob: true, webauthn:extension:largeBlob: true, webauthn:virtualAuthenticators: true}
Session ID: 1068cd2fc4456ac635b5690d6f37e0ed
14:05:45.978  INFO  manager.ListenerWD - ===================================
14:05:45.978  INFO  manager.ListenerWD - Object target --> org.openqa.selenium.remote.RemoteWebDriver$RemoteTargetLocator@ca2cd5e
14:05:45.978  INFO  manager.ListenerWD - ===================================
 Phone not valid: Phone number must contain only digits! And length min 10, max 15!
14:05:46.490  INFO  manager.ListenerWD - Before find elements --> By.cssSelector: a[href='/add'][class='active']
14:05:46.498  INFO  manager.ListenerWD - After find elements --> By.cssSelector: a[href='/add'][class='active']
14:05:46.498  INFO  manager.ListenerWD - List size is --> 1
14:05:46.498  INFO  tests.TestBase - Test passed with success
14:05:46.498  INFO  manager.ListenerTNG - onTestSuccess name --> addNewContactPhoneBlank
14:05:46.498  INFO  tests.TestBase - The name of method is -->addNewContactPhoneMaximumNumbers
14:05:46.498  INFO  manager.ListenerWD - Before find elements --> By.xpath: //button[text()='Sign Out']
14:05:46.506  INFO  manager.ListenerWD - After find elements --> By.xpath: //button[text()='Sign Out']
14:05:46.506  INFO  manager.ListenerWD - List size is --> 1
14:05:46.506  INFO  manager.ListenerTNG - onTestStart name --> addNewContactPhoneMaximumNumbers
14:05:46.506  INFO  tests.TestBase - Test started with phone: 08655555555555555555555
14:05:46.506  INFO  manager.ListenerWD - Before find element --> By.xpath: //a[@href='/add']
14:05:46.513  INFO  manager.ListenerWD - After find element --> By.xpath: //a[@href='/add']
14:05:46.537  INFO  manager.ListenerWD - Before find element --> By.cssSelector: input[placeholder='Name']
14:05:46.544  INFO  manager.ListenerWD - After find element --> By.cssSelector: input[placeholder='Name']
14:05:46.598  INFO  manager.ListenerWD - Before find element --> By.cssSelector: input[placeholder='Last Name']
14:05:46.605  INFO  manager.ListenerWD - After find element --> By.cssSelector: input[placeholder='Last Name']
14:05:46.661  INFO  manager.ListenerWD - Before find element --> By.cssSelector: input[placeholder='Phone']
14:05:46.668  INFO  manager.ListenerWD - After find element --> By.cssSelector: input[placeholder='Phone']
14:05:46.729  INFO  manager.ListenerWD - Before find element --> By.cssSelector: input[placeholder='email']
14:05:46.737  INFO  manager.ListenerWD - After find element --> By.cssSelector: input[placeholder='email']
14:05:46.798  INFO  manager.ListenerWD - Before find element --> By.cssSelector: input[placeholder='Address']
14:05:46.805  INFO  manager.ListenerWD - After find element --> By.cssSelector: input[placeholder='Address']
14:05:46.860  INFO  manager.ListenerWD - Before find element --> By.cssSelector: input[placeholder='description']
14:05:46.866  INFO  manager.ListenerWD - After find element --> By.cssSelector: input[placeholder='description']
14:05:46.924  INFO  manager.ListenerWD - Before find element --> By.xpath: //b[text()='Save']
14:05:46.931  INFO  manager.ListenerWD - After find element --> By.xpath: //b[text()='Save']
14:05:46.954  INFO  manager.ListenerWD - Test ends with error
14:05:46.954  INFO  manager.ListenerWD - ===================================
14:05:46.954  INFO  manager.ListenerWD - Method name--> alert
14:05:46.954  INFO  manager.ListenerWD - ===================================
14:05:46.954  INFO  manager.ListenerWD - InvocationTargetException cause--> org.openqa.selenium.NoAlertPresentException: no such alert
  (Session info: chrome=109.0.5414.120)
Build info: version: '4.7.1', revision: 'c6795baf1a3'
System info: os.name: 'Windows 10', os.arch: 'amd64', os.version: '10.0', java.version: '11.0.17'
Driver info: org.openqa.selenium.chrome.ChromeDriver
Command: [1068cd2fc4456ac635b5690d6f37e0ed, getAlertText {}]
Capabilities {acceptInsecureCerts: false, browserName: chrome, browserVersion: 109.0.5414.120, chrome: {chromedriverVersion: 109.0.5414.74 (e7c5703604da..., userDataDir: C:\Users\User\AppData\Local...}, goog:chromeOptions: {debuggerAddress: localhost:62255}, networkConnectionEnabled: false, pageLoadStrategy: normal, platformName: WINDOWS, proxy: Proxy(), se:cdp: ws://localhost:62255/devtoo..., se:cdpVersion: 109.0.5414.120, setWindowRect: true, strictFileInteractability: false, timeouts: {implicit: 0, pageLoad: 300000, script: 30000}, unhandledPromptBehavior: dismiss and notify, webauthn:extension:credBlob: true, webauthn:extension:largeBlob: true, webauthn:virtualAuthenticators: true}
Session ID: 1068cd2fc4456ac635b5690d6f37e0ed
14:05:46.954  INFO  manager.ListenerWD - ===================================
14:05:46.954  INFO  manager.ListenerWD - Object target --> org.openqa.selenium.remote.RemoteWebDriver$RemoteTargetLocator@45bf93bb
14:05:46.954  INFO  manager.ListenerWD - ===================================
 Phone not valid: Phone number must contain only digits! And length min 10, max 15!
14:05:47.466  INFO  manager.ListenerWD - Before find elements --> By.cssSelector: a[href='/add'][class='active']
14:05:47.473  INFO  manager.ListenerWD - After find elements --> By.cssSelector: a[href='/add'][class='active']
14:05:47.473  INFO  manager.ListenerWD - List size is --> 1
14:05:47.473  INFO  tests.TestBase - Test passed with success
14:05:47.473  INFO  manager.ListenerTNG - onTestSuccess name --> addNewContactPhoneMaximumNumbers
14:05:47.473  INFO  tests.TestBase - The name of method is -->addNewContactPhoneMinimumNumbers
14:05:47.473  INFO  manager.ListenerWD - Before find elements --> By.xpath: //button[text()='Sign Out']
14:05:47.480  INFO  manager.ListenerWD - After find elements --> By.xpath: //button[text()='Sign Out']
14:05:47.480  INFO  manager.ListenerWD - List size is --> 1
14:05:47.480  INFO  manager.ListenerTNG - onTestStart name --> addNewContactPhoneMinimumNumbers
14:05:47.481  INFO  tests.TestBase - Test started with phone: 086555
14:05:47.481  INFO  manager.ListenerWD - Before find element --> By.xpath: //a[@href='/add']
14:05:47.488  INFO  manager.ListenerWD - After find element --> By.xpath: //a[@href='/add']
14:05:47.511  INFO  manager.ListenerWD - Before find element --> By.cssSelector: input[placeholder='Name']
14:05:47.519  INFO  manager.ListenerWD - After find element --> By.cssSelector: input[placeholder='Name']
14:05:47.577  INFO  manager.ListenerWD - Before find element --> By.cssSelector: input[placeholder='Last Name']
14:05:47.584  INFO  manager.ListenerWD - After find element --> By.cssSelector: input[placeholder='Last Name']
14:05:47.633  INFO  manager.ListenerWD - Before find element --> By.cssSelector: input[placeholder='Phone']
14:05:47.640  INFO  manager.ListenerWD - After find element --> By.cssSelector: input[placeholder='Phone']
14:05:47.691  INFO  manager.ListenerWD - Before find element --> By.cssSelector: input[placeholder='email']
14:05:47.699  INFO  manager.ListenerWD - After find element --> By.cssSelector: input[placeholder='email']
14:05:47.755  INFO  manager.ListenerWD - Before find element --> By.cssSelector: input[placeholder='Address']
14:05:47.762  INFO  manager.ListenerWD - After find element --> By.cssSelector: input[placeholder='Address']
14:05:47.812  INFO  manager.ListenerWD - Before find element --> By.cssSelector: input[placeholder='description']
14:05:47.819  INFO  manager.ListenerWD - After find element --> By.cssSelector: input[placeholder='description']
14:05:47.875  INFO  manager.ListenerWD - Before find element --> By.xpath: //b[text()='Save']
14:05:47.882  INFO  manager.ListenerWD - After find element --> By.xpath: //b[text()='Save']
14:05:47.907  INFO  manager.ListenerWD - Test ends with error
14:05:47.907  INFO  manager.ListenerWD - ===================================
14:05:47.907  INFO  manager.ListenerWD - Method name--> alert
14:05:47.907  INFO  manager.ListenerWD - ===================================
14:05:47.907  INFO  manager.ListenerWD - InvocationTargetException cause--> org.openqa.selenium.NoAlertPresentException: no such alert
  (Session info: chrome=109.0.5414.120)
Build info: version: '4.7.1', revision: 'c6795baf1a3'
System info: os.name: 'Windows 10', os.arch: 'amd64', os.version: '10.0', java.version: '11.0.17'
Driver info: org.openqa.selenium.chrome.ChromeDriver
Command: [1068cd2fc4456ac635b5690d6f37e0ed, getAlertText {}]
Capabilities {acceptInsecureCerts: false, browserName: chrome, browserVersion: 109.0.5414.120, chrome: {chromedriverVersion: 109.0.5414.74 (e7c5703604da..., userDataDir: C:\Users\User\AppData\Local...}, goog:chromeOptions: {debuggerAddress: localhost:62255}, networkConnectionEnabled: false, pageLoadStrategy: normal, platformName: WINDOWS, proxy: Proxy(), se:cdp: ws://localhost:62255/devtoo..., se:cdpVersion: 109.0.5414.120, setWindowRect: true, strictFileInteractability: false, timeouts: {implicit: 0, pageLoad: 300000, script: 30000}, unhandledPromptBehavior: dismiss and notify, webauthn:extension:credBlob: true, webauthn:extension:largeBlob: true, webauthn:virtualAuthenticators: true}
Session ID: 1068cd2fc4456ac635b5690d6f37e0ed
14:05:47.908  INFO  manager.ListenerWD - ===================================
14:05:47.908  INFO  manager.ListenerWD - Object target --> org.openqa.selenium.remote.RemoteWebDriver$RemoteTargetLocator@34a33343
14:05:47.908  INFO  manager.ListenerWD - ===================================
 Phone not valid: Phone number must contain only digits! And length min 10, max 15!
14:05:48.418  INFO  manager.ListenerWD - Before find elements --> By.cssSelector: a[href='/add'][class='active']
14:05:48.426  INFO  manager.ListenerWD - After find elements --> By.cssSelector: a[href='/add'][class='active']
14:05:48.426  INFO  manager.ListenerWD - List size is --> 1
14:05:48.426  INFO  tests.TestBase - Test passed with success
14:05:48.426  INFO  manager.ListenerTNG - onTestSuccess name --> addNewContactPhoneMinimumNumbers
14:05:48.426  INFO  tests.TestBase - The name of method is -->addNewContactPhoneNotNumbers
14:05:48.426  INFO  manager.ListenerWD - Before find elements --> By.xpath: //button[text()='Sign Out']
14:05:48.433  INFO  manager.ListenerWD - After find elements --> By.xpath: //button[text()='Sign Out']
14:05:48.433  INFO  manager.ListenerWD - List size is --> 1
14:05:48.433  INFO  manager.ListenerTNG - onTestStart name --> addNewContactPhoneNotNumbers
14:05:48.433  INFO  tests.TestBase - Test started with phone: 086oooooooooo
14:05:48.434  INFO  manager.ListenerWD - Before find element --> By.xpath: //a[@href='/add']
14:05:48.440  INFO  manager.ListenerWD - After find element --> By.xpath: //a[@href='/add']
14:05:48.474  INFO  manager.ListenerWD - Before find element --> By.cssSelector: input[placeholder='Name']
14:05:48.480  INFO  manager.ListenerWD - After find element --> By.cssSelector: input[placeholder='Name']
14:05:48.533  INFO  manager.ListenerWD - Before find element --> By.cssSelector: input[placeholder='Last Name']
14:05:48.540  INFO  manager.ListenerWD - After find element --> By.cssSelector: input[placeholder='Last Name']
14:05:48.592  INFO  manager.ListenerWD - Before find element --> By.cssSelector: input[placeholder='Phone']
14:05:48.598  INFO  manager.ListenerWD - After find element --> By.cssSelector: input[placeholder='Phone']
14:05:48.653  INFO  manager.ListenerWD - Before find element --> By.cssSelector: input[placeholder='email']
14:05:48.661  INFO  manager.ListenerWD - After find element --> By.cssSelector: input[placeholder='email']
14:05:48.716  INFO  manager.ListenerWD - Before find element --> By.cssSelector: input[placeholder='Address']
14:05:48.723  INFO  manager.ListenerWD - After find element --> By.cssSelector: input[placeholder='Address']
14:05:48.771  INFO  manager.ListenerWD - Before find element --> By.cssSelector: input[placeholder='description']
14:05:48.778  INFO  manager.ListenerWD - After find element --> By.cssSelector: input[placeholder='description']
14:05:48.833  INFO  manager.ListenerWD - Before find element --> By.xpath: //b[text()='Save']
14:05:48.839  INFO  manager.ListenerWD - After find element --> By.xpath: //b[text()='Save']
14:05:48.862  INFO  manager.ListenerWD - Test ends with error
14:05:48.862  INFO  manager.ListenerWD - ===================================
14:05:48.862  INFO  manager.ListenerWD - Method name--> alert
14:05:48.862  INFO  manager.ListenerWD - ===================================
14:05:48.862  INFO  manager.ListenerWD - InvocationTargetException cause--> org.openqa.selenium.NoAlertPresentException: no such alert
  (Session info: chrome=109.0.5414.120)
Build info: version: '4.7.1', revision: 'c6795baf1a3'
System info: os.name: 'Windows 10', os.arch: 'amd64', os.version: '10.0', java.version: '11.0.17'
Driver info: org.openqa.selenium.chrome.ChromeDriver
Command: [1068cd2fc4456ac635b5690d6f37e0ed, getAlertText {}]
Capabilities {acceptInsecureCerts: false, browserName: chrome, browserVersion: 109.0.5414.120, chrome: {chromedriverVersion: 109.0.5414.74 (e7c5703604da..., userDataDir: C:\Users\User\AppData\Local...}, goog:chromeOptions: {debuggerAddress: localhost:62255}, networkConnectionEnabled: false, pageLoadStrategy: normal, platformName: WINDOWS, proxy: Proxy(), se:cdp: ws://localhost:62255/devtoo..., se:cdpVersion: 109.0.5414.120, setWindowRect: true, strictFileInteractability: false, timeouts: {implicit: 0, pageLoad: 300000, script: 30000}, unhandledPromptBehavior: dismiss and notify, webauthn:extension:credBlob: true, webauthn:extension:largeBlob: true, webauthn:virtualAuthenticators: true}
Session ID: 1068cd2fc4456ac635b5690d6f37e0ed
14:05:48.862  INFO  manager.ListenerWD - ===================================
14:05:48.862  INFO  manager.ListenerWD - Object target --> org.openqa.selenium.remote.RemoteWebDriver$RemoteTargetLocator@b144175
14:05:48.862  INFO  manager.ListenerWD - ===================================
 Phone not valid: Phone number must contain only digits! And length min 10, max 15!
14:05:49.371  INFO  manager.ListenerWD - Before find elements --> By.cssSelector: a[href='/add'][class='active']
14:05:49.378  INFO  manager.ListenerWD - After find elements --> By.cssSelector: a[href='/add'][class='active']
14:05:49.378  INFO  manager.ListenerWD - List size is --> 1
14:05:49.378  INFO  tests.TestBase - Test passed with success
14:05:49.378  INFO  manager.ListenerTNG - onTestSuccess name --> addNewContactPhoneNotNumbers
14:05:49.379  INFO  tests.TestBase - The name of method is -->addNewContactPhoneNull
14:05:49.379  INFO  manager.ListenerWD - Before find elements --> By.xpath: //button[text()='Sign Out']
14:05:49.385  INFO  manager.ListenerWD - After find elements --> By.xpath: //button[text()='Sign Out']
14:05:49.386  INFO  manager.ListenerWD - List size is --> 1
14:05:49.386  INFO  manager.ListenerTNG - onTestStart name --> addNewContactPhoneNull
14:05:49.386  INFO  tests.TestBase - Test started with phone: 
14:05:49.386  INFO  manager.ListenerWD - Before find element --> By.xpath: //a[@href='/add']
14:05:49.392  INFO  manager.ListenerWD - After find element --> By.xpath: //a[@href='/add']
14:05:49.414  INFO  manager.ListenerWD - Before find element --> By.cssSelector: input[placeholder='Name']
14:05:49.421  INFO  manager.ListenerWD - After find element --> By.cssSelector: input[placeholder='Name']
14:05:49.475  INFO  manager.ListenerWD - Before find element --> By.cssSelector: input[placeholder='Last Name']
14:05:49.482  INFO  manager.ListenerWD - After find element --> By.cssSelector: input[placeholder='Last Name']
14:05:49.533  INFO  manager.ListenerWD - Before find element --> By.cssSelector: input[placeholder='Phone']
14:05:49.540  INFO  manager.ListenerWD - After find element --> By.cssSelector: input[placeholder='Phone']
14:05:49.588  INFO  manager.ListenerWD - Before find element --> By.cssSelector: input[placeholder='email']
14:05:49.595  INFO  manager.ListenerWD - After find element --> By.cssSelector: input[placeholder='email']
14:05:49.651  INFO  manager.ListenerWD - Before find element --> By.cssSelector: input[placeholder='Address']
14:05:49.658  INFO  manager.ListenerWD - After find element --> By.cssSelector: input[placeholder='Address']
14:05:49.707  INFO  manager.ListenerWD - Before find element --> By.cssSelector: input[placeholder='description']
14:05:49.714  INFO  manager.ListenerWD - After find element --> By.cssSelector: input[placeholder='description']
14:05:49.769  INFO  manager.ListenerWD - Before find element --> By.xpath: //b[text()='Save']
14:05:49.776  INFO  manager.ListenerWD - After find element --> By.xpath: //b[text()='Save']
14:05:49.800  INFO  manager.ListenerWD - Test ends with error
14:05:49.800  INFO  manager.ListenerWD - ===================================
14:05:49.800  INFO  manager.ListenerWD - Method name--> alert
14:05:49.800  INFO  manager.ListenerWD - ===================================
14:05:49.800  INFO  manager.ListenerWD - InvocationTargetException cause--> org.openqa.selenium.NoAlertPresentException: no such alert
  (Session info: chrome=109.0.5414.120)
Build info: version: '4.7.1', revision: 'c6795baf1a3'
System info: os.name: 'Windows 10', os.arch: 'amd64', os.version: '10.0', java.version: '11.0.17'
Driver info: org.openqa.selenium.chrome.ChromeDriver
Command: [1068cd2fc4456ac635b5690d6f37e0ed, getAlertText {}]
Capabilities {acceptInsecureCerts: false, browserName: chrome, browserVersion: 109.0.5414.120, chrome: {chromedriverVersion: 109.0.5414.74 (e7c5703604da..., userDataDir: C:\Users\User\AppData\Local...}, goog:chromeOptions: {debuggerAddress: localhost:62255}, networkConnectionEnabled: false, pageLoadStrategy: normal, platformName: WINDOWS, proxy: Proxy(), se:cdp: ws://localhost:62255/devtoo..., se:cdpVersion: 109.0.5414.120, setWindowRect: true, strictFileInteractability: false, timeouts: {implicit: 0, pageLoad: 300000, script: 30000}, unhandledPromptBehavior: dismiss and notify, webauthn:extension:credBlob: true, webauthn:extension:largeBlob: true, webauthn:virtualAuthenticators: true}
Session ID: 1068cd2fc4456ac635b5690d6f37e0ed
14:05:49.800  INFO  manager.ListenerWD - ===================================
14:05:49.800  INFO  manager.ListenerWD - Object target --> org.openqa.selenium.remote.RemoteWebDriver$RemoteTargetLocator@3b8b4846
14:05:49.800  INFO  manager.ListenerWD - ===================================
 Phone not valid: Phone number must contain only digits! And length min 10, max 15!
14:05:50.310  INFO  manager.ListenerWD - Before find elements --> By.cssSelector: a[href='/add'][class='active']
14:05:50.316  INFO  manager.ListenerWD - After find elements --> By.cssSelector: a[href='/add'][class='active']
14:05:50.316  INFO  manager.ListenerWD - List size is --> 1
14:05:50.316  INFO  tests.TestBase - Test passed with success
14:05:50.316  INFO  manager.ListenerTNG - onTestSuccess name --> addNewContactPhoneNull
14:05:50.317  INFO  tests.TestBase - The name of method is -->addNewContactPhoneSpecialChars
14:05:50.317  INFO  manager.ListenerWD - Before find elements --> By.xpath: //button[text()='Sign Out']
14:05:50.323  INFO  manager.ListenerWD - After find elements --> By.xpath: //button[text()='Sign Out']
14:05:50.323  INFO  manager.ListenerWD - List size is --> 1
14:05:50.324  INFO  manager.ListenerTNG - onTestStart name --> addNewContactPhoneSpecialChars
14:05:50.324  INFO  tests.TestBase - Test started with phone: 086$4667876
14:05:50.324  INFO  manager.ListenerWD - Before find element --> By.xpath: //a[@href='/add']
14:05:50.330  INFO  manager.ListenerWD - After find element --> By.xpath: //a[@href='/add']
14:05:50.351  INFO  manager.ListenerWD - Before find element --> By.cssSelector: input[placeholder='Name']
14:05:50.358  INFO  manager.ListenerWD - After find element --> By.cssSelector: input[placeholder='Name']
14:05:50.411  INFO  manager.ListenerWD - Before find element --> By.cssSelector: input[placeholder='Last Name']
14:05:50.418  INFO  manager.ListenerWD - After find element --> By.cssSelector: input[placeholder='Last Name']
14:05:50.469  INFO  manager.ListenerWD - Before find element --> By.cssSelector: input[placeholder='Phone']
14:05:50.476  INFO  manager.ListenerWD - After find element --> By.cssSelector: input[placeholder='Phone']
14:05:50.529  INFO  manager.ListenerWD - Before find element --> By.cssSelector: input[placeholder='email']
14:05:50.536  INFO  manager.ListenerWD - After find element --> By.cssSelector: input[placeholder='email']
14:05:50.594  INFO  manager.ListenerWD - Before find element --> By.cssSelector: input[placeholder='Address']
14:05:50.600  INFO  manager.ListenerWD - After find element --> By.cssSelector: input[placeholder='Address']
14:05:50.650  INFO  manager.ListenerWD - Before find element --> By.cssSelector: input[placeholder='description']
14:05:50.656  INFO  manager.ListenerWD - After find element --> By.cssSelector: input[placeholder='description']
14:05:50.709  INFO  manager.ListenerWD - Before find element --> By.xpath: //b[text()='Save']
14:05:50.715  INFO  manager.ListenerWD - After find element --> By.xpath: //b[text()='Save']
14:05:50.739  INFO  manager.ListenerWD - Test ends with error
14:05:50.739  INFO  manager.ListenerWD - ===================================
14:05:50.739  INFO  manager.ListenerWD - Method name--> alert
14:05:50.739  INFO  manager.ListenerWD - ===================================
14:05:50.739  INFO  manager.ListenerWD - InvocationTargetException cause--> org.openqa.selenium.NoAlertPresentException: no such alert
  (Session info: chrome=109.0.5414.120)
Build info: version: '4.7.1', revision: 'c6795baf1a3'
System info: os.name: 'Windows 10', os.arch: 'amd64', os.version: '10.0', java.version: '11.0.17'
Driver info: org.openqa.selenium.chrome.ChromeDriver
Command: [1068cd2fc4456ac635b5690d6f37e0ed, getAlertText {}]
Capabilities {acceptInsecureCerts: false, browserName: chrome, browserVersion: 109.0.5414.120, chrome: {chromedriverVersion: 109.0.5414.74 (e7c5703604da..., userDataDir: C:\Users\User\AppData\Local...}, goog:chromeOptions: {debuggerAddress: localhost:62255}, networkConnectionEnabled: false, pageLoadStrategy: normal, platformName: WINDOWS, proxy: Proxy(), se:cdp: ws://localhost:62255/devtoo..., se:cdpVersion: 109.0.5414.120, setWindowRect: true, strictFileInteractability: false, timeouts: {implicit: 0, pageLoad: 300000, script: 30000}, unhandledPromptBehavior: dismiss and notify, webauthn:extension:credBlob: true, webauthn:extension:largeBlob: true, webauthn:virtualAuthenticators: true}
Session ID: 1068cd2fc4456ac635b5690d6f37e0ed
14:05:50.739  INFO  manager.ListenerWD - ===================================
14:05:50.739  INFO  manager.ListenerWD - Object target --> org.openqa.selenium.remote.RemoteWebDriver$RemoteTargetLocator@7d47b021
14:05:50.739  INFO  manager.ListenerWD - ===================================
 Phone not valid: Phone number must contain only digits! And length min 10, max 15!
14:05:51.249  INFO  manager.ListenerWD - Before find elements --> By.cssSelector: a[href='/add'][class='active']
14:05:51.256  INFO  manager.ListenerWD - After find elements --> By.cssSelector: a[href='/add'][class='active']
14:05:51.256  INFO  manager.ListenerWD - List size is --> 1
14:05:51.256  INFO  tests.TestBase - Test passed with success
14:05:51.256  INFO  manager.ListenerTNG - onTestSuccess name --> addNewContactPhoneSpecialChars
14:05:51.256  INFO  tests.TestBase - The name of method is -->addNewContactSuccess
14:05:51.257  INFO  manager.ListenerWD - Before find elements --> By.xpath: //button[text()='Sign Out']
14:05:51.264  INFO  manager.ListenerWD - After find elements --> By.xpath: //button[text()='Sign Out']
14:05:51.264  INFO  manager.ListenerWD - List size is --> 1
14:05:51.264  INFO  manager.ListenerTNG - onTestStart name --> addNewContactSuccess
14:05:51.275  INFO  tests.TestBase - Test started with data: Contact(name=Alina1643, lastName=White, phone=0865341643, email=alinaw1643@gmail.com, address=Kyiv, Ukraine, description=Childhood friend)
14:05:51.275  INFO  manager.ListenerWD - Before find element --> By.xpath: //a[@href='/add']
14:05:51.282  INFO  manager.ListenerWD - After find element --> By.xpath: //a[@href='/add']
14:05:51.305  INFO  manager.ListenerWD - Before find element --> By.cssSelector: input[placeholder='Name']
14:05:51.312  INFO  manager.ListenerWD - After find element --> By.cssSelector: input[placeholder='Name']
14:05:51.367  INFO  manager.ListenerWD - Before find element --> By.cssSelector: input[placeholder='Last Name']
14:05:51.374  INFO  manager.ListenerWD - After find element --> By.cssSelector: input[placeholder='Last Name']
14:05:51.425  INFO  manager.ListenerWD - Before find element --> By.cssSelector: input[placeholder='Phone']
14:05:51.432  INFO  manager.ListenerWD - After find element --> By.cssSelector: input[placeholder='Phone']
14:05:51.484  INFO  manager.ListenerWD - Before find element --> By.cssSelector: input[placeholder='email']
14:05:51.490  INFO  manager.ListenerWD - After find element --> By.cssSelector: input[placeholder='email']
14:05:51.547  INFO  manager.ListenerWD - Before find element --> By.cssSelector: input[placeholder='Address']
14:05:51.553  INFO  manager.ListenerWD - After find element --> By.cssSelector: input[placeholder='Address']
14:05:51.607  INFO  manager.ListenerWD - Before find element --> By.cssSelector: input[placeholder='description']
14:05:51.613  INFO  manager.ListenerWD - After find element --> By.cssSelector: input[placeholder='description']
14:05:51.667  INFO  manager.ListenerWD - Before find element --> By.xpath: //b[text()='Save']
14:05:51.673  INFO  manager.ListenerWD - After find element --> By.xpath: //b[text()='Save']
14:05:51.693  INFO  manager.ListenerWD - Before find elements --> By.cssSelector: h2
14:05:52.531  INFO  manager.ListenerWD - After find elements --> By.cssSelector: h2
14:05:52.531  INFO  manager.ListenerWD - List size is --> 109
14:05:52.970  INFO  manager.ListenerWD - Before find elements --> By.cssSelector: h3
14:05:53.186  INFO  manager.ListenerWD - After find elements --> By.cssSelector: h3
14:05:53.186  INFO  manager.ListenerWD - List size is --> 109
14:05:53.686  INFO  manager.ListenerWD - Before find elements --> By.cssSelector: h2
14:05:53.866  INFO  manager.ListenerWD - After find elements --> By.cssSelector: h2
14:05:53.866  INFO  manager.ListenerWD - List size is --> 109
14:05:54.101  INFO  manager.ListenerWD - Before find element --> By.xpath: //div[starts-with(@class,'contact-item-detailed_card')]
14:05:54.112  INFO  manager.ListenerWD - After find element --> By.xpath: //div[starts-with(@class,'contact-item-detailed_card')]
14:05:54.125  INFO  tests.TestBase - Test passed with success
14:05:54.125  INFO  manager.ListenerTNG - onTestSuccess name --> addNewContactSuccess
14:05:54.126  INFO  tests.TestBase - The name of method is -->addNewContactSuccessRequiredFields
14:05:54.126  INFO  manager.ListenerWD - Before find elements --> By.xpath: //button[text()='Sign Out']
14:05:54.132  INFO  manager.ListenerWD - After find elements --> By.xpath: //button[text()='Sign Out']
14:05:54.132  INFO  manager.ListenerWD - List size is --> 1
14:05:54.132  INFO  manager.ListenerTNG - onTestStart name --> addNewContactSuccessRequiredFields
14:05:54.133  INFO  tests.TestBase - Test started with data: Contact(name=Alina1212, lastName=White, phone=0865341212, email=alinaw1212@gmail.com, address=Kyiv, Ukraine, description=null)
14:05:54.133  INFO  manager.ListenerWD - Before find element --> By.xpath: //a[@href='/add']
14:05:54.139  INFO  manager.ListenerWD - After find element --> By.xpath: //a[@href='/add']
14:05:54.167  INFO  manager.ListenerWD - Before find element --> By.cssSelector: input[placeholder='Name']
14:05:54.173  INFO  manager.ListenerWD - After find element --> By.cssSelector: input[placeholder='Name']
14:05:54.245  INFO  manager.ListenerWD - Before find element --> By.cssSelector: input[placeholder='Last Name']
14:05:54.251  INFO  manager.ListenerWD - After find element --> By.cssSelector: input[placeholder='Last Name']
14:05:54.322  INFO  manager.ListenerWD - Before find element --> By.cssSelector: input[placeholder='Phone']
14:05:54.328  INFO  manager.ListenerWD - After find element --> By.cssSelector: input[placeholder='Phone']
14:05:54.403  INFO  manager.ListenerWD - Before find element --> By.cssSelector: input[placeholder='email']
14:05:54.408  INFO  manager.ListenerWD - After find element --> By.cssSelector: input[placeholder='email']
14:05:54.484  INFO  manager.ListenerWD - Before find element --> By.cssSelector: input[placeholder='Address']
14:05:54.491  INFO  manager.ListenerWD - After find element --> By.cssSelector: input[placeholder='Address']
14:05:54.571  INFO  manager.ListenerWD - Before find element --> By.xpath: //b[text()='Save']
14:05:54.577  INFO  manager.ListenerWD - After find element --> By.xpath: //b[text()='Save']
14:05:54.614  INFO  manager.ListenerWD - Before find elements --> By.cssSelector: h2
14:05:55.444  INFO  manager.ListenerWD - After find elements --> By.cssSelector: h2
14:05:55.444  INFO  manager.ListenerWD - List size is --> 110
14:05:56.608  INFO  manager.ListenerWD - Before find elements --> By.cssSelector: h3
14:05:56.779  INFO  manager.ListenerWD - After find elements --> By.cssSelector: h3
14:05:56.779  INFO  manager.ListenerWD - List size is --> 110
14:05:58.104  INFO  manager.ListenerWD - Before find elements --> By.cssSelector: h2
14:05:58.286  INFO  manager.ListenerWD - After find elements --> By.cssSelector: h2
14:05:58.287  INFO  manager.ListenerWD - List size is --> 110
14:05:58.802  INFO  manager.ListenerWD - Before find element --> By.xpath: //div[starts-with(@class,'contact-item-detailed_card')]
14:05:58.809  INFO  manager.ListenerWD - After find element --> By.xpath: //div[starts-with(@class,'contact-item-detailed_card')]
14:05:58.824  INFO  tests.TestBase - Test passed with success
14:05:58.825  INFO  manager.ListenerTNG - onTestSuccess name --> addNewContactSuccessRequiredFields
14:05:58.825  INFO  tests.TestBase - The name of method is -->addNewContactTwoAtEmail
14:05:58.825  INFO  manager.ListenerWD - Before find elements --> By.xpath: //button[text()='Sign Out']
14:05:58.831  INFO  manager.ListenerWD - After find elements --> By.xpath: //button[text()='Sign Out']
14:05:58.831  INFO  manager.ListenerWD - List size is --> 1
14:05:58.831  INFO  manager.ListenerTNG - onTestStart name --> addNewContactTwoAtEmail
14:05:58.832  INFO  tests.TestBase - Test started with email: alinaw1621@@gmail.com
14:05:58.832  INFO  manager.ListenerWD - Before find element --> By.xpath: //a[@href='/add']
14:05:58.837  INFO  manager.ListenerWD - After find element --> By.xpath: //a[@href='/add']
14:05:58.860  INFO  manager.ListenerWD - Before find element --> By.cssSelector: input[placeholder='Name']
14:05:58.866  INFO  manager.ListenerWD - After find element --> By.cssSelector: input[placeholder='Name']
14:05:58.941  INFO  manager.ListenerWD - Before find element --> By.cssSelector: input[placeholder='Last Name']
14:05:58.967  INFO  manager.ListenerWD - After find element --> By.cssSelector: input[placeholder='Last Name']
14:05:59.058  INFO  manager.ListenerWD - Before find element --> By.cssSelector: input[placeholder='Phone']
14:05:59.064  INFO  manager.ListenerWD - After find element --> By.cssSelector: input[placeholder='Phone']
14:05:59.159  INFO  manager.ListenerWD - Before find element --> By.cssSelector: input[placeholder='email']
14:05:59.165  INFO  manager.ListenerWD - After find element --> By.cssSelector: input[placeholder='email']
14:05:59.254  INFO  manager.ListenerWD - Before find element --> By.cssSelector: input[placeholder='Address']
14:05:59.260  INFO  manager.ListenerWD - After find element --> By.cssSelector: input[placeholder='Address']
14:05:59.353  INFO  manager.ListenerWD - Before find element --> By.cssSelector: input[placeholder='description']
14:05:59.365  INFO  manager.ListenerWD - After find element --> By.cssSelector: input[placeholder='description']
14:05:59.453  INFO  manager.ListenerWD - Before find element --> By.xpath: //b[text()='Save']
14:05:59.459  INFO  manager.ListenerWD - After find element --> By.xpath: //b[text()='Save']
14:05:59.498  INFO  manager.ListenerWD - Test ends with error
14:05:59.498  INFO  manager.ListenerWD - ===================================
14:05:59.498  INFO  manager.ListenerWD - Method name--> alert
14:05:59.498  INFO  manager.ListenerWD - ===================================
14:05:59.498  INFO  manager.ListenerWD - InvocationTargetException cause--> org.openqa.selenium.NoAlertPresentException: no such alert
  (Session info: chrome=109.0.5414.120)
Build info: version: '4.7.1', revision: 'c6795baf1a3'
System info: os.name: 'Windows 10', os.arch: 'amd64', os.version: '10.0', java.version: '11.0.17'
Driver info: org.openqa.selenium.chrome.ChromeDriver
Command: [1068cd2fc4456ac635b5690d6f37e0ed, getAlertText {}]
Capabilities {acceptInsecureCerts: false, browserName: chrome, browserVersion: 109.0.5414.120, chrome: {chromedriverVersion: 109.0.5414.74 (e7c5703604da..., userDataDir: C:\Users\User\AppData\Local...}, goog:chromeOptions: {debuggerAddress: localhost:62255}, networkConnectionEnabled: false, pageLoadStrategy: normal, platformName: WINDOWS, proxy: Proxy(), se:cdp: ws://localhost:62255/devtoo..., se:cdpVersion: 109.0.5414.120, setWindowRect: true, strictFileInteractability: false, timeouts: {implicit: 0, pageLoad: 300000, script: 30000}, unhandledPromptBehavior: dismiss and notify, webauthn:extension:credBlob: true, webauthn:extension:largeBlob: true, webauthn:virtualAuthenticators: true}
Session ID: 1068cd2fc4456ac635b5690d6f37e0ed
14:05:59.498  INFO  manager.ListenerWD - ===================================
14:05:59.498  INFO  manager.ListenerWD - Object target --> org.openqa.selenium.remote.RemoteWebDriver$RemoteTargetLocator@7c013560
14:05:59.498  INFO  manager.ListenerWD - ===================================
Email not valid: должно иметь формат адреса электронной почты
14:06:00.008  INFO  tests.TestBase - Test passed with success
14:06:00.008  INFO  manager.ListenerTNG - onTestSuccess name --> addNewContactTwoAtEmail
14:06:00.008  INFO  tests.TestBase - The name of method is -->addNewContactWrongEmail
14:06:00.009  INFO  manager.ListenerWD - Before find elements --> By.xpath: //button[text()='Sign Out']
14:06:00.015  INFO  manager.ListenerWD - After find elements --> By.xpath: //button[text()='Sign Out']
14:06:00.015  INFO  manager.ListenerWD - List size is --> 1
14:06:00.015  INFO  manager.ListenerTNG - onTestStart name --> addNewContactWrongEmail
14:06:00.015  INFO  tests.TestBase - Test started with email: alinaw1102gmail.com
14:06:00.015  INFO  manager.ListenerWD - Before find element --> By.xpath: //a[@href='/add']
14:06:00.021  INFO  manager.ListenerWD - After find element --> By.xpath: //a[@href='/add']
[...]
	at org.testng.internal.invokers.TestInvoker.invokeTestMethods(TestInvoker.java:193)
	at org.testng.internal.invokers.TestMethodWorker.invokeTestMethods(TestMethodWorker.java:146)
	at org.testng.internal.invokers.TestMethodWorker.run(TestMethodWorker.java:128)
	at java.base/java.util.ArrayList.forEach(ArrayList.java:1541)
	at org.testng.TestRunner.privateRun(TestRunner.java:808)
	at org.testng.TestRunner.run(TestRunner.java:603)
	at org.testng.SuiteRunner.runTest(SuiteRunner.java:429)
	at org.testng.SuiteRunner.runSequentially(SuiteRunner.java:423)
	at org.testng.SuiteRunner.privateRun(SuiteRunner.java:383)
	at org.testng.SuiteRunner.run(SuiteRunner.java:326)
	at org.testng.SuiteRunnerWorker.runSuite(SuiteRunnerWorker.java:52)
	at org.testng.SuiteRunnerWorker.run(SuiteRunnerWorker.java:95)
	at org.testng.TestNG.runSuitesSequentially(TestNG.java:1249)
	at org.testng.TestNG.runSuitesLocally(TestNG.java:1169)
	at org.testng.TestNG.runSuites(TestNG.java:1092)
	at org.testng.TestNG.run(TestNG.java:1060)
	at org.gradle.api.internal.tasks.testing.testng.TestNGTestClassProcessor.runTests(TestNGTestClassProcessor.java:146)
	at org.gradle.api.internal.tasks.testing.testng.TestNGTestClassProcessor.stop(TestNGTestClassProcessor.java:91)
	at org.gradle.api.internal.tasks.testing.SuiteTestClassProcessor.stop(SuiteTestClassProcessor.java:61)
	at java.base/jdk.internal.reflect.NativeMethodAccessorImpl.invoke0(Native Method)
	at java.base/jdk.internal.reflect.NativeMethodAccessorImpl.invoke(NativeMethodAccessorImpl.java:62)
	at java.base/jdk.internal.reflect.DelegatingMethodAccessorImpl.invoke(DelegatingMethodAccessorImpl.java:43)
	at java.base/java.lang.reflect.Method.invoke(Method.java:566)
	at org.gradle.internal.dispatch.ReflectionDispatch.dispatch(ReflectionDispatch.java:36)
	at org.gradle.internal.dispatch.ReflectionDispatch.dispatch(ReflectionDispatch.java:24)
	at org.gradle.internal.dispatch.ContextClassLoaderDispatch.dispatch(ContextClassLoaderDispatch.java:33)
	at org.gradle.internal.dispatch.ProxyDispatchAdapter$DispatchingInvocationHandler.invoke(ProxyDispatchAdapter.java:94)
	at com.sun.proxy.$Proxy2.stop(Unknown Source)
	at org.gradle.api.internal.tasks.testing.worker.TestWorker$3.run(TestWorker.java:193)
	at org.gradle.api.internal.tasks.testing.worker.TestWorker.executeAndMaintainThreadName(TestWorker.java:129)
	at org.gradle.api.internal.tasks.testing.worker.TestWorker.execute(TestWorker.java:100)
	at org.gradle.api.internal.tasks.testing.worker.TestWorker.execute(TestWorker.java:60)
	at org.gradle.process.internal.worker.child.ActionExecutionWorker.execute(ActionExecutionWorker.java:56)
	at org.gradle.process.internal.worker.child.SystemApplicationClassLoaderWorker.call(SystemApplicationClassLoaderWorker.java:133)
	at org.gradle.process.internal.worker.child.SystemApplicationClassLoaderWorker.call(SystemApplicationClassLoaderWorker.java:71)
	at worker.org.gradle.process.internal.worker.GradleWorkerMain.run(GradleWorkerMain.java:69)
	at worker.org.gradle.process.internal.worker.GradleWorkerMain.main(GradleWorkerMain.java:74)

февр. 03, 2023 2:05:50 PM org.openqa.selenium.support.events.EventFiringDecorator lambda$onError$2
WARNING: class org.openqa.selenium.remote.RemoteWebDriver$RemoteTargetLocator cannot be cast to class org.openqa.selenium.chrome.ChromeDriver (org.openqa.selenium.remote.RemoteWebDriver$RemoteTargetLocator and org.openqa.selenium.chrome.ChromeDriver are in unnamed module of loader 'app')
java.lang.ClassCastException: class org.openqa.selenium.remote.RemoteWebDriver$RemoteTargetLocator cannot be cast to class org.openqa.selenium.chrome.ChromeDriver (org.openqa.selenium.remote.RemoteWebDriver$RemoteTargetLocator and org.openqa.selenium.chrome.ChromeDriver are in unnamed module of loader 'app')
	at manager.ListenerWD.onError(ListenerWD.java:35)
	at org.openqa.selenium.support.events.EventFiringDecorator.lambda$onError$2(EventFiringDecorator.java:190)
	at java.base/java.util.Arrays$ArrayList.forEach(Arrays.java:4390)
	at org.openqa.selenium.support.events.EventFiringDecorator.onError(EventFiringDecorator.java:188)
	at org.openqa.selenium.support.decorators.DefaultDecorated.onError(DefaultDecorated.java:58)
	at org.openqa.selenium.support.decorators.WebDriverDecorator.lambda$createProxy$0(WebDriverDecorator.java:319)
	at net.bytebuddy.renamed.java.lang.Object$ByteBuddy$9RUVue2I.alert(Unknown Source)
	at org.openqa.selenium.support.ui.ExpectedConditions$28.apply(ExpectedConditions.java:796)
	at org.openqa.selenium.support.ui.ExpectedConditions$28.apply(ExpectedConditions.java:792)
	at org.openqa.selenium.support.ui.FluentWait.until(FluentWait.java:208)
	at manager.HelperContact.isErrorMessageDisplayed(HelperContact.java:80)
	at tests.AddNewContactTests.addNewContactPhoneSpecialChars(AddNewContactTests.java:463)
	at java.base/jdk.internal.reflect.NativeMethodAccessorImpl.invoke0(Native Method)
	at java.base/jdk.internal.reflect.NativeMethodAccessorImpl.invoke(NativeMethodAccessorImpl.java:62)
	at java.base/jdk.internal.reflect.DelegatingMethodAccessorImpl.invoke(DelegatingMethodAccessorImpl.java:43)
	at java.base/java.lang.reflect.Method.invoke(Method.java:566)
	at org.testng.internal.invokers.MethodInvocationHelper.invokeMethod(MethodInvocationHelper.java:135)
	at org.testng.internal.invokers.TestInvoker.invokeMethod(TestInvoker.java:673)
	at org.testng.internal.invokers.TestInvoker.invokeTestMethod(TestInvoker.java:220)
	at org.testng.internal.invokers.MethodRunner.runInSequence(MethodRunner.java:50)
	at org.testng.internal.invokers.TestInvoker$MethodInvocationAgent.invoke(TestInvoker.java:945)
	at org.testng.internal.invokers.TestInvoker.invokeTestMethods(TestInvoker.java:193)
	at org.testng.internal.invokers.TestMethodWorker.invokeTestMethods(TestMethodWorker.java:146)
	at org.testng.internal.invokers.TestMethodWorker.run(TestMethodWorker.java:128)
	at java.base/java.util.ArrayList.forEach(ArrayList.java:1541)
	at org.testng.TestRunner.privateRun(TestRunner.java:808)
	at org.testng.TestRunner.run(TestRunner.java:603)
	at org.testng.SuiteRunner.runTest(SuiteRunner.java:429)
	at org.testng.SuiteRunner.runSequentially(SuiteRunner.java:423)
	at org.testng.SuiteRunner.privateRun(SuiteRunner.java:383)
	at org.testng.SuiteRunner.run(SuiteRunner.java:326)
	at org.testng.SuiteRunnerWorker.runSuite(SuiteRunnerWorker.java:52)
	at org.testng.SuiteRunnerWorker.run(SuiteRunnerWorker.java:95)
	at org.testng.TestNG.runSuitesSequentially(TestNG.java:1249)
	at org.testng.TestNG.runSuitesLocally(TestNG.java:1169)
	at org.testng.TestNG.runSuites(TestNG.java:1092)
	at org.testng.TestNG.run(TestNG.java:1060)
	at org.gradle.api.internal.tasks.testing.testng.TestNGTestClassProcessor.runTests(TestNGTestClassProcessor.java:146)
	at org.gradle.api.internal.tasks.testing.testng.TestNGTestClassProcessor.stop(TestNGTestClassProcessor.java:91)
	at org.gradle.api.internal.tasks.testing.SuiteTestClassProcessor.stop(SuiteTestClassProcessor.java:61)
	at java.base/jdk.internal.reflect.NativeMethodAccessorImpl.invoke0(Native Method)
	at java.base/jdk.internal.reflect.NativeMethodAccessorImpl.invoke(NativeMethodAccessorImpl.java:62)
	at java.base/jdk.internal.reflect.DelegatingMethodAccessorImpl.invoke(DelegatingMethodAccessorImpl.java:43)
	at java.base/java.lang.reflect.Method.invoke(Method.java:566)
	at org.gradle.internal.dispatch.ReflectionDispatch.dispatch(ReflectionDispatch.java:36)
	at org.gradle.internal.dispatch.ReflectionDispatch.dispatch(ReflectionDispatch.java:24)
	at org.gradle.internal.dispatch.ContextClassLoaderDispatch.dispatch(ContextClassLoaderDispatch.java:33)
	at org.gradle.internal.dispatch.ProxyDispatchAdapter$DispatchingInvocationHandler.invoke(ProxyDispatchAdapter.java:94)
	at com.sun.proxy.$Proxy2.stop(Unknown Source)
	at org.gradle.api.internal.tasks.testing.worker.TestWorker$3.run(TestWorker.java:193)
	at org.gradle.api.internal.tasks.testing.worker.TestWorker.executeAndMaintainThreadName(TestWorker.java:129)
	at org.gradle.api.internal.tasks.testing.worker.TestWorker.execute(TestWorker.java:100)
	at org.gradle.api.internal.tasks.testing.worker.TestWorker.execute(TestWorker.java:60)
	at org.gradle.process.internal.worker.child.ActionExecutionWorker.execute(ActionExecutionWorker.java:56)
	at org.gradle.process.internal.worker.child.SystemApplicationClassLoaderWorker.call(SystemApplicationClassLoaderWorker.java:133)
	at org.gradle.process.internal.worker.child.SystemApplicationClassLoaderWorker.call(SystemApplicationClassLoaderWorker.java:71)
	at worker.org.gradle.process.internal.worker.GradleWorkerMain.run(GradleWorkerMain.java:69)
	at worker.org.gradle.process.internal.worker.GradleWorkerMain.main(GradleWorkerMain.java:74)

февр. 03, 2023 2:05:59 PM org.openqa.selenium.support.events.EventFiringDecorator lambda$onError$2
WARNING: class org.openqa.selenium.remote.RemoteWebDriver$RemoteTargetLocator cannot be cast to class org.openqa.selenium.chrome.ChromeDriver (org.openqa.selenium.remote.RemoteWebDriver$RemoteTargetLocator and org.openqa.selenium.chrome.ChromeDriver are in unnamed module of loader 'app')
java.lang.ClassCastException: class org.openqa.selenium.remote.RemoteWebDriver$RemoteTargetLocator cannot be cast to class org.openqa.selenium.chrome.ChromeDriver (org.openqa.selenium.remote.RemoteWebDriver$RemoteTargetLocator and org.openqa.selenium.chrome.ChromeDriver are in unnamed module of loader 'app')
	at manager.ListenerWD.onError(ListenerWD.java:35)
	at org.openqa.selenium.support.events.EventFiringDecorator.lambda$onError$2(EventFiringDecorator.java:190)
	at java.base/java.util.Arrays$ArrayList.forEach(Arrays.java:4390)
	at org.openqa.selenium.support.events.EventFiringDecorator.onError(EventFiringDecorator.java:188)
	at org.openqa.selenium.support.decorators.DefaultDecorated.onError(DefaultDecorated.java:58)
	at org.openqa.selenium.support.decorators.WebDriverDecorator.lambda$createProxy$0(WebDriverDecorator.java:319)
	at net.bytebuddy.renamed.java.lang.Object$ByteBuddy$xnwaONUx.alert(Unknown Source)
	at org.openqa.selenium.support.ui.ExpectedConditions$28.apply(ExpectedConditions.java:796)
	at org.openqa.selenium.support.ui.ExpectedConditions$28.apply(ExpectedConditions.java:792)
	at org.openqa.selenium.support.ui.FluentWait.until(FluentWait.java:208)
	at manager.HelperContact.isErrorMessageDisplayed(HelperContact.java:80)
	at tests.AddNewContactTests.addNewContactTwoAtEmail(AddNewContactTests.java:135)
	at java.base/jdk.internal.reflect.NativeMethodAccessorImpl.invoke0(Native Method)
	at java.base/jdk.internal.reflect.NativeMethodAccessorImpl.invoke(NativeMethodAccessorImpl.java:62)
	at java.base/jdk.internal.reflect.DelegatingMethodAccessorImpl.invoke(DelegatingMethodAccessorImpl.java:43)
	at java.base/java.lang.reflect.Method.invoke(Method.java:566)
	at org.testng.internal.invokers.MethodInvocationHelper.invokeMethod(MethodInvocationHelper.java:135)
	at org.testng.internal.invokers.TestInvoker.invokeMethod(TestInvoker.java:673)
	at org.testng.internal.invokers.TestInvoker.invokeTestMethod(TestInvoker.java:220)
	at org.testng.internal.invokers.MethodRunner.runInSequence(MethodRunner.java:50)
	at org.testng.internal.invokers.TestInvoker$MethodInvocationAgent.invoke(TestInvoker.java:945)
	at org.testng.internal.invokers.TestInvoker.invokeTestMethods(TestInvoker.java:193)
	at org.testng.internal.invokers.TestMethodWorker.invokeTestMethods(TestMethodWorker.java:146)
	at org.testng.internal.invokers.TestMethodWorker.run(TestMethodWorker.java:128)
	at java.base/java.util.ArrayList.forEach(ArrayList.java:1541)
	at org.testng.TestRunner.privateRun(TestRunner.java:808)
	at org.testng.TestRunner.run(TestRunner.java:603)
	at org.testng.SuiteRunner.runTest(SuiteRunner.java:429)
	at org.testng.SuiteRunner.runSequentially(SuiteRunner.java:423)
	at org.testng.SuiteRunner.privateRun(SuiteRunner.java:383)
	at org.testng.SuiteRunner.run(SuiteRunner.java:326)
	at org.testng.SuiteRunnerWorker.runSuite(SuiteRunnerWorker.java:52)
	at org.testng.SuiteRunnerWorker.run(SuiteRunnerWorker.java:95)
	at org.testng.TestNG.runSuitesSequentially(TestNG.java:1249)
	at org.testng.TestNG.runSuitesLocally(TestNG.java:1169)
	at org.testng.TestNG.runSuites(TestNG.java:1092)
	at org.testng.TestNG.run(TestNG.java:1060)
	at org.gradle.api.internal.tasks.testing.testng.TestNGTestClassProcessor.runTests(TestNGTestClassProcessor.java:146)
	at org.gradle.api.internal.tasks.testing.testng.TestNGTestClassProcessor.stop(TestNGTestClassProcessor.java:91)
	at org.gradle.api.internal.tasks.testing.SuiteTestClassProcessor.stop(SuiteTestClassProcessor.java:61)
	at java.base/jdk.internal.reflect.NativeMethodAccessorImpl.invoke0(Native Method)
	at java.base/jdk.internal.reflect.NativeMethodAccessorImpl.invoke(NativeMethodAccessorImpl.java:62)
	at java.base/jdk.internal.reflect.DelegatingMethodAccessorImpl.invoke(DelegatingMethodAccessorImpl.java:43)
	at java.base/java.lang.reflect.Method.invoke(Method.java:566)
	at org.gradle.internal.dispatch.ReflectionDispatch.dispatch(ReflectionDispatch.java:36)
	at org.gradle.internal.dispatch.ReflectionDispatch.dispatch(ReflectionDispatch.java:24)
	at org.gradle.internal.dispatch.ContextClassLoaderDispatch.dispatch(ContextClassLoaderDispatch.java:33)
	at org.gradle.internal.dispatch.ProxyDispatchAdapter$DispatchingInvocationHandler.invoke(ProxyDispatchAdapter.java:94)
	at com.sun.proxy.$Proxy2.stop(Unknown Source)
	at org.gradle.api.internal.tasks.testing.worker.TestWorker$3.run(TestWorker.java:193)
	at org.gradle.api.internal.tasks.testing.worker.TestWorker.executeAndMaintainThreadName(TestWorker.java:129)
	at org.gradle.api.internal.tasks.testing.worker.TestWorker.execute(TestWorker.java:100)
	at org.gradle.api.internal.tasks.testing.worker.TestWorker.execute(TestWorker.java:60)
	at org.gradle.process.internal.worker.child.ActionExecutionWorker.execute(ActionExecutionWorker.java:56)
	at org.gradle.process.internal.worker.child.SystemApplicationClassLoaderWorker.call(SystemApplicationClassLoaderWorker.java:133)
	at org.gradle.process.internal.worker.child.SystemApplicationClassLoaderWorker.call(SystemApplicationClassLoaderWorker.java:71)
	at worker.org.gradle.process.internal.worker.GradleWorkerMain.run(GradleWorkerMain.java:69)
	at worker.org.gradle.process.internal.worker.GradleWorkerMain.main(GradleWorkerMain.java:74)

февр. 03, 2023 2:06:00 PM org.openqa.selenium.support.events.EventFiringDecorator lambda$onError$2
WARNING: class org.openqa.selenium.remote.RemoteWebDriver$RemoteTargetLocator cannot be cast to class org.openqa.selenium.chrome.ChromeDriver (org.openqa.selenium.remote.RemoteWebDriver$RemoteTargetLocator and org.openqa.selenium.chrome.ChromeDriver are in unnamed module of loader 'app')
java.lang.ClassCastException: class org.openqa.selenium.remote.RemoteWebDriver$RemoteTargetLocator cannot be cast to class org.openqa.selenium.chrome.ChromeDriver (org.openqa.selenium.remote.RemoteWebDriver$RemoteTargetLocator and org.openqa.selenium.chrome.ChromeDriver are in unnamed module of loader 'app')
	at manager.ListenerWD.onError(ListenerWD.java:35)
	at org.openqa.selenium.support.events.EventFiringDecorator.lambda$onError$2(EventFiringDecorator.java:190)
	at java.base/java.util.Arrays$ArrayList.forEach(Arrays.java:4390)
	at org.openqa.selenium.support.events.EventFiringDecorator.onError(EventFiringDecorator.java:188)
	at org.openqa.selenium.support.decorators.DefaultDecorated.onError(DefaultDecorated.java:58)
	at org.openqa.selenium.support.decorators.WebDriverDecorator.lambda$createProxy$0(WebDriverDecorator.java:319)
	at net.bytebuddy.renamed.java.lang.Object$ByteBuddy$pnET101z.alert(Unknown Source)
	at org.openqa.selenium.support.ui.ExpectedConditions$28.apply(ExpectedConditions.java:796)
	at org.openqa.selenium.support.ui.ExpectedConditions$28.apply(ExpectedConditions.java:792)
	at org.openqa.selenium.support.ui.FluentWait.until(FluentWait.java:208)
	at manager.HelperContact.isErrorMessageDisplayed(HelperContact.java:80)
	at tests.AddNewContactTests.addNewContactWrongEmail(AddNewContactTests.java:77)
	at java.base/jdk.internal.reflect.NativeMethodAccessorImpl.invoke0(Native Method)
	at java.base/jdk.internal.reflect.NativeMethodAccessorImpl.invoke(NativeMethodAccessorImpl.java:62)
	at java.base/jdk.internal.reflect.DelegatingMethodAccessorImpl.invoke(DelegatingMethodAccessorImpl.java:43)
	at java.base/java.lang.reflect.Method.invoke(Method.java:566)
	at org.testng.internal.invokers.MethodInvocationHelper.invokeMethod(MethodInvocationHelper.java:135)
	at org.testng.internal.invokers.TestInvoker.invokeMethod(TestInvoker.java:673)
	at org.testng.internal.invokers.TestInvoker.invokeTestMethod(TestInvoker.java:220)
	at org.testng.internal.invokers.MethodRunner.runInSequence(MethodRunner.java:50)
	at org.testng.internal.invokers.TestInvoker$MethodInvocationAgent.invoke(TestInvoker.java:945)
	at org.testng.internal.invokers.TestInvoker.invokeTestMethods(TestInvoker.java:193)
	at org.testng.internal.invokers.TestMethodWorker.invokeTestMethods(TestMethodWorker.java:146)
	at org.testng.internal.invokers.TestMethodWorker.run(TestMethodWorker.java:128)
	at java.base/java.util.ArrayList.forEach(ArrayList.java:1541)
	at org.testng.TestRunner.privateRun(TestRunner.java:808)
	at org.testng.TestRunner.run(TestRunner.java:603)
	at org.testng.SuiteRunner.runTest(SuiteRunner.java:429)
	at org.testng.SuiteRunner.runSequentially(SuiteRunner.java:423)
	at org.testng.SuiteRunner.privateRun(SuiteRunner.java:383)
	at org.testng.SuiteRunner.run(SuiteRunner.java:326)
	at org.testng.SuiteRunnerWorker.runSuite(SuiteRunnerWorker.java:52)
	at org.testng.SuiteRunnerWorker.run(SuiteRunnerWorker.java:95)
	at org.testng.TestNG.runSuitesSequentially(TestNG.java:1249)
	at org.testng.TestNG.runSuitesLocally(TestNG.java:1169)
	at org.testng.TestNG.runSuites(TestNG.java:1092)
	at org.testng.TestNG.run(TestNG.java:1060)
	at org.gradle.api.internal.tasks.testing.testng.TestNGTestClassProcessor.runTests(TestNGTestClassProcessor.java:146)
	at org.gradle.api.internal.tasks.testing.testng.TestNGTestClassProcessor.stop(TestNGTestClassProcessor.java:91)
	at org.gradle.api.internal.tasks.testing.SuiteTestClassProcessor.stop(SuiteTestClassProcessor.java:61)
	at java.base/jdk.internal.reflect.NativeMethodAccessorImpl.invoke0(Native Method)
	at java.base/jdk.internal.reflect.NativeMethodAccessorImpl.invoke(NativeMethodAccessorImpl.java:62)
	at java.base/jdk.internal.reflect.DelegatingMethodAccessorImpl.invoke(DelegatingMethodAccessorImpl.java:43)
	at java.base/java.lang.reflect.Method.invoke(Method.java:566)
	at org.gradle.internal.dispatch.ReflectionDispatch.dispatch(ReflectionDispatch.java:36)
	at org.gradle.internal.dispatch.ReflectionDispatch.dispatch(ReflectionDispatch.java:24)
	at org.gradle.internal.dispatch.ContextClassLoaderDispatch.dispatch(ContextClassLoaderDispatch.java:33)
	at org.gradle.internal.dispatch.ProxyDispatchAdapter$DispatchingInvocationHandler.invoke(ProxyDispatchAdapter.java:94)
	at com.sun.proxy.$Proxy2.stop(Unknown Source)
	at org.gradle.api.internal.tasks.testing.worker.TestWorker$3.run(TestWorker.java:193)
	at org.gradle.api.internal.tasks.testing.worker.TestWorker.executeAndMaintainThreadName(TestWorker.java:129)
	at org.gradle.api.internal.tasks.testing.worker.TestWorker.execute(TestWorker.java:100)
	at org.gradle.api.internal.tasks.testing.worker.TestWorker.execute(TestWorker.java:60)
	at org.gradle.process.internal.worker.child.ActionExecutionWorker.execute(ActionExecutionWorker.java:56)
	at org.gradle.process.internal.worker.child.SystemApplicationClassLoaderWorker.call(SystemApplicationClassLoaderWorker.java:133)
	at org.gradle.process.internal.worker.child.SystemApplicationClassLoaderWorker.call(SystemApplicationClassLoaderWorker.java:71)
	at worker.org.gradle.process.internal.worker.GradleWorkerMain.run(GradleWorkerMain.java:69)
	at worker.org.gradle.process.internal.worker.GradleWorkerMain.main(GradleWorkerMain.java:74)

]]></system-err>
</testsuite>
