12:59:33.064  INFO  manager.ApplicationManager - All tests start in Chrome Browser
12:59:34.052  INFO  manager.ApplicationManager - Current url -->https://telranedu.web.app/home
12:59:34.054  INFO  manager.ListenerTNG - onStart name --> Gradle test
12:59:34.069  INFO  tests.TestBase - The name of method is -->addNewContactAddressBlank
12:59:34.070  INFO  manager.ListenerWD - Before find elements --> By.xpath: //button[text()='Sign Out']
12:59:39.078  INFO  manager.ListenerWD - After find elements --> By.xpath: //button[text()='Sign Out']
12:59:39.079  INFO  manager.ListenerWD - List size is --> 0
12:59:39.080  INFO  manager.ListenerWD - Before find element --> By.cssSelector: a[href='/login']
12:59:39.097  INFO  manager.ListenerWD - After find element --> By.cssSelector: a[href='/login']
12:59:39.136  INFO  manager.ListenerWD - Before find element --> By.cssSelector: input[name='email']
12:59:39.151  INFO  manager.ListenerWD - After find element --> By.cssSelector: input[name='email']
12:59:39.239  INFO  manager.ListenerWD - Before find element --> By.cssSelector: input[name='password']
12:59:39.253  INFO  manager.ListenerWD - After find element --> By.cssSelector: input[name='password']
12:59:39.331  INFO  manager.ListenerWD - Before find element --> By.cssSelector: button[name='login']
12:59:39.345  INFO  manager.ListenerWD - After find element --> By.cssSelector: button[name='login']
12:59:39.383  INFO  manager.ListenerTNG - onTestStart name --> addNewContactAddressBlank
12:59:39.386  INFO  tests.TestBase - Test started with address:  
12:59:39.386  INFO  manager.ListenerWD - Before find element --> By.xpath: //a[@href='/add']
12:59:40.556  INFO  manager.ListenerWD - After find element --> By.xpath: //a[@href='/add']
12:59:40.595  INFO  manager.ListenerWD - Before find element --> By.cssSelector: input[placeholder='Name']
12:59:40.610  INFO  manager.ListenerWD - After find element --> By.cssSelector: input[placeholder='Name']
12:59:40.686  INFO  manager.ListenerWD - Before find element --> By.cssSelector: input[placeholder='Last Name']
12:59:40.700  INFO  manager.ListenerWD - After find element --> By.cssSelector: input[placeholder='Last Name']
12:59:40.768  INFO  manager.ListenerWD - Before find element --> By.cssSelector: input[placeholder='Phone']
12:59:40.779  INFO  manager.ListenerWD - After find element --> By.cssSelector: input[placeholder='Phone']
12:59:40.850  INFO  manager.ListenerWD - Before find element --> By.cssSelector: input[placeholder='email']
12:59:40.863  INFO  manager.ListenerWD - After find element --> By.cssSelector: input[placeholder='email']
12:59:40.938  INFO  manager.ListenerWD - Before find element --> By.cssSelector: input[placeholder='Address']
12:59:40.950  INFO  manager.ListenerWD - After find element --> By.cssSelector: input[placeholder='Address']
12:59:41.019  INFO  manager.ListenerWD - Before find element --> By.cssSelector: input[placeholder='description']
12:59:41.031  INFO  manager.ListenerWD - After find element --> By.cssSelector: input[placeholder='description']
12:59:41.111  INFO  manager.ListenerWD - Before find element --> By.xpath: //b[text()='Save']
12:59:41.123  INFO  manager.ListenerWD - After find element --> By.xpath: //b[text()='Save']
12:59:41.156  INFO  manager.ListenerWD - Before find elements --> By.cssSelector: a[href='/add'][class='active']
12:59:41.168  INFO  manager.ListenerWD - After find elements --> By.cssSelector: a[href='/add'][class='active']
12:59:41.168  INFO  manager.ListenerWD - List size is --> 1
12:59:41.170  INFO  tests.TestBase - Test passed with success
12:59:41.171  INFO  manager.ListenerTNG - onTestSuccess name --> addNewContactAddressBlank
12:59:41.172  INFO  tests.TestBase - The name of method is -->addNewContactAddressNull
12:59:41.172  INFO  manager.ListenerWD - Before find elements --> By.xpath: //button[text()='Sign Out']
12:59:41.180  INFO  manager.ListenerWD - After find elements --> By.xpath: //button[text()='Sign Out']
12:59:41.181  INFO  manager.ListenerWD - List size is --> 1
12:59:41.181  INFO  manager.ListenerTNG - onTestStart name --> addNewContactAddressNull
12:59:41.181  INFO  tests.TestBase - Test started with address: 
12:59:41.181  INFO  manager.ListenerWD - Before find element --> By.xpath: //a[@href='/add']
12:59:41.189  INFO  manager.ListenerWD - After find element --> By.xpath: //a[@href='/add']
12:59:41.219  INFO  manager.ListenerWD - Before find element --> By.cssSelector: input[placeholder='Name']
12:59:41.227  INFO  manager.ListenerWD - After find element --> By.cssSelector: input[placeholder='Name']
12:59:41.292  INFO  manager.ListenerWD - Before find element --> By.cssSelector: input[placeholder='Last Name']
12:59:41.302  INFO  manager.ListenerWD - After find element --> By.cssSelector: input[placeholder='Last Name']
12:59:41.361  INFO  manager.ListenerWD - Before find element --> By.cssSelector: input[placeholder='Phone']
12:59:41.370  INFO  manager.ListenerWD - After find element --> By.cssSelector: input[placeholder='Phone']
12:59:41.431  INFO  manager.ListenerWD - Before find element --> By.cssSelector: input[placeholder='email']
12:59:41.440  INFO  manager.ListenerWD - After find element --> By.cssSelector: input[placeholder='email']
12:59:41.506  INFO  manager.ListenerWD - Before find element --> By.cssSelector: input[placeholder='Address']
12:59:41.515  INFO  manager.ListenerWD - After find element --> By.cssSelector: input[placeholder='Address']
12:59:41.570  INFO  manager.ListenerWD - Before find element --> By.cssSelector: input[placeholder='description']
12:59:41.579  INFO  manager.ListenerWD - After find element --> By.cssSelector: input[placeholder='description']
12:59:41.640  INFO  manager.ListenerWD - Before find element --> By.xpath: //b[text()='Save']
12:59:41.649  INFO  manager.ListenerWD - After find element --> By.xpath: //b[text()='Save']
12:59:41.672  INFO  manager.ListenerWD - Before find elements --> By.cssSelector: a[href='/add'][class='active']
12:59:41.681  INFO  manager.ListenerWD - After find elements --> By.cssSelector: a[href='/add'][class='active']
12:59:41.681  INFO  manager.ListenerWD - List size is --> 1
12:59:41.681  INFO  tests.TestBase - Test passed with success
12:59:41.681  INFO  manager.ListenerTNG - onTestSuccess name --> addNewContactAddressNull
12:59:41.682  INFO  tests.TestBase - The name of method is -->addNewContactBlankEmail
12:59:41.682  INFO  manager.ListenerWD - Before find elements --> By.xpath: //button[text()='Sign Out']
12:59:41.690  INFO  manager.ListenerWD - After find elements --> By.xpath: //button[text()='Sign Out']
12:59:41.691  INFO  manager.ListenerWD - List size is --> 1
12:59:41.691  INFO  manager.ListenerTNG - onTestStart name --> addNewContactBlankEmail
12:59:41.691  INFO  tests.TestBase - Test started with email:  
12:59:41.692  INFO  manager.ListenerWD - Before find element --> By.xpath: //a[@href='/add']
12:59:41.700  INFO  manager.ListenerWD - After find element --> By.xpath: //a[@href='/add']
12:59:41.727  INFO  manager.ListenerWD - Before find element --> By.cssSelector: input[placeholder='Name']
12:59:41.737  INFO  manager.ListenerWD - After find element --> By.cssSelector: input[placeholder='Name']
12:59:41.796  INFO  manager.ListenerWD - Before find element --> By.cssSelector: input[placeholder='Last Name']
12:59:41.805  INFO  manager.ListenerWD - After find element --> By.cssSelector: input[placeholder='Last Name']
12:59:41.861  INFO  manager.ListenerWD - Before find element --> By.cssSelector: input[placeholder='Phone']
12:59:41.869  INFO  manager.ListenerWD - After find element --> By.cssSelector: input[placeholder='Phone']
12:59:41.925  INFO  manager.ListenerWD - Before find element --> By.cssSelector: input[placeholder='email']
12:59:41.934  INFO  manager.ListenerWD - After find element --> By.cssSelector: input[placeholder='email']
12:59:41.986  INFO  manager.ListenerWD - Before find element --> By.cssSelector: input[placeholder='Address']
12:59:41.994  INFO  manager.ListenerWD - After find element --> By.cssSelector: input[placeholder='Address']
12:59:42.053  INFO  manager.ListenerWD - Before find element --> By.cssSelector: input[placeholder='description']
12:59:42.061  INFO  manager.ListenerWD - After find element --> By.cssSelector: input[placeholder='description']
12:59:42.122  INFO  manager.ListenerWD - Before find element --> By.xpath: //b[text()='Save']
12:59:42.131  INFO  manager.ListenerWD - After find element --> By.xpath: //b[text()='Save']
12:59:42.162  INFO  manager.ListenerWD - Test ends with error
12:59:42.162  INFO  manager.ListenerWD - ===================================
12:59:42.162  INFO  manager.ListenerWD - Method name--> alert
12:59:42.162  INFO  manager.ListenerWD - ===================================
12:59:42.163  INFO  manager.ListenerWD - InvocationTargetException cause--> org.openqa.selenium.NoAlertPresentException: no such alert
  (Session info: chrome=109.0.5414.120)
Build info: version: '4.7.1', revision: 'c6795baf1a3'
System info: os.name: 'Windows 10', os.arch: 'amd64', os.version: '10.0', java.version: '11.0.17'
Driver info: org.openqa.selenium.chrome.ChromeDriver
Command: [3e9fbe1abd788771ad7aaf9d0aefed46, getAlertText {}]
Capabilities {acceptInsecureCerts: false, browserName: chrome, browserVersion: 109.0.5414.120, chrome: {chromedriverVersion: 109.0.5414.74 (e7c5703604da..., userDataDir: C:\Users\User\AppData\Local...}, goog:chromeOptions: {debuggerAddress: localhost:63748}, networkConnectionEnabled: false, pageLoadStrategy: normal, platformName: WINDOWS, proxy: Proxy(), se:cdp: ws://localhost:63748/devtoo..., se:cdpVersion: 109.0.5414.120, setWindowRect: true, strictFileInteractability: false, timeouts: {implicit: 0, pageLoad: 300000, script: 30000}, unhandledPromptBehavior: dismiss and notify, webauthn:extension:credBlob: true, webauthn:extension:largeBlob: true, webauthn:virtualAuthenticators: true}
Session ID: 3e9fbe1abd788771ad7aaf9d0aefed46
12:59:42.163  INFO  manager.ListenerWD - ===================================
12:59:42.163  INFO  manager.ListenerWD - Object target --> org.openqa.selenium.remote.RemoteWebDriver$RemoteTargetLocator@4c319d52
12:59:42.163  INFO  manager.ListenerWD - ===================================
12:59:42.680  INFO  tests.TestBase - Test passed with success
12:59:42.680  INFO  manager.ListenerTNG - onTestSuccess name --> addNewContactBlankEmail
12:59:42.680  INFO  tests.TestBase - The name of method is -->addNewContactBlankLastName
12:59:42.681  INFO  manager.ListenerWD - Before find elements --> By.xpath: //button[text()='Sign Out']
12:59:42.689  INFO  manager.ListenerWD - After find elements --> By.xpath: //button[text()='Sign Out']
12:59:42.689  INFO  manager.ListenerWD - List size is --> 1
12:59:42.689  INFO  manager.ListenerTNG - onTestStart name --> addNewContactBlankLastName
12:59:42.690  INFO  tests.TestBase - Test started with last name:  
12:59:42.690  INFO  manager.ListenerWD - Before find element --> By.xpath: //a[@href='/add']
12:59:42.698  INFO  manager.ListenerWD - After find element --> By.xpath: //a[@href='/add']
12:59:42.723  INFO  manager.ListenerWD - Before find element --> By.cssSelector: input[placeholder='Name']
12:59:42.730  INFO  manager.ListenerWD - After find element --> By.cssSelector: input[placeholder='Name']
12:59:42.790  INFO  manager.ListenerWD - Before find element --> By.cssSelector: input[placeholder='Last Name']
12:59:42.798  INFO  manager.ListenerWD - After find element --> By.cssSelector: input[placeholder='Last Name']
12:59:42.849  INFO  manager.ListenerWD - Before find element --> By.cssSelector: input[placeholder='Phone']
12:59:42.857  INFO  manager.ListenerWD - After find element --> By.cssSelector: input[placeholder='Phone']
12:59:42.913  INFO  manager.ListenerWD - Before find element --> By.cssSelector: input[placeholder='email']
12:59:42.922  INFO  manager.ListenerWD - After find element --> By.cssSelector: input[placeholder='email']
12:59:42.980  INFO  manager.ListenerWD - Before find element --> By.cssSelector: input[placeholder='Address']
12:59:42.989  INFO  manager.ListenerWD - After find element --> By.cssSelector: input[placeholder='Address']
12:59:43.044  INFO  manager.ListenerWD - Before find element --> By.cssSelector: input[placeholder='description']
12:59:43.052  INFO  manager.ListenerWD - After find element --> By.cssSelector: input[placeholder='description']
12:59:43.111  INFO  manager.ListenerWD - Before find element --> By.xpath: //b[text()='Save']
12:59:43.119  INFO  manager.ListenerWD - After find element --> By.xpath: //b[text()='Save']
12:59:43.140  INFO  manager.ListenerWD - Before find elements --> By.cssSelector: a[href='/add'][class='active']
12:59:43.148  INFO  manager.ListenerWD - After find elements --> By.cssSelector: a[href='/add'][class='active']
12:59:43.148  INFO  manager.ListenerWD - List size is --> 1
12:59:43.148  INFO  tests.TestBase - Test passed with success
12:59:43.148  INFO  manager.ListenerTNG - onTestSuccess name --> addNewContactBlankLastName
12:59:43.148  INFO  tests.TestBase - The name of method is -->addNewContactBlankName
12:59:43.149  INFO  manager.ListenerWD - Before find elements --> By.xpath: //button[text()='Sign Out']
12:59:43.157  INFO  manager.ListenerWD - After find elements --> By.xpath: //button[text()='Sign Out']
12:59:43.157  INFO  manager.ListenerWD - List size is --> 1
12:59:43.157  INFO  manager.ListenerTNG - onTestStart name --> addNewContactBlankName
12:59:43.158  INFO  tests.TestBase - Test started with name:  
12:59:43.158  INFO  manager.ListenerWD - Before find element --> By.xpath: //a[@href='/add']
12:59:43.166  INFO  manager.ListenerWD - After find element --> By.xpath: //a[@href='/add']
12:59:43.196  INFO  manager.ListenerWD - Before find element --> By.cssSelector: input[placeholder='Name']
12:59:43.203  INFO  manager.ListenerWD - After find element --> By.cssSelector: input[placeholder='Name']
12:59:43.255  INFO  manager.ListenerWD - Before find element --> By.cssSelector: input[placeholder='Last Name']
12:59:43.263  INFO  manager.ListenerWD - After find element --> By.cssSelector: input[placeholder='Last Name']
12:59:43.316  INFO  manager.ListenerWD - Before find element --> By.cssSelector: input[placeholder='Phone']
12:59:43.324  INFO  manager.ListenerWD - After find element --> By.cssSelector: input[placeholder='Phone']
12:59:43.378  INFO  manager.ListenerWD - Before find element --> By.cssSelector: input[placeholder='email']
12:59:43.385  INFO  manager.ListenerWD - After find element --> By.cssSelector: input[placeholder='email']
12:59:43.445  INFO  manager.ListenerWD - Before find element --> By.cssSelector: input[placeholder='Address']
12:59:43.453  INFO  manager.ListenerWD - After find element --> By.cssSelector: input[placeholder='Address']
12:59:43.509  INFO  manager.ListenerWD - Before find element --> By.cssSelector: input[placeholder='description']
12:59:43.517  INFO  manager.ListenerWD - After find element --> By.cssSelector: input[placeholder='description']
12:59:43.573  INFO  manager.ListenerWD - Before find element --> By.xpath: //b[text()='Save']
12:59:43.581  INFO  manager.ListenerWD - After find element --> By.xpath: //b[text()='Save']
12:59:43.603  INFO  manager.ListenerWD - Before find elements --> By.cssSelector: a[href='/add'][class='active']
12:59:43.611  INFO  manager.ListenerWD - After find elements --> By.cssSelector: a[href='/add'][class='active']
12:59:43.611  INFO  manager.ListenerWD - List size is --> 1
12:59:43.611  INFO  tests.TestBase - Test passed with success
12:59:43.611  INFO  manager.ListenerTNG - onTestSuccess name --> addNewContactBlankName
12:59:43.611  INFO  tests.TestBase - The name of method is -->addNewContactExistingEmail
12:59:43.612  INFO  manager.ListenerWD - Before find elements --> By.xpath: //button[text()='Sign Out']
12:59:43.619  INFO  manager.ListenerWD - After find elements --> By.xpath: //button[text()='Sign Out']
12:59:43.620  INFO  manager.ListenerWD - List size is --> 1
12:59:43.620  INFO  manager.ListenerTNG - onTestStart name --> addNewContactExistingEmail
12:59:43.620  INFO  tests.TestBase - Test started with email: alinaw2023@gmail.com
12:59:43.620  INFO  manager.ListenerWD - Before find element --> By.xpath: //a[@href='/add']
12:59:43.629  INFO  manager.ListenerWD - After find element --> By.xpath: //a[@href='/add']
12:59:43.652  INFO  manager.ListenerWD - Before find element --> By.cssSelector: input[placeholder='Name']
12:59:43.661  INFO  manager.ListenerWD - After find element --> By.cssSelector: input[placeholder='Name']
12:59:43.716  INFO  manager.ListenerWD - Before find element --> By.cssSelector: input[placeholder='Last Name']
12:59:43.724  INFO  manager.ListenerWD - After find element --> By.cssSelector: input[placeholder='Last Name']
12:59:43.776  INFO  manager.ListenerWD - Before find element --> By.cssSelector: input[placeholder='Phone']
12:59:43.783  INFO  manager.ListenerWD - After find element --> By.cssSelector: input[placeholder='Phone']
12:59:43.836  INFO  manager.ListenerWD - Before find element --> By.cssSelector: input[placeholder='email']
12:59:43.844  INFO  manager.ListenerWD - After find element --> By.cssSelector: input[placeholder='email']
12:59:43.902  INFO  manager.ListenerWD - Before find element --> By.cssSelector: input[placeholder='Address']
12:59:43.909  INFO  manager.ListenerWD - After find element --> By.cssSelector: input[placeholder='Address']
12:59:43.965  INFO  manager.ListenerWD - Before find element --> By.cssSelector: input[placeholder='description']
12:59:43.973  INFO  manager.ListenerWD - After find element --> By.cssSelector: input[placeholder='description']
12:59:44.029  INFO  manager.ListenerWD - Before find element --> By.xpath: //b[text()='Save']
12:59:44.037  INFO  manager.ListenerWD - After find element --> By.xpath: //b[text()='Save']
12:59:44.062  INFO  manager.ListenerWD - Test ends with error
12:59:44.062  INFO  manager.ListenerWD - ===================================
12:59:44.062  INFO  manager.ListenerWD - Method name--> alert
12:59:44.062  INFO  manager.ListenerWD - ===================================
12:59:44.062  INFO  manager.ListenerWD - InvocationTargetException cause--> org.openqa.selenium.NoAlertPresentException: no such alert
  (Session info: chrome=109.0.5414.120)
Build info: version: '4.7.1', revision: 'c6795baf1a3'
System info: os.name: 'Windows 10', os.arch: 'amd64', os.version: '10.0', java.version: '11.0.17'
Driver info: org.openqa.selenium.chrome.ChromeDriver
Command: [3e9fbe1abd788771ad7aaf9d0aefed46, getAlertText {}]
Capabilities {acceptInsecureCerts: false, browserName: chrome, browserVersion: 109.0.5414.120, chrome: {chromedriverVersion: 109.0.5414.74 (e7c5703604da..., userDataDir: C:\Users\User\AppData\Local...}, goog:chromeOptions: {debuggerAddress: localhost:63748}, networkConnectionEnabled: false, pageLoadStrategy: normal, platformName: WINDOWS, proxy: Proxy(), se:cdp: ws://localhost:63748/devtoo..., se:cdpVersion: 109.0.5414.120, setWindowRect: true, strictFileInteractability: false, timeouts: {implicit: 0, pageLoad: 300000, script: 30000}, unhandledPromptBehavior: dismiss and notify, webauthn:extension:credBlob: true, webauthn:extension:largeBlob: true, webauthn:virtualAuthenticators: true}
Session ID: 3e9fbe1abd788771ad7aaf9d0aefed46
12:59:44.062  INFO  manager.ListenerWD - ===================================
12:59:44.063  INFO  manager.ListenerWD - Object target --> org.openqa.selenium.remote.RemoteWebDriver$RemoteTargetLocator@25214797
12:59:44.063  INFO  manager.ListenerWD - ===================================
12:59:44.568  INFO  manager.ListenerWD - Test ends with error
12:59:44.568  INFO  manager.ListenerWD - ===================================
12:59:44.568  INFO  manager.ListenerWD - Method name--> alert
12:59:44.568  INFO  manager.ListenerWD - ===================================
12:59:44.568  INFO  manager.ListenerWD - InvocationTargetException cause--> org.openqa.selenium.NoAlertPresentException: no such alert
  (Session info: chrome=109.0.5414.120)
Build info: version: '4.7.1', revision: 'c6795baf1a3'
System info: os.name: 'Windows 10', os.arch: 'amd64', os.version: '10.0', java.version: '11.0.17'
Driver info: org.openqa.selenium.chrome.ChromeDriver
Command: [3e9fbe1abd788771ad7aaf9d0aefed46, getAlertText {}]
Capabilities {acceptInsecureCerts: false, browserName: chrome, browserVersion: 109.0.5414.120, chrome: {chromedriverVersion: 109.0.5414.74 (e7c5703604da..., userDataDir: C:\Users\User\AppData\Local...}, goog:chromeOptions: {debuggerAddress: localhost:63748}, networkConnectionEnabled: false, pageLoadStrategy: normal, platformName: WINDOWS, proxy: Proxy(), se:cdp: ws://localhost:63748/devtoo..., se:cdpVersion: 109.0.5414.120, setWindowRect: true, strictFileInteractability: false, timeouts: {implicit: 0, pageLoad: 300000, script: 30000}, unhandledPromptBehavior: dismiss and notify, webauthn:extension:credBlob: true, webauthn:extension:largeBlob: true, webauthn:virtualAuthenticators: true}
Session ID: 3e9fbe1abd788771ad7aaf9d0aefed46
12:59:44.568  INFO  manager.ListenerWD - ===================================
12:59:44.568  INFO  manager.ListenerWD - Object target --> org.openqa.selenium.remote.RemoteWebDriver$RemoteTargetLocator@6e0d16a4
12:59:44.568  INFO  manager.ListenerWD - ===================================
12:59:45.074  INFO  manager.ListenerWD - Test ends with error
12:59:45.074  INFO  manager.ListenerWD - ===================================
12:59:45.074  INFO  manager.ListenerWD - Method name--> alert
12:59:45.074  INFO  manager.ListenerWD - ===================================
12:59:45.074  INFO  manager.ListenerWD - InvocationTargetException cause--> org.openqa.selenium.NoAlertPresentException: no such alert
  (Session info: chrome=109.0.5414.120)
Build info: version: '4.7.1', revision: 'c6795baf1a3'
System info: os.name: 'Windows 10', os.arch: 'amd64', os.version: '10.0', java.version: '11.0.17'
Driver info: org.openqa.selenium.chrome.ChromeDriver
Command: [3e9fbe1abd788771ad7aaf9d0aefed46, getAlertText {}]
Capabilities {acceptInsecureCerts: false, browserName: chrome, browserVersion: 109.0.5414.120, chrome: {chromedriverVersion: 109.0.5414.74 (e7c5703604da..., userDataDir: C:\Users\User\AppData\Local...}, goog:chromeOptions: {debuggerAddress: localhost:63748}, networkConnectionEnabled: false, pageLoadStrategy: normal, platformName: WINDOWS, proxy: Proxy(), se:cdp: ws://localhost:63748/devtoo..., se:cdpVersion: 109.0.5414.120, setWindowRect: true, strictFileInteractability: false, timeouts: {implicit: 0, pageLoad: 300000, script: 30000}, unhandledPromptBehavior: dismiss and notify, webauthn:extension:credBlob: true, webauthn:extension:largeBlob: true, webauthn:virtualAuthenticators: true}
Session ID: 3e9fbe1abd788771ad7aaf9d0aefed46
12:59:45.074  INFO  manager.ListenerWD - ===================================
12:59:45.074  INFO  manager.ListenerWD - Object target --> org.openqa.selenium.remote.RemoteWebDriver$RemoteTargetLocator@221b77d7
12:59:45.074  INFO  manager.ListenerWD - ===================================
12:59:45.579  INFO  manager.ListenerWD - Test ends with error
12:59:45.579  INFO  manager.ListenerWD - ===================================
12:59:45.579  INFO  manager.ListenerWD - Method name--> alert
12:59:45.579  INFO  manager.ListenerWD - ===================================
12:59:45.579  INFO  manager.ListenerWD - InvocationTargetException cause--> org.openqa.selenium.NoAlertPresentException: no such alert
  (Session info: chrome=109.0.5414.120)
Build info: version: '4.7.1', revision: 'c6795baf1a3'
System info: os.name: 'Windows 10', os.arch: 'amd64', os.version: '10.0', java.version: '11.0.17'
Driver info: org.openqa.selenium.chrome.ChromeDriver
Command: [3e9fbe1abd788771ad7aaf9d0aefed46, getAlertText {}]
Capabilities {acceptInsecureCerts: false, browserName: chrome, browserVersion: 109.0.5414.120, chrome: {chromedriverVersion: 109.0.5414.74 (e7c5703604da..., userDataDir: C:\Users\User\AppData\Local...}, goog:chromeOptions: {debuggerAddress: localhost:63748}, networkConnectionEnabled: false, pageLoadStrategy: normal, platformName: WINDOWS, proxy: Proxy(), se:cdp: ws://localhost:63748/devtoo..., se:cdpVersion: 109.0.5414.120, setWindowRect: true, strictFileInteractability: false, timeouts: {implicit: 0, pageLoad: 300000, script: 30000}, unhandledPromptBehavior: dismiss and notify, webauthn:extension:credBlob: true, webauthn:extension:largeBlob: true, webauthn:virtualAuthenticators: true}
Session ID: 3e9fbe1abd788771ad7aaf9d0aefed46
12:59:45.579  INFO  manager.ListenerWD - ===================================
12:59:45.579  INFO  manager.ListenerWD - Object target --> org.openqa.selenium.remote.RemoteWebDriver$RemoteTargetLocator@63e4484d
12:59:45.579  INFO  manager.ListenerWD - ===================================
12:59:46.084  INFO  manager.ListenerWD - Test ends with error
12:59:46.084  INFO  manager.ListenerWD - ===================================
12:59:46.084  INFO  manager.ListenerWD - Method name--> alert
12:59:46.084  INFO  manager.ListenerWD - ===================================
12:59:46.084  INFO  manager.ListenerWD - InvocationTargetException cause--> org.openqa.selenium.NoAlertPresentException: no such alert
  (Session info: chrome=109.0.5414.120)
Build info: version: '4.7.1', revision: 'c6795baf1a3'
System info: os.name: 'Windows 10', os.arch: 'amd64', os.version: '10.0', java.version: '11.0.17'
Driver info: org.openqa.selenium.chrome.ChromeDriver
Command: [3e9fbe1abd788771ad7aaf9d0aefed46, getAlertText {}]
Capabilities {acceptInsecureCerts: false, browserName: chrome, browserVersion: 109.0.5414.120, chrome: {chromedriverVersion: 109.0.5414.74 (e7c5703604da..., userDataDir: C:\Users\User\AppData\Local...}, goog:chromeOptions: {debuggerAddress: localhost:63748}, networkConnectionEnabled: false, pageLoadStrategy: normal, platformName: WINDOWS, proxy: Proxy(), se:cdp: ws://localhost:63748/devtoo..., se:cdpVersion: 109.0.5414.120, setWindowRect: true, strictFileInteractability: false, timeouts: {implicit: 0, pageLoad: 300000, script: 30000}, unhandledPromptBehavior: dismiss and notify, webauthn:extension:credBlob: true, webauthn:extension:largeBlob: true, webauthn:virtualAuthenticators: true}
Session ID: 3e9fbe1abd788771ad7aaf9d0aefed46
12:59:46.084  INFO  manager.ListenerWD - ===================================
12:59:46.084  INFO  manager.ListenerWD - Object target --> org.openqa.selenium.remote.RemoteWebDriver$RemoteTargetLocator@635ff2a5
12:59:46.085  INFO  manager.ListenerWD - ===================================
12:59:46.589  INFO  manager.ListenerWD - Test ends with error
12:59:46.589  INFO  manager.ListenerWD - ===================================
12:59:46.589  INFO  manager.ListenerWD - Method name--> alert
12:59:46.589  INFO  manager.ListenerWD - ===================================
12:59:46.590  INFO  manager.ListenerWD - InvocationTargetException cause--> org.openqa.selenium.NoAlertPresentException: no such alert
  (Session info: chrome=109.0.5414.120)
Build info: version: '4.7.1', revision: 'c6795baf1a3'
System info: os.name: 'Windows 10', os.arch: 'amd64', os.version: '10.0', java.version: '11.0.17'
Driver info: org.openqa.selenium.chrome.ChromeDriver
Command: [3e9fbe1abd788771ad7aaf9d0aefed46, getAlertText {}]
Capabilities {acceptInsecureCerts: false, browserName: chrome, browserVersion: 109.0.5414.120, chrome: {chromedriverVersion: 109.0.5414.74 (e7c5703604da..., userDataDir: C:\Users\User\AppData\Local...}, goog:chromeOptions: {debuggerAddress: localhost:63748}, networkConnectionEnabled: false, pageLoadStrategy: normal, platformName: WINDOWS, proxy: Proxy(), se:cdp: ws://localhost:63748/devtoo..., se:cdpVersion: 109.0.5414.120, setWindowRect: true, strictFileInteractability: false, timeouts: {implicit: 0, pageLoad: 300000, script: 30000}, unhandledPromptBehavior: dismiss and notify, webauthn:extension:credBlob: true, webauthn:extension:largeBlob: true, webauthn:virtualAuthenticators: true}
Session ID: 3e9fbe1abd788771ad7aaf9d0aefed46
12:59:46.590  INFO  manager.ListenerWD - ===================================
12:59:46.590  INFO  manager.ListenerWD - Object target --> org.openqa.selenium.remote.RemoteWebDriver$RemoteTargetLocator@4ef5dd23
12:59:46.590  INFO  manager.ListenerWD - ===================================
12:59:47.095  INFO  manager.ListenerWD - Test ends with error
12:59:47.095  INFO  manager.ListenerWD - ===================================
12:59:47.095  INFO  manager.ListenerWD - Method name--> alert
12:59:47.095  INFO  manager.ListenerWD - ===================================
12:59:47.096  INFO  manager.ListenerWD - InvocationTargetException cause--> org.openqa.selenium.NoAlertPresentException: no such alert
  (Session info: chrome=109.0.5414.120)
Build info: version: '4.7.1', revision: 'c6795baf1a3'
System info: os.name: 'Windows 10', os.arch: 'amd64', os.version: '10.0', java.version: '11.0.17'
Driver info: org.openqa.selenium.chrome.ChromeDriver
Command: [3e9fbe1abd788771ad7aaf9d0aefed46, getAlertText {}]
Capabilities {acceptInsecureCerts: false, browserName: chrome, browserVersion: 109.0.5414.120, chrome: {chromedriverVersion: 109.0.5414.74 (e7c5703604da..., userDataDir: C:\Users\User\AppData\Local...}, goog:chromeOptions: {debuggerAddress: localhost:63748}, networkConnectionEnabled: false, pageLoadStrategy: normal, platformName: WINDOWS, proxy: Proxy(), se:cdp: ws://localhost:63748/devtoo..., se:cdpVersion: 109.0.5414.120, setWindowRect: true, strictFileInteractability: false, timeouts: {implicit: 0, pageLoad: 300000, script: 30000}, unhandledPromptBehavior: dismiss and notify, webauthn:extension:credBlob: true, webauthn:extension:largeBlob: true, webauthn:virtualAuthenticators: true}
Session ID: 3e9fbe1abd788771ad7aaf9d0aefed46
12:59:47.096  INFO  manager.ListenerWD - ===================================
12:59:47.096  INFO  manager.ListenerWD - Object target --> org.openqa.selenium.remote.RemoteWebDriver$RemoteTargetLocator@610fbe1c
12:59:47.096  INFO  manager.ListenerWD - ===================================
12:59:47.600  INFO  manager.ListenerWD - Test ends with error
12:59:47.601  INFO  manager.ListenerWD - ===================================
12:59:47.601  INFO  manager.ListenerWD - Method name--> alert
12:59:47.601  INFO  manager.ListenerWD - ===================================
12:59:47.601  INFO  manager.ListenerWD - InvocationTargetException cause--> org.openqa.selenium.NoAlertPresentException: no such alert
  (Session info: chrome=109.0.5414.120)
Build info: version: '4.7.1', revision: 'c6795baf1a3'
System info: os.name: 'Windows 10', os.arch: 'amd64', os.version: '10.0', java.version: '11.0.17'
Driver info: org.openqa.selenium.chrome.ChromeDriver
Command: [3e9fbe1abd788771ad7aaf9d0aefed46, getAlertText {}]
Capabilities {acceptInsecureCerts: false, browserName: chrome, browserVersion: 109.0.5414.120, chrome: {chromedriverVersion: 109.0.5414.74 (e7c5703604da..., userDataDir: C:\Users\User\AppData\Local...}, goog:chromeOptions: {debuggerAddress: localhost:63748}, networkConnectionEnabled: false, pageLoadStrategy: normal, platformName: WINDOWS, proxy: Proxy(), se:cdp: ws://localhost:63748/devtoo..., se:cdpVersion: 109.0.5414.120, setWindowRect: true, strictFileInteractability: false, timeouts: {implicit: 0, pageLoad: 300000, script: 30000}, unhandledPromptBehavior: dismiss and notify, webauthn:extension:credBlob: true, webauthn:extension:largeBlob: true, webauthn:virtualAuthenticators: true}
Session ID: 3e9fbe1abd788771ad7aaf9d0aefed46
12:59:47.601  INFO  manager.ListenerWD - ===================================
12:59:47.601  INFO  manager.ListenerWD - Object target --> org.openqa.selenium.remote.RemoteWebDriver$RemoteTargetLocator@58164e9a
12:59:47.601  INFO  manager.ListenerWD - ===================================
12:59:48.106  INFO  manager.ListenerWD - Test ends with error
12:59:48.106  INFO  manager.ListenerWD - ===================================
12:59:48.106  INFO  manager.ListenerWD - Method name--> alert
12:59:48.106  INFO  manager.ListenerWD - ===================================
12:59:48.107  INFO  manager.ListenerWD - InvocationTargetException cause--> org.openqa.selenium.NoAlertPresentException: no such alert
  (Session info: chrome=109.0.5414.120)
Build info: version: '4.7.1', revision: 'c6795baf1a3'
System info: os.name: 'Windows 10', os.arch: 'amd64', os.version: '10.0', java.version: '11.0.17'
Driver info: org.openqa.selenium.chrome.ChromeDriver
Command: [3e9fbe1abd788771ad7aaf9d0aefed46, getAlertText {}]
Capabilities {acceptInsecureCerts: false, browserName: chrome, browserVersion: 109.0.5414.120, chrome: {chromedriverVersion: 109.0.5414.74 (e7c5703604da..., userDataDir: C:\Users\User\AppData\Local...}, goog:chromeOptions: {debuggerAddress: localhost:63748}, networkConnectionEnabled: false, pageLoadStrategy: normal, platformName: WINDOWS, proxy: Proxy(), se:cdp: ws://localhost:63748/devtoo..., se:cdpVersion: 109.0.5414.120, setWindowRect: true, strictFileInteractability: false, timeouts: {implicit: 0, pageLoad: 300000, script: 30000}, unhandledPromptBehavior: dismiss and notify, webauthn:extension:credBlob: true, webauthn:extension:largeBlob: true, webauthn:virtualAuthenticators: true}
Session ID: 3e9fbe1abd788771ad7aaf9d0aefed46
12:59:48.107  INFO  manager.ListenerWD - ===================================
12:59:48.107  INFO  manager.ListenerWD - Object target --> org.openqa.selenium.remote.RemoteWebDriver$RemoteTargetLocator@f03ee8f
12:59:48.107  INFO  manager.ListenerWD - ===================================
12:59:48.612  INFO  manager.ListenerWD - Test ends with error
12:59:48.612  INFO  manager.ListenerWD - ===================================
12:59:48.612  INFO  manager.ListenerWD - Method name--> alert
12:59:48.612  INFO  manager.ListenerWD - ===================================
12:59:48.612  INFO  manager.ListenerWD - InvocationTargetException cause--> org.openqa.selenium.NoAlertPresentException: no such alert
  (Session info: chrome=109.0.5414.120)
Build info: version: '4.7.1', revision: 'c6795baf1a3'
System info: os.name: 'Windows 10', os.arch: 'amd64', os.version: '10.0', java.version: '11.0.17'
Driver info: org.openqa.selenium.chrome.ChromeDriver
Command: [3e9fbe1abd788771ad7aaf9d0aefed46, getAlertText {}]
Capabilities {acceptInsecureCerts: false, browserName: chrome, browserVersion: 109.0.5414.120, chrome: {chromedriverVersion: 109.0.5414.74 (e7c5703604da..., userDataDir: C:\Users\User\AppData\Local...}, goog:chromeOptions: {debuggerAddress: localhost:63748}, networkConnectionEnabled: false, pageLoadStrategy: normal, platformName: WINDOWS, proxy: Proxy(), se:cdp: ws://localhost:63748/devtoo..., se:cdpVersion: 109.0.5414.120, setWindowRect: true, strictFileInteractability: false, timeouts: {implicit: 0, pageLoad: 300000, script: 30000}, unhandledPromptBehavior: dismiss and notify, webauthn:extension:credBlob: true, webauthn:extension:largeBlob: true, webauthn:virtualAuthenticators: true}
Session ID: 3e9fbe1abd788771ad7aaf9d0aefed46
12:59:48.612  INFO  manager.ListenerWD - ===================================
12:59:48.612  INFO  manager.ListenerWD - Object target --> org.openqa.selenium.remote.RemoteWebDriver$RemoteTargetLocator@4e50ae56
12:59:48.612  INFO  manager.ListenerWD - ===================================
12:59:49.117  INFO  manager.ListenerWD - Test ends with error
12:59:49.117  INFO  manager.ListenerWD - ===================================
12:59:49.117  INFO  manager.ListenerWD - Method name--> alert
12:59:49.117  INFO  manager.ListenerWD - ===================================
12:59:49.117  INFO  manager.ListenerWD - InvocationTargetException cause--> org.openqa.selenium.NoAlertPresentException: no such alert
  (Session info: chrome=109.0.5414.120)
Build info: version: '4.7.1', revision: 'c6795baf1a3'
System info: os.name: 'Windows 10', os.arch: 'amd64', os.version: '10.0', java.version: '11.0.17'
Driver info: org.openqa.selenium.chrome.ChromeDriver
Command: [3e9fbe1abd788771ad7aaf9d0aefed46, getAlertText {}]
Capabilities {acceptInsecureCerts: false, browserName: chrome, browserVersion: 109.0.5414.120, chrome: {chromedriverVersion: 109.0.5414.74 (e7c5703604da..., userDataDir: C:\Users\User\AppData\Local...}, goog:chromeOptions: {debuggerAddress: localhost:63748}, networkConnectionEnabled: false, pageLoadStrategy: normal, platformName: WINDOWS, proxy: Proxy(), se:cdp: ws://localhost:63748/devtoo..., se:cdpVersion: 109.0.5414.120, setWindowRect: true, strictFileInteractability: false, timeouts: {implicit: 0, pageLoad: 300000, script: 30000}, unhandledPromptBehavior: dismiss and notify, webauthn:extension:credBlob: true, webauthn:extension:largeBlob: true, webauthn:virtualAuthenticators: true}
Session ID: 3e9fbe1abd788771ad7aaf9d0aefed46
12:59:49.117  INFO  manager.ListenerWD - ===================================
12:59:49.117  INFO  manager.ListenerWD - Object target --> org.openqa.selenium.remote.RemoteWebDriver$RemoteTargetLocator@609b041c
12:59:49.117  INFO  manager.ListenerWD - ===================================
12:59:49.622  INFO  manager.ListenerWD - Test ends with error
12:59:49.622  INFO  manager.ListenerWD - ===================================
12:59:49.622  INFO  manager.ListenerWD - Method name--> alert
12:59:49.622  INFO  manager.ListenerWD - ===================================
12:59:49.622  INFO  manager.ListenerWD - InvocationTargetException cause--> org.openqa.selenium.NoAlertPresentException: no such alert
  (Session info: chrome=109.0.5414.120)
Build info: version: '4.7.1', revision: 'c6795baf1a3'
System info: os.name: 'Windows 10', os.arch: 'amd64', os.version: '10.0', java.version: '11.0.17'
Driver info: org.openqa.selenium.chrome.ChromeDriver
Command: [3e9fbe1abd788771ad7aaf9d0aefed46, getAlertText {}]
Capabilities {acceptInsecureCerts: false, browserName: chrome, browserVersion: 109.0.5414.120, chrome: {chromedriverVersion: 109.0.5414.74 (e7c5703604da..., userDataDir: C:\Users\User\AppData\Local...}, goog:chromeOptions: {debuggerAddress: localhost:63748}, networkConnectionEnabled: false, pageLoadStrategy: normal, platformName: WINDOWS, proxy: Proxy(), se:cdp: ws://localhost:63748/devtoo..., se:cdpVersion: 109.0.5414.120, setWindowRect: true, strictFileInteractability: false, timeouts: {implicit: 0, pageLoad: 300000, script: 30000}, unhandledPromptBehavior: dismiss and notify, webauthn:extension:credBlob: true, webauthn:extension:largeBlob: true, webauthn:virtualAuthenticators: true}
Session ID: 3e9fbe1abd788771ad7aaf9d0aefed46
12:59:49.622  INFO  manager.ListenerWD - ===================================
12:59:49.622  INFO  manager.ListenerWD - Object target --> org.openqa.selenium.remote.RemoteWebDriver$RemoteTargetLocator@6ee37ca7
12:59:49.622  INFO  manager.ListenerWD - ===================================
12:59:50.127  INFO  manager.ListenerWD - Test ends with error
12:59:50.127  INFO  manager.ListenerWD - ===================================
12:59:50.127  INFO  manager.ListenerWD - Method name--> alert
12:59:50.127  INFO  manager.ListenerWD - ===================================
12:59:50.127  INFO  manager.ListenerWD - InvocationTargetException cause--> org.openqa.selenium.NoAlertPresentException: no such alert
  (Session info: chrome=109.0.5414.120)
Build info: version: '4.7.1', revision: 'c6795baf1a3'
System info: os.name: 'Windows 10', os.arch: 'amd64', os.version: '10.0', java.version: '11.0.17'
Driver info: org.openqa.selenium.chrome.ChromeDriver
Command: [3e9fbe1abd788771ad7aaf9d0aefed46, getAlertText {}]
Capabilities {acceptInsecureCerts: false, browserName: chrome, browserVersion: 109.0.5414.120, chrome: {chromedriverVersion: 109.0.5414.74 (e7c5703604da..., userDataDir: C:\Users\User\AppData\Local...}, goog:chromeOptions: {debuggerAddress: localhost:63748}, networkConnectionEnabled: false, pageLoadStrategy: normal, platformName: WINDOWS, proxy: Proxy(), se:cdp: ws://localhost:63748/devtoo..., se:cdpVersion: 109.0.5414.120, setWindowRect: true, strictFileInteractability: false, timeouts: {implicit: 0, pageLoad: 300000, script: 30000}, unhandledPromptBehavior: dismiss and notify, webauthn:extension:credBlob: true, webauthn:extension:largeBlob: true, webauthn:virtualAuthenticators: true}
Session ID: 3e9fbe1abd788771ad7aaf9d0aefed46
12:59:50.127  INFO  manager.ListenerWD - ===================================
12:59:50.127  INFO  manager.ListenerWD - Object target --> org.openqa.selenium.remote.RemoteWebDriver$RemoteTargetLocator@54a056e4
12:59:50.127  INFO  manager.ListenerWD - ===================================
12:59:50.632  INFO  manager.ListenerWD - Test ends with error
12:59:50.632  INFO  manager.ListenerWD - ===================================
12:59:50.632  INFO  manager.ListenerWD - Method name--> alert
12:59:50.632  INFO  manager.ListenerWD - ===================================
12:59:50.632  INFO  manager.ListenerWD - InvocationTargetException cause--> org.openqa.selenium.NoAlertPresentException: no such alert
  (Session info: chrome=109.0.5414.120)
Build info: version: '4.7.1', revision: 'c6795baf1a3'
System info: os.name: 'Windows 10', os.arch: 'amd64', os.version: '10.0', java.version: '11.0.17'
Driver info: org.openqa.selenium.chrome.ChromeDriver
Command: [3e9fbe1abd788771ad7aaf9d0aefed46, getAlertText {}]
Capabilities {acceptInsecureCerts: false, browserName: chrome, browserVersion: 109.0.5414.120, chrome: {chromedriverVersion: 109.0.5414.74 (e7c5703604da..., userDataDir: C:\Users\User\AppData\Local...}, goog:chromeOptions: {debuggerAddress: localhost:63748}, networkConnectionEnabled: false, pageLoadStrategy: normal, platformName: WINDOWS, proxy: Proxy(), se:cdp: ws://localhost:63748/devtoo..., se:cdpVersion: 109.0.5414.120, setWindowRect: true, strictFileInteractability: false, timeouts: {implicit: 0, pageLoad: 300000, script: 30000}, unhandledPromptBehavior: dismiss and notify, webauthn:extension:credBlob: true, webauthn:extension:largeBlob: true, webauthn:virtualAuthenticators: true}
Session ID: 3e9fbe1abd788771ad7aaf9d0aefed46
12:59:50.632  INFO  manager.ListenerWD - ===================================
12:59:50.632  INFO  manager.ListenerWD - Object target --> org.openqa.selenium.remote.RemoteWebDriver$RemoteTargetLocator@3407aa4f
12:59:50.632  INFO  manager.ListenerWD - ===================================
12:59:51.137  INFO  manager.ListenerWD - Test ends with error
12:59:51.137  INFO  manager.ListenerWD - ===================================
12:59:51.137  INFO  manager.ListenerWD - Method name--> alert
12:59:51.137  INFO  manager.ListenerWD - ===================================
12:59:51.137  INFO  manager.ListenerWD - InvocationTargetException cause--> org.openqa.selenium.NoAlertPresentException: no such alert
  (Session info: chrome=109.0.5414.120)
Build info: version: '4.7.1', revision: 'c6795baf1a3'
System info: os.name: 'Windows 10', os.arch: 'amd64', os.version: '10.0', java.version: '11.0.17'
Driver info: org.openqa.selenium.chrome.ChromeDriver
Command: [3e9fbe1abd788771ad7aaf9d0aefed46, getAlertText {}]
Capabilities {acceptInsecureCerts: false, browserName: chrome, browserVersion: 109.0.5414.120, chrome: {chromedriverVersion: 109.0.5414.74 (e7c5703604da..., userDataDir: C:\Users\User\AppData\Local...}, goog:chromeOptions: {debuggerAddress: localhost:63748}, networkConnectionEnabled: false, pageLoadStrategy: normal, platformName: WINDOWS, proxy: Proxy(), se:cdp: ws://localhost:63748/devtoo..., se:cdpVersion: 109.0.5414.120, setWindowRect: true, strictFileInteractability: false, timeouts: {implicit: 0, pageLoad: 300000, script: 30000}, unhandledPromptBehavior: dismiss and notify, webauthn:extension:credBlob: true, webauthn:extension:largeBlob: true, webauthn:virtualAuthenticators: true}
Session ID: 3e9fbe1abd788771ad7aaf9d0aefed46
12:59:51.137  INFO  manager.ListenerWD - ===================================
12:59:51.137  INFO  manager.ListenerWD - Object target --> org.openqa.selenium.remote.RemoteWebDriver$RemoteTargetLocator@6d4a05f7
12:59:51.137  INFO  manager.ListenerWD - ===================================
12:59:51.641  INFO  manager.ListenerWD - Test ends with error
12:59:51.641  INFO  manager.ListenerWD - ===================================
12:59:51.641  INFO  manager.ListenerWD - Method name--> alert
12:59:51.641  INFO  manager.ListenerWD - ===================================
12:59:51.641  INFO  manager.ListenerWD - InvocationTargetException cause--> org.openqa.selenium.NoAlertPresentException: no such alert
  (Session info: chrome=109.0.5414.120)
Build info: version: '4.7.1', revision: 'c6795baf1a3'
System info: os.name: 'Windows 10', os.arch: 'amd64', os.version: '10.0', java.version: '11.0.17'
Driver info: org.openqa.selenium.chrome.ChromeDriver
Command: [3e9fbe1abd788771ad7aaf9d0aefed46, getAlertText {}]
Capabilities {acceptInsecureCerts: false, browserName: chrome, browserVersion: 109.0.5414.120, chrome: {chromedriverVersion: 109.0.5414.74 (e7c5703604da..., userDataDir: C:\Users\User\AppData\Local...}, goog:chromeOptions: {debuggerAddress: localhost:63748}, networkConnectionEnabled: false, pageLoadStrategy: normal, platformName: WINDOWS, proxy: Proxy(), se:cdp: ws://localhost:63748/devtoo..., se:cdpVersion: 109.0.5414.120, setWindowRect: true, strictFileInteractability: false, timeouts: {implicit: 0, pageLoad: 300000, script: 30000}, unhandledPromptBehavior: dismiss and notify, webauthn:extension:credBlob: true, webauthn:extension:largeBlob: true, webauthn:virtualAuthenticators: true}
Session ID: 3e9fbe1abd788771ad7aaf9d0aefed46
12:59:51.641  INFO  manager.ListenerWD - ===================================
12:59:51.641  INFO  manager.ListenerWD - Object target --> org.openqa.selenium.remote.RemoteWebDriver$RemoteTargetLocator@524f5ea5
12:59:51.641  INFO  manager.ListenerWD - ===================================
12:59:52.146  INFO  manager.ListenerWD - Test ends with error
12:59:52.146  INFO  manager.ListenerWD - ===================================
12:59:52.146  INFO  manager.ListenerWD - Method name--> alert
12:59:52.146  INFO  manager.ListenerWD - ===================================
12:59:52.146  INFO  manager.ListenerWD - InvocationTargetException cause--> org.openqa.selenium.NoAlertPresentException: no such alert
  (Session info: chrome=109.0.5414.120)
Build info: version: '4.7.1', revision: 'c6795baf1a3'
System info: os.name: 'Windows 10', os.arch: 'amd64', os.version: '10.0', java.version: '11.0.17'
Driver info: org.openqa.selenium.chrome.ChromeDriver
Command: [3e9fbe1abd788771ad7aaf9d0aefed46, getAlertText {}]
Capabilities {acceptInsecureCerts: false, browserName: chrome, browserVersion: 109.0.5414.120, chrome: {chromedriverVersion: 109.0.5414.74 (e7c5703604da..., userDataDir: C:\Users\User\AppData\Local...}, goog:chromeOptions: {debuggerAddress: localhost:63748}, networkConnectionEnabled: false, pageLoadStrategy: normal, platformName: WINDOWS, proxy: Proxy(), se:cdp: ws://localhost:63748/devtoo..., se:cdpVersion: 109.0.5414.120, setWindowRect: true, strictFileInteractability: false, timeouts: {implicit: 0, pageLoad: 300000, script: 30000}, unhandledPromptBehavior: dismiss and notify, webauthn:extension:credBlob: true, webauthn:extension:largeBlob: true, webauthn:virtualAuthenticators: true}
Session ID: 3e9fbe1abd788771ad7aaf9d0aefed46
12:59:52.146  INFO  manager.ListenerWD - ===================================
12:59:52.146  INFO  manager.ListenerWD - Object target --> org.openqa.selenium.remote.RemoteWebDriver$RemoteTargetLocator@7cd3e0da
12:59:52.146  INFO  manager.ListenerWD - ===================================
12:59:52.650  INFO  manager.ListenerWD - Test ends with error
12:59:52.651  INFO  manager.ListenerWD - ===================================
12:59:52.651  INFO  manager.ListenerWD - Method name--> alert
12:59:52.651  INFO  manager.ListenerWD - ===================================
12:59:52.651  INFO  manager.ListenerWD - InvocationTargetException cause--> org.openqa.selenium.NoAlertPresentException: no such alert
  (Session info: chrome=109.0.5414.120)
Build info: version: '4.7.1', revision: 'c6795baf1a3'
System info: os.name: 'Windows 10', os.arch: 'amd64', os.version: '10.0', java.version: '11.0.17'
Driver info: org.openqa.selenium.chrome.ChromeDriver
Command: [3e9fbe1abd788771ad7aaf9d0aefed46, getAlertText {}]
Capabilities {acceptInsecureCerts: false, browserName: chrome, browserVersion: 109.0.5414.120, chrome: {chromedriverVersion: 109.0.5414.74 (e7c5703604da..., userDataDir: C:\Users\User\AppData\Local...}, goog:chromeOptions: {debuggerAddress: localhost:63748}, networkConnectionEnabled: false, pageLoadStrategy: normal, platformName: WINDOWS, proxy: Proxy(), se:cdp: ws://localhost:63748/devtoo..., se:cdpVersion: 109.0.5414.120, setWindowRect: true, strictFileInteractability: false, timeouts: {implicit: 0, pageLoad: 300000, script: 30000}, unhandledPromptBehavior: dismiss and notify, webauthn:extension:credBlob: true, webauthn:extension:largeBlob: true, webauthn:virtualAuthenticators: true}
Session ID: 3e9fbe1abd788771ad7aaf9d0aefed46
12:59:52.651  INFO  manager.ListenerWD - ===================================
12:59:52.651  INFO  manager.ListenerWD - Object target --> org.openqa.selenium.remote.RemoteWebDriver$RemoteTargetLocator@19705650
12:59:52.651  INFO  manager.ListenerWD - ===================================
12:59:53.155  INFO  manager.ListenerWD - Test ends with error
12:59:53.155  INFO  manager.ListenerWD - ===================================
12:59:53.155  INFO  manager.ListenerWD - Method name--> alert
12:59:53.155  INFO  manager.ListenerWD - ===================================
12:59:53.155  INFO  manager.ListenerWD - InvocationTargetException cause--> org.openqa.selenium.NoAlertPresentException: no such alert
  (Session info: chrome=109.0.5414.120)
Build info: version: '4.7.1', revision: 'c6795baf1a3'
System info: os.name: 'Windows 10', os.arch: 'amd64', os.version: '10.0', java.version: '11.0.17'
Driver info: org.openqa.selenium.chrome.ChromeDriver
Command: [3e9fbe1abd788771ad7aaf9d0aefed46, getAlertText {}]
Capabilities {acceptInsecureCerts: false, browserName: chrome, browserVersion: 109.0.5414.120, chrome: {chromedriverVersion: 109.0.5414.74 (e7c5703604da..., userDataDir: C:\Users\User\AppData\Local...}, goog:chromeOptions: {debuggerAddress: localhost:63748}, networkConnectionEnabled: false, pageLoadStrategy: normal, platformName: WINDOWS, proxy: Proxy(), se:cdp: ws://localhost:63748/devtoo..., se:cdpVersion: 109.0.5414.120, setWindowRect: true, strictFileInteractability: false, timeouts: {implicit: 0, pageLoad: 300000, script: 30000}, unhandledPromptBehavior: dismiss and notify, webauthn:extension:credBlob: true, webauthn:extension:largeBlob: true, webauthn:virtualAuthenticators: true}
Session ID: 3e9fbe1abd788771ad7aaf9d0aefed46
12:59:53.155  INFO  manager.ListenerWD - ===================================
12:59:53.155  INFO  manager.ListenerWD - Object target --> org.openqa.selenium.remote.RemoteWebDriver$RemoteTargetLocator@5cf0673d
12:59:53.155  INFO  manager.ListenerWD - ===================================
12:59:53.660  INFO  manager.ListenerWD - Test ends with error
12:59:53.660  INFO  manager.ListenerWD - ===================================
12:59:53.660  INFO  manager.ListenerWD - Method name--> alert
12:59:53.660  INFO  manager.ListenerWD - ===================================
12:59:53.660  INFO  manager.ListenerWD - InvocationTargetException cause--> org.openqa.selenium.NoAlertPresentException: no such alert
  (Session info: chrome=109.0.5414.120)
Build info: version: '4.7.1', revision: 'c6795baf1a3'
System info: os.name: 'Windows 10', os.arch: 'amd64', os.version: '10.0', java.version: '11.0.17'
Driver info: org.openqa.selenium.chrome.ChromeDriver
Command: [3e9fbe1abd788771ad7aaf9d0aefed46, getAlertText {}]
Capabilities {acceptInsecureCerts: false, browserName: chrome, browserVersion: 109.0.5414.120, chrome: {chromedriverVersion: 109.0.5414.74 (e7c5703604da..., userDataDir: C:\Users\User\AppData\Local...}, goog:chromeOptions: {debuggerAddress: localhost:63748}, networkConnectionEnabled: false, pageLoadStrategy: normal, platformName: WINDOWS, proxy: Proxy(), se:cdp: ws://localhost:63748/devtoo..., se:cdpVersion: 109.0.5414.120, setWindowRect: true, strictFileInteractability: false, timeouts: {implicit: 0, pageLoad: 300000, script: 30000}, unhandledPromptBehavior: dismiss and notify, webauthn:extension:credBlob: true, webauthn:extension:largeBlob: true, webauthn:virtualAuthenticators: true}
Session ID: 3e9fbe1abd788771ad7aaf9d0aefed46
12:59:53.660  INFO  manager.ListenerWD - ===================================
12:59:53.660  INFO  manager.ListenerWD - Object target --> org.openqa.selenium.remote.RemoteWebDriver$RemoteTargetLocator@7f642bf
12:59:53.660  INFO  manager.ListenerWD - ===================================
12:59:54.165  INFO  manager.ListenerWD - Test ends with error
12:59:54.165  INFO  manager.ListenerWD - ===================================
12:59:54.165  INFO  manager.ListenerWD - Method name--> alert
12:59:54.165  INFO  manager.ListenerWD - ===================================
12:59:54.165  INFO  manager.ListenerWD - InvocationTargetException cause--> org.openqa.selenium.NoAlertPresentException: no such alert
  (Session info: chrome=109.0.5414.120)
Build info: version: '4.7.1', revision: 'c6795baf1a3'
System info: os.name: 'Windows 10', os.arch: 'amd64', os.version: '10.0', java.version: '11.0.17'
Driver info: org.openqa.selenium.chrome.ChromeDriver
Command: [3e9fbe1abd788771ad7aaf9d0aefed46, getAlertText {}]
Capabilities {acceptInsecureCerts: false, browserName: chrome, browserVersion: 109.0.5414.120, chrome: {chromedriverVersion: 109.0.5414.74 (e7c5703604da..., userDataDir: C:\Users\User\AppData\Local...}, goog:chromeOptions: {debuggerAddress: localhost:63748}, networkConnectionEnabled: false, pageLoadStrategy: normal, platformName: WINDOWS, proxy: Proxy(), se:cdp: ws://localhost:63748/devtoo..., se:cdpVersion: 109.0.5414.120, setWindowRect: true, strictFileInteractability: false, timeouts: {implicit: 0, pageLoad: 300000, script: 30000}, unhandledPromptBehavior: dismiss and notify, webauthn:extension:credBlob: true, webauthn:extension:largeBlob: true, webauthn:virtualAuthenticators: true}
Session ID: 3e9fbe1abd788771ad7aaf9d0aefed46
12:59:54.165  INFO  manager.ListenerWD - ===================================
12:59:54.165  INFO  manager.ListenerWD - Object target --> org.openqa.selenium.remote.RemoteWebDriver$RemoteTargetLocator@2c579202
12:59:54.165  INFO  manager.ListenerWD - ===================================
12:59:54.166  INFO  manager.ListenerTNG - onTestFailure name --> addNewContactExistingEmail
12:59:54.167  INFO  tests.TestBase - The name of method is -->addNewContactMinimumCharAfterAtEmail
12:59:54.167  INFO  manager.ListenerWD - Before find elements --> By.xpath: //button[text()='Sign Out']
12:59:54.175  INFO  manager.ListenerWD - After find elements --> By.xpath: //button[text()='Sign Out']
12:59:54.175  INFO  manager.ListenerWD - List size is --> 1
12:59:54.175  INFO  manager.ListenerTNG - onTestStart name --> addNewContactMinimumCharAfterAtEmail
12:59:54.176  INFO  tests.TestBase - Test started with email: alinaw1453@
12:59:54.176  INFO  manager.ListenerWD - Before find element --> By.xpath: //a[@href='/add']
12:59:54.183  INFO  manager.ListenerWD - After find element --> By.xpath: //a[@href='/add']
12:59:54.214  INFO  manager.ListenerWD - Before find element --> By.cssSelector: input[placeholder='Name']
12:59:54.222  INFO  manager.ListenerWD - After find element --> By.cssSelector: input[placeholder='Name']
12:59:54.286  INFO  manager.ListenerWD - Before find element --> By.cssSelector: input[placeholder='Last Name']
12:59:54.294  INFO  manager.ListenerWD - After find element --> By.cssSelector: input[placeholder='Last Name']
12:59:54.355  INFO  manager.ListenerWD - Before find element --> By.cssSelector: input[placeholder='Phone']
12:59:54.363  INFO  manager.ListenerWD - After find element --> By.cssSelector: input[placeholder='Phone']
12:59:54.427  INFO  manager.ListenerWD - Before find element --> By.cssSelector: input[placeholder='email']
12:59:54.434  INFO  manager.ListenerWD - After find element --> By.cssSelector: input[placeholder='email']
12:59:54.499  INFO  manager.ListenerWD - Before find element --> By.cssSelector: input[placeholder='Address']
12:59:54.506  INFO  manager.ListenerWD - After find element --> By.cssSelector: input[placeholder='Address']
12:59:54.573  INFO  manager.ListenerWD - Before find element --> By.cssSelector: input[placeholder='description']
12:59:54.581  INFO  manager.ListenerWD - After find element --> By.cssSelector: input[placeholder='description']
12:59:54.647  INFO  manager.ListenerWD - Before find element --> By.xpath: //b[text()='Save']
12:59:54.655  INFO  manager.ListenerWD - After find element --> By.xpath: //b[text()='Save']
12:59:54.690  INFO  manager.ListenerWD - Test ends with error
12:59:54.690  INFO  manager.ListenerWD - ===================================
12:59:54.690  INFO  manager.ListenerWD - Method name--> alert
12:59:54.690  INFO  manager.ListenerWD - ===================================
12:59:54.690  INFO  manager.ListenerWD - InvocationTargetException cause--> org.openqa.selenium.NoAlertPresentException: no such alert
  (Session info: chrome=109.0.5414.120)
Build info: version: '4.7.1', revision: 'c6795baf1a3'
System info: os.name: 'Windows 10', os.arch: 'amd64', os.version: '10.0', java.version: '11.0.17'
Driver info: org.openqa.selenium.chrome.ChromeDriver
Command: [3e9fbe1abd788771ad7aaf9d0aefed46, getAlertText {}]
Capabilities {acceptInsecureCerts: false, browserName: chrome, browserVersion: 109.0.5414.120, chrome: {chromedriverVersion: 109.0.5414.74 (e7c5703604da..., userDataDir: C:\Users\User\AppData\Local...}, goog:chromeOptions: {debuggerAddress: localhost:63748}, networkConnectionEnabled: false, pageLoadStrategy: normal, platformName: WINDOWS, proxy: Proxy(), se:cdp: ws://localhost:63748/devtoo..., se:cdpVersion: 109.0.5414.120, setWindowRect: true, strictFileInteractability: false, timeouts: {implicit: 0, pageLoad: 300000, script: 30000}, unhandledPromptBehavior: dismiss and notify, webauthn:extension:credBlob: true, webauthn:extension:largeBlob: true, webauthn:virtualAuthenticators: true}
Session ID: 3e9fbe1abd788771ad7aaf9d0aefed46
12:59:54.690  INFO  manager.ListenerWD - ===================================
12:59:54.690  INFO  manager.ListenerWD - Object target --> org.openqa.selenium.remote.RemoteWebDriver$RemoteTargetLocator@e154848
12:59:54.690  INFO  manager.ListenerWD - ===================================
12:59:55.200  INFO  tests.TestBase - Test passed with success
12:59:55.201  INFO  manager.ListenerTNG - onTestSuccess name --> addNewContactMinimumCharAfterAtEmail
12:59:55.201  INFO  tests.TestBase - The name of method is -->addNewContactMinimumCharBeforeAtEmail
12:59:55.202  INFO  manager.ListenerWD - Before find elements --> By.xpath: //button[text()='Sign Out']
12:59:55.209  INFO  manager.ListenerWD - After find elements --> By.xpath: //button[text()='Sign Out']
12:59:55.209  INFO  manager.ListenerWD - List size is --> 1
12:59:55.209  INFO  manager.ListenerTNG - onTestStart name --> addNewContactMinimumCharBeforeAtEmail
12:59:55.210  INFO  tests.TestBase - Test started with email: @gmail.com
12:59:55.210  INFO  manager.ListenerWD - Before find element --> By.xpath: //a[@href='/add']
12:59:55.218  INFO  manager.ListenerWD - After find element --> By.xpath: //a[@href='/add']
12:59:55.245  INFO  manager.ListenerWD - Before find element --> By.cssSelector: input[placeholder='Name']
12:59:55.253  INFO  manager.ListenerWD - After find element --> By.cssSelector: input[placeholder='Name']
12:59:55.312  INFO  manager.ListenerWD - Before find element --> By.cssSelector: input[placeholder='Last Name']
12:59:55.320  INFO  manager.ListenerWD - After find element --> By.cssSelector: input[placeholder='Last Name']
12:59:55.374  INFO  manager.ListenerWD - Before find element --> By.cssSelector: input[placeholder='Phone']
12:59:55.381  INFO  manager.ListenerWD - After find element --> By.cssSelector: input[placeholder='Phone']
12:59:55.436  INFO  manager.ListenerWD - Before find element --> By.cssSelector: input[placeholder='email']
12:59:55.443  INFO  manager.ListenerWD - After find element --> By.cssSelector: input[placeholder='email']
12:59:55.498  INFO  manager.ListenerWD - Before find element --> By.cssSelector: input[placeholder='Address']
12:59:55.505  INFO  manager.ListenerWD - After find element --> By.cssSelector: input[placeholder='Address']
12:59:55.560  INFO  manager.ListenerWD - Before find element --> By.cssSelector: input[placeholder='description']
12:59:55.567  INFO  manager.ListenerWD - After find element --> By.cssSelector: input[placeholder='description']
12:59:55.625  INFO  manager.ListenerWD - Before find element --> By.xpath: //b[text()='Save']
12:59:55.632  INFO  manager.ListenerWD - After find element --> By.xpath: //b[text()='Save']
12:59:55.655  INFO  manager.ListenerWD - Test ends with error
12:59:55.655  INFO  manager.ListenerWD - ===================================
12:59:55.655  INFO  manager.ListenerWD - Method name--> alert
12:59:55.655  INFO  manager.ListenerWD - ===================================
12:59:55.655  INFO  manager.ListenerWD - InvocationTargetException cause--> org.openqa.selenium.NoAlertPresentException: no such alert
  (Session info: chrome=109.0.5414.120)
Build info: version: '4.7.1', revision: 'c6795baf1a3'
System info: os.name: 'Windows 10', os.arch: 'amd64', os.version: '10.0', java.version: '11.0.17'
Driver info: org.openqa.selenium.chrome.ChromeDriver
Command: [3e9fbe1abd788771ad7aaf9d0aefed46, getAlertText {}]
Capabilities {acceptInsecureCerts: false, browserName: chrome, browserVersion: 109.0.5414.120, chrome: {chromedriverVersion: 109.0.5414.74 (e7c5703604da..., userDataDir: C:\Users\User\AppData\Local...}, goog:chromeOptions: {debuggerAddress: localhost:63748}, networkConnectionEnabled: false, pageLoadStrategy: normal, platformName: WINDOWS, proxy: Proxy(), se:cdp: ws://localhost:63748/devtoo..., se:cdpVersion: 109.0.5414.120, setWindowRect: true, strictFileInteractability: false, timeouts: {implicit: 0, pageLoad: 300000, script: 30000}, unhandledPromptBehavior: dismiss and notify, webauthn:extension:credBlob: true, webauthn:extension:largeBlob: true, webauthn:virtualAuthenticators: true}
Session ID: 3e9fbe1abd788771ad7aaf9d0aefed46
12:59:55.655  INFO  manager.ListenerWD - ===================================
12:59:55.655  INFO  manager.ListenerWD - Object target --> org.openqa.selenium.remote.RemoteWebDriver$RemoteTargetLocator@7f305f34
12:59:55.655  INFO  manager.ListenerWD - ===================================
12:59:56.166  INFO  tests.TestBase - Test passed with success
12:59:56.166  INFO  manager.ListenerTNG - onTestSuccess name --> addNewContactMinimumCharBeforeAtEmail
12:59:56.166  INFO  tests.TestBase - The name of method is -->addNewContactNonEnglishEmail
12:59:56.166  INFO  manager.ListenerWD - Before find elements --> By.xpath: //button[text()='Sign Out']
12:59:56.173  INFO  manager.ListenerWD - After find elements --> By.xpath: //button[text()='Sign Out']
12:59:56.173  INFO  manager.ListenerWD - List size is --> 1
12:59:56.173  INFO  manager.ListenerTNG - onTestStart name --> addNewContactNonEnglishEmail
12:59:56.174  INFO  tests.TestBase - Test started with email: 1020@.
12:59:56.174  INFO  manager.ListenerWD - Before find element --> By.xpath: //a[@href='/add']
12:59:56.181  INFO  manager.ListenerWD - After find element --> By.xpath: //a[@href='/add']
12:59:56.205  INFO  manager.ListenerWD - Before find element --> By.cssSelector: input[placeholder='Name']
12:59:56.212  INFO  manager.ListenerWD - After find element --> By.cssSelector: input[placeholder='Name']
12:59:56.265  INFO  manager.ListenerWD - Before find element --> By.cssSelector: input[placeholder='Last Name']
12:59:56.272  INFO  manager.ListenerWD - After find element --> By.cssSelector: input[placeholder='Last Name']
12:59:56.322  INFO  manager.ListenerWD - Before find element --> By.cssSelector: input[placeholder='Phone']
12:59:56.329  INFO  manager.ListenerWD - After find element --> By.cssSelector: input[placeholder='Phone']
12:59:56.381  INFO  manager.ListenerWD - Before find element --> By.cssSelector: input[placeholder='email']
12:59:56.390  INFO  manager.ListenerWD - After find element --> By.cssSelector: input[placeholder='email']
12:59:56.453  INFO  manager.ListenerWD - Before find element --> By.cssSelector: input[placeholder='Address']
12:59:56.460  INFO  manager.ListenerWD - After find element --> By.cssSelector: input[placeholder='Address']
12:59:56.514  INFO  manager.ListenerWD - Before find element --> By.cssSelector: input[placeholder='description']
12:59:56.521  INFO  manager.ListenerWD - After find element --> By.cssSelector: input[placeholder='description']
12:59:56.576  INFO  manager.ListenerWD - Before find element --> By.xpath: //b[text()='Save']
12:59:56.583  INFO  manager.ListenerWD - After find element --> By.xpath: //b[text()='Save']
12:59:56.611  INFO  manager.ListenerWD - Test ends with error
12:59:56.611  INFO  manager.ListenerWD - ===================================
12:59:56.611  INFO  manager.ListenerWD - Method name--> alert
12:59:56.611  INFO  manager.ListenerWD - ===================================
12:59:56.611  INFO  manager.ListenerWD - InvocationTargetException cause--> org.openqa.selenium.NoAlertPresentException: no such alert
  (Session info: chrome=109.0.5414.120)
Build info: version: '4.7.1', revision: 'c6795baf1a3'
System info: os.name: 'Windows 10', os.arch: 'amd64', os.version: '10.0', java.version: '11.0.17'
Driver info: org.openqa.selenium.chrome.ChromeDriver
Command: [3e9fbe1abd788771ad7aaf9d0aefed46, getAlertText {}]
Capabilities {acceptInsecureCerts: false, browserName: chrome, browserVersion: 109.0.5414.120, chrome: {chromedriverVersion: 109.0.5414.74 (e7c5703604da..., userDataDir: C:\Users\User\AppData\Local...}, goog:chromeOptions: {debuggerAddress: localhost:63748}, networkConnectionEnabled: false, pageLoadStrategy: normal, platformName: WINDOWS, proxy: Proxy(), se:cdp: ws://localhost:63748/devtoo..., se:cdpVersion: 109.0.5414.120, setWindowRect: true, strictFileInteractability: false, timeouts: {implicit: 0, pageLoad: 300000, script: 30000}, unhandledPromptBehavior: dismiss and notify, webauthn:extension:credBlob: true, webauthn:extension:largeBlob: true, webauthn:virtualAuthenticators: true}
Session ID: 3e9fbe1abd788771ad7aaf9d0aefed46
12:59:56.611  INFO  manager.ListenerWD - ===================================
12:59:56.611  INFO  manager.ListenerWD - Object target --> org.openqa.selenium.remote.RemoteWebDriver$RemoteTargetLocator@3982206a
12:59:56.611  INFO  manager.ListenerWD - ===================================
12:59:57.115  INFO  manager.ListenerWD - Test ends with error
12:59:57.115  INFO  manager.ListenerWD - ===================================
12:59:57.115  INFO  manager.ListenerWD - Method name--> alert
12:59:57.115  INFO  manager.ListenerWD - ===================================
12:59:57.115  INFO  manager.ListenerWD - InvocationTargetException cause--> org.openqa.selenium.NoAlertPresentException: no such alert
  (Session info: chrome=109.0.5414.120)
Build info: version: '4.7.1', revision: 'c6795baf1a3'
System info: os.name: 'Windows 10', os.arch: 'amd64', os.version: '10.0', java.version: '11.0.17'
Driver info: org.openqa.selenium.chrome.ChromeDriver
Command: [3e9fbe1abd788771ad7aaf9d0aefed46, getAlertText {}]
Capabilities {acceptInsecureCerts: false, browserName: chrome, browserVersion: 109.0.5414.120, chrome: {chromedriverVersion: 109.0.5414.74 (e7c5703604da..., userDataDir: C:\Users\User\AppData\Local...}, goog:chromeOptions: {debuggerAddress: localhost:63748}, networkConnectionEnabled: false, pageLoadStrategy: normal, platformName: WINDOWS, proxy: Proxy(), se:cdp: ws://localhost:63748/devtoo..., se:cdpVersion: 109.0.5414.120, setWindowRect: true, strictFileInteractability: false, timeouts: {implicit: 0, pageLoad: 300000, script: 30000}, unhandledPromptBehavior: dismiss and notify, webauthn:extension:credBlob: true, webauthn:extension:largeBlob: true, webauthn:virtualAuthenticators: true}
Session ID: 3e9fbe1abd788771ad7aaf9d0aefed46
12:59:57.115  INFO  manager.ListenerWD - ===================================
12:59:57.115  INFO  manager.ListenerWD - Object target --> org.openqa.selenium.remote.RemoteWebDriver$RemoteTargetLocator@419f0ea
12:59:57.115  INFO  manager.ListenerWD - ===================================
12:59:57.620  INFO  manager.ListenerWD - Test ends with error
12:59:57.620  INFO  manager.ListenerWD - ===================================
12:59:57.620  INFO  manager.ListenerWD - Method name--> alert
12:59:57.620  INFO  manager.ListenerWD - ===================================
12:59:57.620  INFO  manager.ListenerWD - InvocationTargetException cause--> org.openqa.selenium.NoAlertPresentException: no such alert
  (Session info: chrome=109.0.5414.120)
Build info: version: '4.7.1', revision: 'c6795baf1a3'
System info: os.name: 'Windows 10', os.arch: 'amd64', os.version: '10.0', java.version: '11.0.17'
Driver info: org.openqa.selenium.chrome.ChromeDriver
Command: [3e9fbe1abd788771ad7aaf9d0aefed46, getAlertText {}]
Capabilities {acceptInsecureCerts: false, browserName: chrome, browserVersion: 109.0.5414.120, chrome: {chromedriverVersion: 109.0.5414.74 (e7c5703604da..., userDataDir: C:\Users\User\AppData\Local...}, goog:chromeOptions: {debuggerAddress: localhost:63748}, networkConnectionEnabled: false, pageLoadStrategy: normal, platformName: WINDOWS, proxy: Proxy(), se:cdp: ws://localhost:63748/devtoo..., se:cdpVersion: 109.0.5414.120, setWindowRect: true, strictFileInteractability: false, timeouts: {implicit: 0, pageLoad: 300000, script: 30000}, unhandledPromptBehavior: dismiss and notify, webauthn:extension:credBlob: true, webauthn:extension:largeBlob: true, webauthn:virtualAuthenticators: true}
Session ID: 3e9fbe1abd788771ad7aaf9d0aefed46
12:59:57.620  INFO  manager.ListenerWD - ===================================
12:59:57.620  INFO  manager.ListenerWD - Object target --> org.openqa.selenium.remote.RemoteWebDriver$RemoteTargetLocator@213012a0
12:59:57.620  INFO  manager.ListenerWD - ===================================
12:59:58.125  INFO  manager.ListenerWD - Test ends with error
12:59:58.125  INFO  manager.ListenerWD - ===================================
12:59:58.125  INFO  manager.ListenerWD - Method name--> alert
12:59:58.125  INFO  manager.ListenerWD - ===================================
12:59:58.125  INFO  manager.ListenerWD - InvocationTargetException cause--> org.openqa.selenium.NoAlertPresentException: no such alert
  (Session info: chrome=109.0.5414.120)
Build info: version: '4.7.1', revision: 'c6795baf1a3'
System info: os.name: 'Windows 10', os.arch: 'amd64', os.version: '10.0', java.version: '11.0.17'
Driver info: org.openqa.selenium.chrome.ChromeDriver
Command: [3e9fbe1abd788771ad7aaf9d0aefed46, getAlertText {}]
Capabilities {acceptInsecureCerts: false, browserName: chrome, browserVersion: 109.0.5414.120, chrome: {chromedriverVersion: 109.0.5414.74 (e7c5703604da..., userDataDir: C:\Users\User\AppData\Local...}, goog:chromeOptions: {debuggerAddress: localhost:63748}, networkConnectionEnabled: false, pageLoadStrategy: normal, platformName: WINDOWS, proxy: Proxy(), se:cdp: ws://localhost:63748/devtoo..., se:cdpVersion: 109.0.5414.120, setWindowRect: true, strictFileInteractability: false, timeouts: {implicit: 0, pageLoad: 300000, script: 30000}, unhandledPromptBehavior: dismiss and notify, webauthn:extension:credBlob: true, webauthn:extension:largeBlob: true, webauthn:virtualAuthenticators: true}
Session ID: 3e9fbe1abd788771ad7aaf9d0aefed46
12:59:58.125  INFO  manager.ListenerWD - ===================================
12:59:58.125  INFO  manager.ListenerWD - Object target --> org.openqa.selenium.remote.RemoteWebDriver$RemoteTargetLocator@51a719e7
12:59:58.125  INFO  manager.ListenerWD - ===================================
12:59:58.630  INFO  manager.ListenerWD - Test ends with error
12:59:58.630  INFO  manager.ListenerWD - ===================================
12:59:58.630  INFO  manager.ListenerWD - Method name--> alert
12:59:58.630  INFO  manager.ListenerWD - ===================================
12:59:58.630  INFO  manager.ListenerWD - InvocationTargetException cause--> org.openqa.selenium.NoAlertPresentException: no such alert
  (Session info: chrome=109.0.5414.120)
Build info: version: '4.7.1', revision: 'c6795baf1a3'
System info: os.name: 'Windows 10', os.arch: 'amd64', os.version: '10.0', java.version: '11.0.17'
Driver info: org.openqa.selenium.chrome.ChromeDriver
Command: [3e9fbe1abd788771ad7aaf9d0aefed46, getAlertText {}]
Capabilities {acceptInsecureCerts: false, browserName: chrome, browserVersion: 109.0.5414.120, chrome: {chromedriverVersion: 109.0.5414.74 (e7c5703604da..., userDataDir: C:\Users\User\AppData\Local...}, goog:chromeOptions: {debuggerAddress: localhost:63748}, networkConnectionEnabled: false, pageLoadStrategy: normal, platformName: WINDOWS, proxy: Proxy(), se:cdp: ws://localhost:63748/devtoo..., se:cdpVersion: 109.0.5414.120, setWindowRect: true, strictFileInteractability: false, timeouts: {implicit: 0, pageLoad: 300000, script: 30000}, unhandledPromptBehavior: dismiss and notify, webauthn:extension:credBlob: true, webauthn:extension:largeBlob: true, webauthn:virtualAuthenticators: true}
Session ID: 3e9fbe1abd788771ad7aaf9d0aefed46
12:59:58.630  INFO  manager.ListenerWD - ===================================
12:59:58.630  INFO  manager.ListenerWD - Object target --> org.openqa.selenium.remote.RemoteWebDriver$RemoteTargetLocator@789dd6bf
12:59:58.630  INFO  manager.ListenerWD - ===================================
12:59:59.134  INFO  manager.ListenerWD - Test ends with error
12:59:59.134  INFO  manager.ListenerWD - ===================================
12:59:59.134  INFO  manager.ListenerWD - Method name--> alert
12:59:59.134  INFO  manager.ListenerWD - ===================================
12:59:59.134  INFO  manager.ListenerWD - InvocationTargetException cause--> org.openqa.selenium.NoAlertPresentException: no such alert
  (Session info: chrome=109.0.5414.120)
Build info: version: '4.7.1', revision: 'c6795baf1a3'
System info: os.name: 'Windows 10', os.arch: 'amd64', os.version: '10.0', java.version: '11.0.17'
Driver info: org.openqa.selenium.chrome.ChromeDriver
Command: [3e9fbe1abd788771ad7aaf9d0aefed46, getAlertText {}]
Capabilities {acceptInsecureCerts: false, browserName: chrome, browserVersion: 109.0.5414.120, chrome: {chromedriverVersion: 109.0.5414.74 (e7c5703604da..., userDataDir: C:\Users\User\AppData\Local...}, goog:chromeOptions: {debuggerAddress: localhost:63748}, networkConnectionEnabled: false, pageLoadStrategy: normal, platformName: WINDOWS, proxy: Proxy(), se:cdp: ws://localhost:63748/devtoo..., se:cdpVersion: 109.0.5414.120, setWindowRect: true, strictFileInteractability: false, timeouts: {implicit: 0, pageLoad: 300000, script: 30000}, unhandledPromptBehavior: dismiss and notify, webauthn:extension:credBlob: true, webauthn:extension:largeBlob: true, webauthn:virtualAuthenticators: true}
Session ID: 3e9fbe1abd788771ad7aaf9d0aefed46
12:59:59.134  INFO  manager.ListenerWD - ===================================
12:59:59.134  INFO  manager.ListenerWD - Object target --> org.openqa.selenium.remote.RemoteWebDriver$RemoteTargetLocator@24fc2c80
12:59:59.134  INFO  manager.ListenerWD - ===================================
12:59:59.640  INFO  manager.ListenerWD - Test ends with error
12:59:59.640  INFO  manager.ListenerWD - ===================================
12:59:59.640  INFO  manager.ListenerWD - Method name--> alert
12:59:59.640  INFO  manager.ListenerWD - ===================================
12:59:59.640  INFO  manager.ListenerWD - InvocationTargetException cause--> org.openqa.selenium.NoAlertPresentException: no such alert
  (Session info: chrome=109.0.5414.120)
Build info: version: '4.7.1', revision: 'c6795baf1a3'
System info: os.name: 'Windows 10', os.arch: 'amd64', os.version: '10.0', java.version: '11.0.17'
Driver info: org.openqa.selenium.chrome.ChromeDriver
Command: [3e9fbe1abd788771ad7aaf9d0aefed46, getAlertText {}]
Capabilities {acceptInsecureCerts: false, browserName: chrome, browserVersion: 109.0.5414.120, chrome: {chromedriverVersion: 109.0.5414.74 (e7c5703604da..., userDataDir: C:\Users\User\AppData\Local...}, goog:chromeOptions: {debuggerAddress: localhost:63748}, networkConnectionEnabled: false, pageLoadStrategy: normal, platformName: WINDOWS, proxy: Proxy(), se:cdp: ws://localhost:63748/devtoo..., se:cdpVersion: 109.0.5414.120, setWindowRect: true, strictFileInteractability: false, timeouts: {implicit: 0, pageLoad: 300000, script: 30000}, unhandledPromptBehavior: dismiss and notify, webauthn:extension:credBlob: true, webauthn:extension:largeBlob: true, webauthn:virtualAuthenticators: true}
Session ID: 3e9fbe1abd788771ad7aaf9d0aefed46
12:59:59.640  INFO  manager.ListenerWD - ===================================
12:59:59.640  INFO  manager.ListenerWD - Object target --> org.openqa.selenium.remote.RemoteWebDriver$RemoteTargetLocator@48b3b1b8
12:59:59.640  INFO  manager.ListenerWD - ===================================
13:00:00.144  INFO  manager.ListenerWD - Test ends with error
13:00:00.144  INFO  manager.ListenerWD - ===================================
13:00:00.144  INFO  manager.ListenerWD - Method name--> alert
13:00:00.144  INFO  manager.ListenerWD - ===================================
13:00:00.144  INFO  manager.ListenerWD - InvocationTargetException cause--> org.openqa.selenium.NoAlertPresentException: no such alert
  (Session info: chrome=109.0.5414.120)
Build info: version: '4.7.1', revision: 'c6795baf1a3'
System info: os.name: 'Windows 10', os.arch: 'amd64', os.version: '10.0', java.version: '11.0.17'
Driver info: org.openqa.selenium.chrome.ChromeDriver
Command: [3e9fbe1abd788771ad7aaf9d0aefed46, getAlertText {}]
Capabilities {acceptInsecureCerts: false, browserName: chrome, browserVersion: 109.0.5414.120, chrome: {chromedriverVersion: 109.0.5414.74 (e7c5703604da..., userDataDir: C:\Users\User\AppData\Local...}, goog:chromeOptions: {debuggerAddress: localhost:63748}, networkConnectionEnabled: false, pageLoadStrategy: normal, platformName: WINDOWS, proxy: Proxy(), se:cdp: ws://localhost:63748/devtoo..., se:cdpVersion: 109.0.5414.120, setWindowRect: true, strictFileInteractability: false, timeouts: {implicit: 0, pageLoad: 300000, script: 30000}, unhandledPromptBehavior: dismiss and notify, webauthn:extension:credBlob: true, webauthn:extension:largeBlob: true, webauthn:virtualAuthenticators: true}
Session ID: 3e9fbe1abd788771ad7aaf9d0aefed46
13:00:00.144  INFO  manager.ListenerWD - ===================================
13:00:00.144  INFO  manager.ListenerWD - Object target --> org.openqa.selenium.remote.RemoteWebDriver$RemoteTargetLocator@686b1e2d
13:00:00.144  INFO  manager.ListenerWD - ===================================
13:00:00.649  INFO  manager.ListenerWD - Test ends with error
13:00:00.649  INFO  manager.ListenerWD - ===================================
13:00:00.649  INFO  manager.ListenerWD - Method name--> alert
13:00:00.649  INFO  manager.ListenerWD - ===================================
13:00:00.649  INFO  manager.ListenerWD - InvocationTargetException cause--> org.openqa.selenium.NoAlertPresentException: no such alert
  (Session info: chrome=109.0.5414.120)
Build info: version: '4.7.1', revision: 'c6795baf1a3'
System info: os.name: 'Windows 10', os.arch: 'amd64', os.version: '10.0', java.version: '11.0.17'
Driver info: org.openqa.selenium.chrome.ChromeDriver
Command: [3e9fbe1abd788771ad7aaf9d0aefed46, getAlertText {}]
Capabilities {acceptInsecureCerts: false, browserName: chrome, browserVersion: 109.0.5414.120, chrome: {chromedriverVersion: 109.0.5414.74 (e7c5703604da..., userDataDir: C:\Users\User\AppData\Local...}, goog:chromeOptions: {debuggerAddress: localhost:63748}, networkConnectionEnabled: false, pageLoadStrategy: normal, platformName: WINDOWS, proxy: Proxy(), se:cdp: ws://localhost:63748/devtoo..., se:cdpVersion: 109.0.5414.120, setWindowRect: true, strictFileInteractability: false, timeouts: {implicit: 0, pageLoad: 300000, script: 30000}, unhandledPromptBehavior: dismiss and notify, webauthn:extension:credBlob: true, webauthn:extension:largeBlob: true, webauthn:virtualAuthenticators: true}
Session ID: 3e9fbe1abd788771ad7aaf9d0aefed46
13:00:00.649  INFO  manager.ListenerWD - ===================================
13:00:00.649  INFO  manager.ListenerWD - Object target --> org.openqa.selenium.remote.RemoteWebDriver$RemoteTargetLocator@b32e983
13:00:00.649  INFO  manager.ListenerWD - ===================================
13:00:01.154  INFO  manager.ListenerWD - Test ends with error
13:00:01.154  INFO  manager.ListenerWD - ===================================
13:00:01.154  INFO  manager.ListenerWD - Method name--> alert
13:00:01.154  INFO  manager.ListenerWD - ===================================
13:00:01.154  INFO  manager.ListenerWD - InvocationTargetException cause--> org.openqa.selenium.NoAlertPresentException: no such alert
  (Session info: chrome=109.0.5414.120)
Build info: version: '4.7.1', revision: 'c6795baf1a3'
System info: os.name: 'Windows 10', os.arch: 'amd64', os.version: '10.0', java.version: '11.0.17'
Driver info: org.openqa.selenium.chrome.ChromeDriver
Command: [3e9fbe1abd788771ad7aaf9d0aefed46, getAlertText {}]
Capabilities {acceptInsecureCerts: false, browserName: chrome, browserVersion: 109.0.5414.120, chrome: {chromedriverVersion: 109.0.5414.74 (e7c5703604da..., userDataDir: C:\Users\User\AppData\Local...}, goog:chromeOptions: {debuggerAddress: localhost:63748}, networkConnectionEnabled: false, pageLoadStrategy: normal, platformName: WINDOWS, proxy: Proxy(), se:cdp: ws://localhost:63748/devtoo..., se:cdpVersion: 109.0.5414.120, setWindowRect: true, strictFileInteractability: false, timeouts: {implicit: 0, pageLoad: 300000, script: 30000}, unhandledPromptBehavior: dismiss and notify, webauthn:extension:credBlob: true, webauthn:extension:largeBlob: true, webauthn:virtualAuthenticators: true}
Session ID: 3e9fbe1abd788771ad7aaf9d0aefed46
13:00:01.154  INFO  manager.ListenerWD - ===================================
13:00:01.154  INFO  manager.ListenerWD - Object target --> org.openqa.selenium.remote.RemoteWebDriver$RemoteTargetLocator@269308cc
13:00:01.154  INFO  manager.ListenerWD - ===================================
13:00:01.659  INFO  manager.ListenerWD - Test ends with error
13:00:01.659  INFO  manager.ListenerWD - ===================================
13:00:01.659  INFO  manager.ListenerWD - Method name--> alert
13:00:01.659  INFO  manager.ListenerWD - ===================================
13:00:01.659  INFO  manager.ListenerWD - InvocationTargetException cause--> org.openqa.selenium.NoAlertPresentException: no such alert
  (Session info: chrome=109.0.5414.120)
Build info: version: '4.7.1', revision: 'c6795baf1a3'
System info: os.name: 'Windows 10', os.arch: 'amd64', os.version: '10.0', java.version: '11.0.17'
Driver info: org.openqa.selenium.chrome.ChromeDriver
Command: [3e9fbe1abd788771ad7aaf9d0aefed46, getAlertText {}]
Capabilities {acceptInsecureCerts: false, browserName: chrome, browserVersion: 109.0.5414.120, chrome: {chromedriverVersion: 109.0.5414.74 (e7c5703604da..., userDataDir: C:\Users\User\AppData\Local...}, goog:chromeOptions: {debuggerAddress: localhost:63748}, networkConnectionEnabled: false, pageLoadStrategy: normal, platformName: WINDOWS, proxy: Proxy(), se:cdp: ws://localhost:63748/devtoo..., se:cdpVersion: 109.0.5414.120, setWindowRect: true, strictFileInteractability: false, timeouts: {implicit: 0, pageLoad: 300000, script: 30000}, unhandledPromptBehavior: dismiss and notify, webauthn:extension:credBlob: true, webauthn:extension:largeBlob: true, webauthn:virtualAuthenticators: true}
Session ID: 3e9fbe1abd788771ad7aaf9d0aefed46
13:00:01.659  INFO  manager.ListenerWD - ===================================
13:00:01.659  INFO  manager.ListenerWD - Object target --> org.openqa.selenium.remote.RemoteWebDriver$RemoteTargetLocator@61ad30f6
13:00:01.659  INFO  manager.ListenerWD - ===================================
13:00:02.163  INFO  manager.ListenerWD - Test ends with error
13:00:02.163  INFO  manager.ListenerWD - ===================================
13:00:02.163  INFO  manager.ListenerWD - Method name--> alert
13:00:02.163  INFO  manager.ListenerWD - ===================================
13:00:02.163  INFO  manager.ListenerWD - InvocationTargetException cause--> org.openqa.selenium.NoAlertPresentException: no such alert
  (Session info: chrome=109.0.5414.120)
Build info: version: '4.7.1', revision: 'c6795baf1a3'
System info: os.name: 'Windows 10', os.arch: 'amd64', os.version: '10.0', java.version: '11.0.17'
Driver info: org.openqa.selenium.chrome.ChromeDriver
Command: [3e9fbe1abd788771ad7aaf9d0aefed46, getAlertText {}]
Capabilities {acceptInsecureCerts: false, browserName: chrome, browserVersion: 109.0.5414.120, chrome: {chromedriverVersion: 109.0.5414.74 (e7c5703604da..., userDataDir: C:\Users\User\AppData\Local...}, goog:chromeOptions: {debuggerAddress: localhost:63748}, networkConnectionEnabled: false, pageLoadStrategy: normal, platformName: WINDOWS, proxy: Proxy(), se:cdp: ws://localhost:63748/devtoo..., se:cdpVersion: 109.0.5414.120, setWindowRect: true, strictFileInteractability: false, timeouts: {implicit: 0, pageLoad: 300000, script: 30000}, unhandledPromptBehavior: dismiss and notify, webauthn:extension:credBlob: true, webauthn:extension:largeBlob: true, webauthn:virtualAuthenticators: true}
Session ID: 3e9fbe1abd788771ad7aaf9d0aefed46
13:00:02.164  INFO  manager.ListenerWD - ===================================
13:00:02.164  INFO  manager.ListenerWD - Object target --> org.openqa.selenium.remote.RemoteWebDriver$RemoteTargetLocator@33f349ae
13:00:02.164  INFO  manager.ListenerWD - ===================================
13:00:02.668  INFO  manager.ListenerWD - Test ends with error
13:00:02.668  INFO  manager.ListenerWD - ===================================
13:00:02.668  INFO  manager.ListenerWD - Method name--> alert
13:00:02.668  INFO  manager.ListenerWD - ===================================
13:00:02.668  INFO  manager.ListenerWD - InvocationTargetException cause--> org.openqa.selenium.NoAlertPresentException: no such alert
  (Session info: chrome=109.0.5414.120)
Build info: version: '4.7.1', revision: 'c6795baf1a3'
System info: os.name: 'Windows 10', os.arch: 'amd64', os.version: '10.0', java.version: '11.0.17'
Driver info: org.openqa.selenium.chrome.ChromeDriver
Command: [3e9fbe1abd788771ad7aaf9d0aefed46, getAlertText {}]
Capabilities {acceptInsecureCerts: false, browserName: chrome, browserVersion: 109.0.5414.120, chrome: {chromedriverVersion: 109.0.5414.74 (e7c5703604da..., userDataDir: C:\Users\User\AppData\Local...}, goog:chromeOptions: {debuggerAddress: localhost:63748}, networkConnectionEnabled: false, pageLoadStrategy: normal, platformName: WINDOWS, proxy: Proxy(), se:cdp: ws://localhost:63748/devtoo..., se:cdpVersion: 109.0.5414.120, setWindowRect: true, strictFileInteractability: false, timeouts: {implicit: 0, pageLoad: 300000, script: 30000}, unhandledPromptBehavior: dismiss and notify, webauthn:extension:credBlob: true, webauthn:extension:largeBlob: true, webauthn:virtualAuthenticators: true}
Session ID: 3e9fbe1abd788771ad7aaf9d0aefed46
13:00:02.668  INFO  manager.ListenerWD - ===================================
13:00:02.668  INFO  manager.ListenerWD - Object target --> org.openqa.selenium.remote.RemoteWebDriver$RemoteTargetLocator@7d626f2
13:00:02.668  INFO  manager.ListenerWD - ===================================
13:00:03.172  INFO  manager.ListenerWD - Test ends with error
13:00:03.172  INFO  manager.ListenerWD - ===================================
13:00:03.172  INFO  manager.ListenerWD - Method name--> alert
13:00:03.172  INFO  manager.ListenerWD - ===================================
13:00:03.173  INFO  manager.ListenerWD - InvocationTargetException cause--> org.openqa.selenium.NoAlertPresentException: no such alert
  (Session info: chrome=109.0.5414.120)
Build info: version: '4.7.1', revision: 'c6795baf1a3'
System info: os.name: 'Windows 10', os.arch: 'amd64', os.version: '10.0', java.version: '11.0.17'
Driver info: org.openqa.selenium.chrome.ChromeDriver
Command: [3e9fbe1abd788771ad7aaf9d0aefed46, getAlertText {}]
Capabilities {acceptInsecureCerts: false, browserName: chrome, browserVersion: 109.0.5414.120, chrome: {chromedriverVersion: 109.0.5414.74 (e7c5703604da..., userDataDir: C:\Users\User\AppData\Local...}, goog:chromeOptions: {debuggerAddress: localhost:63748}, networkConnectionEnabled: false, pageLoadStrategy: normal, platformName: WINDOWS, proxy: Proxy(), se:cdp: ws://localhost:63748/devtoo..., se:cdpVersion: 109.0.5414.120, setWindowRect: true, strictFileInteractability: false, timeouts: {implicit: 0, pageLoad: 300000, script: 30000}, unhandledPromptBehavior: dismiss and notify, webauthn:extension:credBlob: true, webauthn:extension:largeBlob: true, webauthn:virtualAuthenticators: true}
Session ID: 3e9fbe1abd788771ad7aaf9d0aefed46
13:00:03.173  INFO  manager.ListenerWD - ===================================
13:00:03.173  INFO  manager.ListenerWD - Object target --> org.openqa.selenium.remote.RemoteWebDriver$RemoteTargetLocator@3cdfbbef
13:00:03.173  INFO  manager.ListenerWD - ===================================
13:00:03.677  INFO  manager.ListenerWD - Test ends with error
13:00:03.678  INFO  manager.ListenerWD - ===================================
13:00:03.678  INFO  manager.ListenerWD - Method name--> alert
13:00:03.678  INFO  manager.ListenerWD - ===================================
13:00:03.678  INFO  manager.ListenerWD - InvocationTargetException cause--> org.openqa.selenium.NoAlertPresentException: no such alert
  (Session info: chrome=109.0.5414.120)
Build info: version: '4.7.1', revision: 'c6795baf1a3'
System info: os.name: 'Windows 10', os.arch: 'amd64', os.version: '10.0', java.version: '11.0.17'
Driver info: org.openqa.selenium.chrome.ChromeDriver
Command: [3e9fbe1abd788771ad7aaf9d0aefed46, getAlertText {}]
Capabilities {acceptInsecureCerts: false, browserName: chrome, browserVersion: 109.0.5414.120, chrome: {chromedriverVersion: 109.0.5414.74 (e7c5703604da..., userDataDir: C:\Users\User\AppData\Local...}, goog:chromeOptions: {debuggerAddress: localhost:63748}, networkConnectionEnabled: false, pageLoadStrategy: normal, platformName: WINDOWS, proxy: Proxy(), se:cdp: ws://localhost:63748/devtoo..., se:cdpVersion: 109.0.5414.120, setWindowRect: true, strictFileInteractability: false, timeouts: {implicit: 0, pageLoad: 300000, script: 30000}, unhandledPromptBehavior: dismiss and notify, webauthn:extension:credBlob: true, webauthn:extension:largeBlob: true, webauthn:virtualAuthenticators: true}
Session ID: 3e9fbe1abd788771ad7aaf9d0aefed46
13:00:03.678  INFO  manager.ListenerWD - ===================================
13:00:03.678  INFO  manager.ListenerWD - Object target --> org.openqa.selenium.remote.RemoteWebDriver$RemoteTargetLocator@5fc7255c
13:00:03.678  INFO  manager.ListenerWD - ===================================
13:00:04.182  INFO  manager.ListenerWD - Test ends with error
13:00:04.182  INFO  manager.ListenerWD - ===================================
13:00:04.182  INFO  manager.ListenerWD - Method name--> alert
13:00:04.182  INFO  manager.ListenerWD - ===================================
13:00:04.182  INFO  manager.ListenerWD - InvocationTargetException cause--> org.openqa.selenium.NoAlertPresentException: no such alert
  (Session info: chrome=109.0.5414.120)
Build info: version: '4.7.1', revision: 'c6795baf1a3'
System info: os.name: 'Windows 10', os.arch: 'amd64', os.version: '10.0', java.version: '11.0.17'
Driver info: org.openqa.selenium.chrome.ChromeDriver
Command: [3e9fbe1abd788771ad7aaf9d0aefed46, getAlertText {}]
Capabilities {acceptInsecureCerts: false, browserName: chrome, browserVersion: 109.0.5414.120, chrome: {chromedriverVersion: 109.0.5414.74 (e7c5703604da..., userDataDir: C:\Users\User\AppData\Local...}, goog:chromeOptions: {debuggerAddress: localhost:63748}, networkConnectionEnabled: false, pageLoadStrategy: normal, platformName: WINDOWS, proxy: Proxy(), se:cdp: ws://localhost:63748/devtoo..., se:cdpVersion: 109.0.5414.120, setWindowRect: true, strictFileInteractability: false, timeouts: {implicit: 0, pageLoad: 300000, script: 30000}, unhandledPromptBehavior: dismiss and notify, webauthn:extension:credBlob: true, webauthn:extension:largeBlob: true, webauthn:virtualAuthenticators: true}
Session ID: 3e9fbe1abd788771ad7aaf9d0aefed46
13:00:04.182  INFO  manager.ListenerWD - ===================================
13:00:04.182  INFO  manager.ListenerWD - Object target --> org.openqa.selenium.remote.RemoteWebDriver$RemoteTargetLocator@79ba0285
13:00:04.182  INFO  manager.ListenerWD - ===================================
13:00:04.687  INFO  manager.ListenerWD - Test ends with error
13:00:04.687  INFO  manager.ListenerWD - ===================================
13:00:04.687  INFO  manager.ListenerWD - Method name--> alert
13:00:04.687  INFO  manager.ListenerWD - ===================================
13:00:04.687  INFO  manager.ListenerWD - InvocationTargetException cause--> org.openqa.selenium.NoAlertPresentException: no such alert
  (Session info: chrome=109.0.5414.120)
Build info: version: '4.7.1', revision: 'c6795baf1a3'
System info: os.name: 'Windows 10', os.arch: 'amd64', os.version: '10.0', java.version: '11.0.17'
Driver info: org.openqa.selenium.chrome.ChromeDriver
Command: [3e9fbe1abd788771ad7aaf9d0aefed46, getAlertText {}]
Capabilities {acceptInsecureCerts: false, browserName: chrome, browserVersion: 109.0.5414.120, chrome: {chromedriverVersion: 109.0.5414.74 (e7c5703604da..., userDataDir: C:\Users\User\AppData\Local...}, goog:chromeOptions: {debuggerAddress: localhost:63748}, networkConnectionEnabled: false, pageLoadStrategy: normal, platformName: WINDOWS, proxy: Proxy(), se:cdp: ws://localhost:63748/devtoo..., se:cdpVersion: 109.0.5414.120, setWindowRect: true, strictFileInteractability: false, timeouts: {implicit: 0, pageLoad: 300000, script: 30000}, unhandledPromptBehavior: dismiss and notify, webauthn:extension:credBlob: true, webauthn:extension:largeBlob: true, webauthn:virtualAuthenticators: true}
Session ID: 3e9fbe1abd788771ad7aaf9d0aefed46
13:00:04.687  INFO  manager.ListenerWD - ===================================
13:00:04.687  INFO  manager.ListenerWD - Object target --> org.openqa.selenium.remote.RemoteWebDriver$RemoteTargetLocator@3386ed8
13:00:04.687  INFO  manager.ListenerWD - ===================================
13:00:05.191  INFO  manager.ListenerWD - Test ends with error
13:00:05.192  INFO  manager.ListenerWD - ===================================
13:00:05.192  INFO  manager.ListenerWD - Method name--> alert
13:00:05.192  INFO  manager.ListenerWD - ===================================
13:00:05.192  INFO  manager.ListenerWD - InvocationTargetException cause--> org.openqa.selenium.NoAlertPresentException: no such alert
  (Session info: chrome=109.0.5414.120)
Build info: version: '4.7.1', revision: 'c6795baf1a3'
System info: os.name: 'Windows 10', os.arch: 'amd64', os.version: '10.0', java.version: '11.0.17'
Driver info: org.openqa.selenium.chrome.ChromeDriver
Command: [3e9fbe1abd788771ad7aaf9d0aefed46, getAlertText {}]
Capabilities {acceptInsecureCerts: false, browserName: chrome, browserVersion: 109.0.5414.120, chrome: {chromedriverVersion: 109.0.5414.74 (e7c5703604da..., userDataDir: C:\Users\User\AppData\Local...}, goog:chromeOptions: {debuggerAddress: localhost:63748}, networkConnectionEnabled: false, pageLoadStrategy: normal, platformName: WINDOWS, proxy: Proxy(), se:cdp: ws://localhost:63748/devtoo..., se:cdpVersion: 109.0.5414.120, setWindowRect: true, strictFileInteractability: false, timeouts: {implicit: 0, pageLoad: 300000, script: 30000}, unhandledPromptBehavior: dismiss and notify, webauthn:extension:credBlob: true, webauthn:extension:largeBlob: true, webauthn:virtualAuthenticators: true}
Session ID: 3e9fbe1abd788771ad7aaf9d0aefed46
13:00:05.192  INFO  manager.ListenerWD - ===================================
13:00:05.192  INFO  manager.ListenerWD - Object target --> org.openqa.selenium.remote.RemoteWebDriver$RemoteTargetLocator@26f5e45d
13:00:05.192  INFO  manager.ListenerWD - ===================================
13:00:05.696  INFO  manager.ListenerWD - Test ends with error
13:00:05.696  INFO  manager.ListenerWD - ===================================
13:00:05.696  INFO  manager.ListenerWD - Method name--> alert
13:00:05.696  INFO  manager.ListenerWD - ===================================
13:00:05.696  INFO  manager.ListenerWD - InvocationTargetException cause--> org.openqa.selenium.NoAlertPresentException: no such alert
  (Session info: chrome=109.0.5414.120)
Build info: version: '4.7.1', revision: 'c6795baf1a3'
System info: os.name: 'Windows 10', os.arch: 'amd64', os.version: '10.0', java.version: '11.0.17'
Driver info: org.openqa.selenium.chrome.ChromeDriver
Command: [3e9fbe1abd788771ad7aaf9d0aefed46, getAlertText {}]
Capabilities {acceptInsecureCerts: false, browserName: chrome, browserVersion: 109.0.5414.120, chrome: {chromedriverVersion: 109.0.5414.74 (e7c5703604da..., userDataDir: C:\Users\User\AppData\Local...}, goog:chromeOptions: {debuggerAddress: localhost:63748}, networkConnectionEnabled: false, pageLoadStrategy: normal, platformName: WINDOWS, proxy: Proxy(), se:cdp: ws://localhost:63748/devtoo..., se:cdpVersion: 109.0.5414.120, setWindowRect: true, strictFileInteractability: false, timeouts: {implicit: 0, pageLoad: 300000, script: 30000}, unhandledPromptBehavior: dismiss and notify, webauthn:extension:credBlob: true, webauthn:extension:largeBlob: true, webauthn:virtualAuthenticators: true}
Session ID: 3e9fbe1abd788771ad7aaf9d0aefed46
13:00:05.696  INFO  manager.ListenerWD - ===================================
13:00:05.696  INFO  manager.ListenerWD - Object target --> org.openqa.selenium.remote.RemoteWebDriver$RemoteTargetLocator@1fa9692b
13:00:05.696  INFO  manager.ListenerWD - ===================================
13:00:06.201  INFO  manager.ListenerWD - Test ends with error
13:00:06.201  INFO  manager.ListenerWD - ===================================
13:00:06.201  INFO  manager.ListenerWD - Method name--> alert
13:00:06.201  INFO  manager.ListenerWD - ===================================
13:00:06.201  INFO  manager.ListenerWD - InvocationTargetException cause--> org.openqa.selenium.NoAlertPresentException: no such alert
  (Session info: chrome=109.0.5414.120)
Build info: version: '4.7.1', revision: 'c6795baf1a3'
System info: os.name: 'Windows 10', os.arch: 'amd64', os.version: '10.0', java.version: '11.0.17'
Driver info: org.openqa.selenium.chrome.ChromeDriver
Command: [3e9fbe1abd788771ad7aaf9d0aefed46, getAlertText {}]
Capabilities {acceptInsecureCerts: false, browserName: chrome, browserVersion: 109.0.5414.120, chrome: {chromedriverVersion: 109.0.5414.74 (e7c5703604da..., userDataDir: C:\Users\User\AppData\Local...}, goog:chromeOptions: {debuggerAddress: localhost:63748}, networkConnectionEnabled: false, pageLoadStrategy: normal, platformName: WINDOWS, proxy: Proxy(), se:cdp: ws://localhost:63748/devtoo..., se:cdpVersion: 109.0.5414.120, setWindowRect: true, strictFileInteractability: false, timeouts: {implicit: 0, pageLoad: 300000, script: 30000}, unhandledPromptBehavior: dismiss and notify, webauthn:extension:credBlob: true, webauthn:extension:largeBlob: true, webauthn:virtualAuthenticators: true}
Session ID: 3e9fbe1abd788771ad7aaf9d0aefed46
13:00:06.201  INFO  manager.ListenerWD - ===================================
13:00:06.201  INFO  manager.ListenerWD - Object target --> org.openqa.selenium.remote.RemoteWebDriver$RemoteTargetLocator@12670e55
13:00:06.201  INFO  manager.ListenerWD - ===================================
13:00:06.706  INFO  manager.ListenerWD - Test ends with error
13:00:06.706  INFO  manager.ListenerWD - ===================================
13:00:06.706  INFO  manager.ListenerWD - Method name--> alert
13:00:06.706  INFO  manager.ListenerWD - ===================================
13:00:06.706  INFO  manager.ListenerWD - InvocationTargetException cause--> org.openqa.selenium.NoAlertPresentException: no such alert
  (Session info: chrome=109.0.5414.120)
Build info: version: '4.7.1', revision: 'c6795baf1a3'
System info: os.name: 'Windows 10', os.arch: 'amd64', os.version: '10.0', java.version: '11.0.17'
Driver info: org.openqa.selenium.chrome.ChromeDriver
Command: [3e9fbe1abd788771ad7aaf9d0aefed46, getAlertText {}]
Capabilities {acceptInsecureCerts: false, browserName: chrome, browserVersion: 109.0.5414.120, chrome: {chromedriverVersion: 109.0.5414.74 (e7c5703604da..., userDataDir: C:\Users\User\AppData\Local...}, goog:chromeOptions: {debuggerAddress: localhost:63748}, networkConnectionEnabled: false, pageLoadStrategy: normal, platformName: WINDOWS, proxy: Proxy(), se:cdp: ws://localhost:63748/devtoo..., se:cdpVersion: 109.0.5414.120, setWindowRect: true, strictFileInteractability: false, timeouts: {implicit: 0, pageLoad: 300000, script: 30000}, unhandledPromptBehavior: dismiss and notify, webauthn:extension:credBlob: true, webauthn:extension:largeBlob: true, webauthn:virtualAuthenticators: true}
Session ID: 3e9fbe1abd788771ad7aaf9d0aefed46
13:00:06.706  INFO  manager.ListenerWD - ===================================
13:00:06.706  INFO  manager.ListenerWD - Object target --> org.openqa.selenium.remote.RemoteWebDriver$RemoteTargetLocator@10166230
13:00:06.706  INFO  manager.ListenerWD - ===================================
13:00:06.707  INFO  manager.ListenerTNG - onTestFailure name --> addNewContactNonEnglishEmail
13:00:06.707  INFO  tests.TestBase - The name of method is -->addNewContactNullEmail
13:00:06.707  INFO  manager.ListenerWD - Before find elements --> By.xpath: //button[text()='Sign Out']
13:00:06.715  INFO  manager.ListenerWD - After find elements --> By.xpath: //button[text()='Sign Out']
13:00:06.715  INFO  manager.ListenerWD - List size is --> 1
13:00:06.715  INFO  manager.ListenerTNG - onTestStart name --> addNewContactNullEmail
13:00:06.716  INFO  tests.TestBase - Test started with email: 
13:00:06.716  INFO  manager.ListenerWD - Before find element --> By.xpath: //a[@href='/add']
13:00:06.722  INFO  manager.ListenerWD - After find element --> By.xpath: //a[@href='/add']
13:00:06.752  INFO  manager.ListenerWD - Before find element --> By.cssSelector: input[placeholder='Name']
13:00:06.760  INFO  manager.ListenerWD - After find element --> By.cssSelector: input[placeholder='Name']
13:00:06.825  INFO  manager.ListenerWD - Before find element --> By.cssSelector: input[placeholder='Last Name']
13:00:06.832  INFO  manager.ListenerWD - After find element --> By.cssSelector: input[placeholder='Last Name']
13:00:06.893  INFO  manager.ListenerWD - Before find element --> By.cssSelector: input[placeholder='Phone']
13:00:06.900  INFO  manager.ListenerWD - After find element --> By.cssSelector: input[placeholder='Phone']
13:00:06.965  INFO  manager.ListenerWD - Before find element --> By.cssSelector: input[placeholder='email']
13:00:06.974  INFO  manager.ListenerWD - After find element --> By.cssSelector: input[placeholder='email']
13:00:07.033  INFO  manager.ListenerWD - Before find element --> By.cssSelector: input[placeholder='Address']
13:00:07.040  INFO  manager.ListenerWD - After find element --> By.cssSelector: input[placeholder='Address']
13:00:07.104  INFO  manager.ListenerWD - Before find element --> By.cssSelector: input[placeholder='description']
13:00:07.113  INFO  manager.ListenerWD - After find element --> By.cssSelector: input[placeholder='description']
13:00:07.180  INFO  manager.ListenerWD - Before find element --> By.xpath: //b[text()='Save']
13:00:07.188  INFO  manager.ListenerWD - After find element --> By.xpath: //b[text()='Save']
13:00:07.222  INFO  manager.ListenerWD - Test ends with error
13:00:07.222  INFO  manager.ListenerWD - ===================================
13:00:07.222  INFO  manager.ListenerWD - Method name--> alert
13:00:07.222  INFO  manager.ListenerWD - ===================================
13:00:07.222  INFO  manager.ListenerWD - InvocationTargetException cause--> org.openqa.selenium.NoAlertPresentException: no such alert
  (Session info: chrome=109.0.5414.120)
Build info: version: '4.7.1', revision: 'c6795baf1a3'
System info: os.name: 'Windows 10', os.arch: 'amd64', os.version: '10.0', java.version: '11.0.17'
Driver info: org.openqa.selenium.chrome.ChromeDriver
Command: [3e9fbe1abd788771ad7aaf9d0aefed46, getAlertText {}]
Capabilities {acceptInsecureCerts: false, browserName: chrome, browserVersion: 109.0.5414.120, chrome: {chromedriverVersion: 109.0.5414.74 (e7c5703604da..., userDataDir: C:\Users\User\AppData\Local...}, goog:chromeOptions: {debuggerAddress: localhost:63748}, networkConnectionEnabled: false, pageLoadStrategy: normal, platformName: WINDOWS, proxy: Proxy(), se:cdp: ws://localhost:63748/devtoo..., se:cdpVersion: 109.0.5414.120, setWindowRect: true, strictFileInteractability: false, timeouts: {implicit: 0, pageLoad: 300000, script: 30000}, unhandledPromptBehavior: dismiss and notify, webauthn:extension:credBlob: true, webauthn:extension:largeBlob: true, webauthn:virtualAuthenticators: true}
Session ID: 3e9fbe1abd788771ad7aaf9d0aefed46
13:00:07.222  INFO  manager.ListenerWD - ===================================
13:00:07.222  INFO  manager.ListenerWD - Object target --> org.openqa.selenium.remote.RemoteWebDriver$RemoteTargetLocator@5a7e81
13:00:07.222  INFO  manager.ListenerWD - ===================================
13:00:07.727  INFO  manager.ListenerWD - Test ends with error
13:00:07.727  INFO  manager.ListenerWD - ===================================
13:00:07.727  INFO  manager.ListenerWD - Method name--> alert
13:00:07.727  INFO  manager.ListenerWD - ===================================
13:00:07.727  INFO  manager.ListenerWD - InvocationTargetException cause--> org.openqa.selenium.NoAlertPresentException: no such alert
  (Session info: chrome=109.0.5414.120)
Build info: version: '4.7.1', revision: 'c6795baf1a3'
System info: os.name: 'Windows 10', os.arch: 'amd64', os.version: '10.0', java.version: '11.0.17'
Driver info: org.openqa.selenium.chrome.ChromeDriver
Command: [3e9fbe1abd788771ad7aaf9d0aefed46, getAlertText {}]
Capabilities {acceptInsecureCerts: false, browserName: chrome, browserVersion: 109.0.5414.120, chrome: {chromedriverVersion: 109.0.5414.74 (e7c5703604da..., userDataDir: C:\Users\User\AppData\Local...}, goog:chromeOptions: {debuggerAddress: localhost:63748}, networkConnectionEnabled: false, pageLoadStrategy: normal, platformName: WINDOWS, proxy: Proxy(), se:cdp: ws://localhost:63748/devtoo..., se:cdpVersion: 109.0.5414.120, setWindowRect: true, strictFileInteractability: false, timeouts: {implicit: 0, pageLoad: 300000, script: 30000}, unhandledPromptBehavior: dismiss and notify, webauthn:extension:credBlob: true, webauthn:extension:largeBlob: true, webauthn:virtualAuthenticators: true}
Session ID: 3e9fbe1abd788771ad7aaf9d0aefed46
13:00:07.727  INFO  manager.ListenerWD - ===================================
13:00:07.727  INFO  manager.ListenerWD - Object target --> org.openqa.selenium.remote.RemoteWebDriver$RemoteTargetLocator@10a0a1e
13:00:07.727  INFO  manager.ListenerWD - ===================================
13:00:08.232  INFO  manager.ListenerWD - Test ends with error
13:00:08.232  INFO  manager.ListenerWD - ===================================
13:00:08.232  INFO  manager.ListenerWD - Method name--> alert
13:00:08.232  INFO  manager.ListenerWD - ===================================
13:00:08.232  INFO  manager.ListenerWD - InvocationTargetException cause--> org.openqa.selenium.NoAlertPresentException: no such alert
  (Session info: chrome=109.0.5414.120)
Build info: version: '4.7.1', revision: 'c6795baf1a3'
System info: os.name: 'Windows 10', os.arch: 'amd64', os.version: '10.0', java.version: '11.0.17'
Driver info: org.openqa.selenium.chrome.ChromeDriver
Command: [3e9fbe1abd788771ad7aaf9d0aefed46, getAlertText {}]
Capabilities {acceptInsecureCerts: false, browserName: chrome, browserVersion: 109.0.5414.120, chrome: {chromedriverVersion: 109.0.5414.74 (e7c5703604da..., userDataDir: C:\Users\User\AppData\Local...}, goog:chromeOptions: {debuggerAddress: localhost:63748}, networkConnectionEnabled: false, pageLoadStrategy: normal, platformName: WINDOWS, proxy: Proxy(), se:cdp: ws://localhost:63748/devtoo..., se:cdpVersion: 109.0.5414.120, setWindowRect: true, strictFileInteractability: false, timeouts: {implicit: 0, pageLoad: 300000, script: 30000}, unhandledPromptBehavior: dismiss and notify, webauthn:extension:credBlob: true, webauthn:extension:largeBlob: true, webauthn:virtualAuthenticators: true}
Session ID: 3e9fbe1abd788771ad7aaf9d0aefed46
13:00:08.232  INFO  manager.ListenerWD - ===================================
13:00:08.232  INFO  manager.ListenerWD - Object target --> org.openqa.selenium.remote.RemoteWebDriver$RemoteTargetLocator@6e49b011
13:00:08.232  INFO  manager.ListenerWD - ===================================
13:00:08.736  INFO  manager.ListenerWD - Test ends with error
13:00:08.736  INFO  manager.ListenerWD - ===================================
13:00:08.736  INFO  manager.ListenerWD - Method name--> alert
13:00:08.736  INFO  manager.ListenerWD - ===================================
13:00:08.737  INFO  manager.ListenerWD - InvocationTargetException cause--> org.openqa.selenium.NoAlertPresentException: no such alert
  (Session info: chrome=109.0.5414.120)
Build info: version: '4.7.1', revision: 'c6795baf1a3'
System info: os.name: 'Windows 10', os.arch: 'amd64', os.version: '10.0', java.version: '11.0.17'
Driver info: org.openqa.selenium.chrome.ChromeDriver
Command: [3e9fbe1abd788771ad7aaf9d0aefed46, getAlertText {}]
Capabilities {acceptInsecureCerts: false, browserName: chrome, browserVersion: 109.0.5414.120, chrome: {chromedriverVersion: 109.0.5414.74 (e7c5703604da..., userDataDir: C:\Users\User\AppData\Local...}, goog:chromeOptions: {debuggerAddress: localhost:63748}, networkConnectionEnabled: false, pageLoadStrategy: normal, platformName: WINDOWS, proxy: Proxy(), se:cdp: ws://localhost:63748/devtoo..., se:cdpVersion: 109.0.5414.120, setWindowRect: true, strictFileInteractability: false, timeouts: {implicit: 0, pageLoad: 300000, script: 30000}, unhandledPromptBehavior: dismiss and notify, webauthn:extension:credBlob: true, webauthn:extension:largeBlob: true, webauthn:virtualAuthenticators: true}
Session ID: 3e9fbe1abd788771ad7aaf9d0aefed46
13:00:08.737  INFO  manager.ListenerWD - ===================================
13:00:08.737  INFO  manager.ListenerWD - Object target --> org.openqa.selenium.remote.RemoteWebDriver$RemoteTargetLocator@516c20de
13:00:08.737  INFO  manager.ListenerWD - ===================================
13:00:09.241  INFO  manager.ListenerWD - Test ends with error
13:00:09.241  INFO  manager.ListenerWD - ===================================
13:00:09.241  INFO  manager.ListenerWD - Method name--> alert
13:00:09.241  INFO  manager.ListenerWD - ===================================
13:00:09.241  INFO  manager.ListenerWD - InvocationTargetException cause--> org.openqa.selenium.NoAlertPresentException: no such alert
  (Session info: chrome=109.0.5414.120)
Build info: version: '4.7.1', revision: 'c6795baf1a3'
System info: os.name: 'Windows 10', os.arch: 'amd64', os.version: '10.0', java.version: '11.0.17'
Driver info: org.openqa.selenium.chrome.ChromeDriver
Command: [3e9fbe1abd788771ad7aaf9d0aefed46, getAlertText {}]
Capabilities {acceptInsecureCerts: false, browserName: chrome, browserVersion: 109.0.5414.120, chrome: {chromedriverVersion: 109.0.5414.74 (e7c5703604da..., userDataDir: C:\Users\User\AppData\Local...}, goog:chromeOptions: {debuggerAddress: localhost:63748}, networkConnectionEnabled: false, pageLoadStrategy: normal, platformName: WINDOWS, proxy: Proxy(), se:cdp: ws://localhost:63748/devtoo..., se:cdpVersion: 109.0.5414.120, setWindowRect: true, strictFileInteractability: false, timeouts: {implicit: 0, pageLoad: 300000, script: 30000}, unhandledPromptBehavior: dismiss and notify, webauthn:extension:credBlob: true, webauthn:extension:largeBlob: true, webauthn:virtualAuthenticators: true}
Session ID: 3e9fbe1abd788771ad7aaf9d0aefed46
13:00:09.241  INFO  manager.ListenerWD - ===================================
13:00:09.241  INFO  manager.ListenerWD - Object target --> org.openqa.selenium.remote.RemoteWebDriver$RemoteTargetLocator@6bf0f70a
13:00:09.241  INFO  manager.ListenerWD - ===================================
13:00:09.745  INFO  manager.ListenerWD - Test ends with error
13:00:09.746  INFO  manager.ListenerWD - ===================================
13:00:09.746  INFO  manager.ListenerWD - Method name--> alert
13:00:09.746  INFO  manager.ListenerWD - ===================================
13:00:09.746  INFO  manager.ListenerWD - InvocationTargetException cause--> org.openqa.selenium.NoAlertPresentException: no such alert
  (Session info: chrome=109.0.5414.120)
Build info: version: '4.7.1', revision: 'c6795baf1a3'
System info: os.name: 'Windows 10', os.arch: 'amd64', os.version: '10.0', java.version: '11.0.17'
Driver info: org.openqa.selenium.chrome.ChromeDriver
Command: [3e9fbe1abd788771ad7aaf9d0aefed46, getAlertText {}]
Capabilities {acceptInsecureCerts: false, browserName: chrome, browserVersion: 109.0.5414.120, chrome: {chromedriverVersion: 109.0.5414.74 (e7c5703604da..., userDataDir: C:\Users\User\AppData\Local...}, goog:chromeOptions: {debuggerAddress: localhost:63748}, networkConnectionEnabled: false, pageLoadStrategy: normal, platformName: WINDOWS, proxy: Proxy(), se:cdp: ws://localhost:63748/devtoo..., se:cdpVersion: 109.0.5414.120, setWindowRect: true, strictFileInteractability: false, timeouts: {implicit: 0, pageLoad: 300000, script: 30000}, unhandledPromptBehavior: dismiss and notify, webauthn:extension:credBlob: true, webauthn:extension:largeBlob: true, webauthn:virtualAuthenticators: true}
Session ID: 3e9fbe1abd788771ad7aaf9d0aefed46
13:00:09.746  INFO  manager.ListenerWD - ===================================
13:00:09.746  INFO  manager.ListenerWD - Object target --> org.openqa.selenium.remote.RemoteWebDriver$RemoteTargetLocator@644947ee
13:00:09.746  INFO  manager.ListenerWD - ===================================
13:00:10.250  INFO  manager.ListenerWD - Test ends with error
13:00:10.250  INFO  manager.ListenerWD - ===================================
13:00:10.250  INFO  manager.ListenerWD - Method name--> alert
13:00:10.250  INFO  manager.ListenerWD - ===================================
13:00:10.250  INFO  manager.ListenerWD - InvocationTargetException cause--> org.openqa.selenium.NoAlertPresentException: no such alert
  (Session info: chrome=109.0.5414.120)
Build info: version: '4.7.1', revision: 'c6795baf1a3'
System info: os.name: 'Windows 10', os.arch: 'amd64', os.version: '10.0', java.version: '11.0.17'
Driver info: org.openqa.selenium.chrome.ChromeDriver
Command: [3e9fbe1abd788771ad7aaf9d0aefed46, getAlertText {}]
Capabilities {acceptInsecureCerts: false, browserName: chrome, browserVersion: 109.0.5414.120, chrome: {chromedriverVersion: 109.0.5414.74 (e7c5703604da..., userDataDir: C:\Users\User\AppData\Local...}, goog:chromeOptions: {debuggerAddress: localhost:63748}, networkConnectionEnabled: false, pageLoadStrategy: normal, platformName: WINDOWS, proxy: Proxy(), se:cdp: ws://localhost:63748/devtoo..., se:cdpVersion: 109.0.5414.120, setWindowRect: true, strictFileInteractability: false, timeouts: {implicit: 0, pageLoad: 300000, script: 30000}, unhandledPromptBehavior: dismiss and notify, webauthn:extension:credBlob: true, webauthn:extension:largeBlob: true, webauthn:virtualAuthenticators: true}
Session ID: 3e9fbe1abd788771ad7aaf9d0aefed46
13:00:10.250  INFO  manager.ListenerWD - ===================================
13:00:10.250  INFO  manager.ListenerWD - Object target --> org.openqa.selenium.remote.RemoteWebDriver$RemoteTargetLocator@336d28a1
13:00:10.250  INFO  manager.ListenerWD - ===================================
13:00:10.755  INFO  manager.ListenerWD - Test ends with error
13:00:10.755  INFO  manager.ListenerWD - ===================================
13:00:10.755  INFO  manager.ListenerWD - Method name--> alert
13:00:10.755  INFO  manager.ListenerWD - ===================================
13:00:10.755  INFO  manager.ListenerWD - InvocationTargetException cause--> org.openqa.selenium.NoAlertPresentException: no such alert
  (Session info: chrome=109.0.5414.120)
Build info: version: '4.7.1', revision: 'c6795baf1a3'
System info: os.name: 'Windows 10', os.arch: 'amd64', os.version: '10.0', java.version: '11.0.17'
Driver info: org.openqa.selenium.chrome.ChromeDriver
Command: [3e9fbe1abd788771ad7aaf9d0aefed46, getAlertText {}]
Capabilities {acceptInsecureCerts: false, browserName: chrome, browserVersion: 109.0.5414.120, chrome: {chromedriverVersion: 109.0.5414.74 (e7c5703604da..., userDataDir: C:\Users\User\AppData\Local...}, goog:chromeOptions: {debuggerAddress: localhost:63748}, networkConnectionEnabled: false, pageLoadStrategy: normal, platformName: WINDOWS, proxy: Proxy(), se:cdp: ws://localhost:63748/devtoo..., se:cdpVersion: 109.0.5414.120, setWindowRect: true, strictFileInteractability: false, timeouts: {implicit: 0, pageLoad: 300000, script: 30000}, unhandledPromptBehavior: dismiss and notify, webauthn:extension:credBlob: true, webauthn:extension:largeBlob: true, webauthn:virtualAuthenticators: true}
Session ID: 3e9fbe1abd788771ad7aaf9d0aefed46
13:00:10.755  INFO  manager.ListenerWD - ===================================
13:00:10.755  INFO  manager.ListenerWD - Object target --> org.openqa.selenium.remote.RemoteWebDriver$RemoteTargetLocator@5891b7c5
13:00:10.755  INFO  manager.ListenerWD - ===================================
13:00:11.259  INFO  manager.ListenerWD - Test ends with error
13:00:11.259  INFO  manager.ListenerWD - ===================================
13:00:11.259  INFO  manager.ListenerWD - Method name--> alert
13:00:11.259  INFO  manager.ListenerWD - ===================================
13:00:11.259  INFO  manager.ListenerWD - InvocationTargetException cause--> org.openqa.selenium.NoAlertPresentException: no such alert
  (Session info: chrome=109.0.5414.120)
Build info: version: '4.7.1', revision: 'c6795baf1a3'
System info: os.name: 'Windows 10', os.arch: 'amd64', os.version: '10.0', java.version: '11.0.17'
Driver info: org.openqa.selenium.chrome.ChromeDriver
Command: [3e9fbe1abd788771ad7aaf9d0aefed46, getAlertText {}]
Capabilities {acceptInsecureCerts: false, browserName: chrome, browserVersion: 109.0.5414.120, chrome: {chromedriverVersion: 109.0.5414.74 (e7c5703604da..., userDataDir: C:\Users\User\AppData\Local...}, goog:chromeOptions: {debuggerAddress: localhost:63748}, networkConnectionEnabled: false, pageLoadStrategy: normal, platformName: WINDOWS, proxy: Proxy(), se:cdp: ws://localhost:63748/devtoo..., se:cdpVersion: 109.0.5414.120, setWindowRect: true, strictFileInteractability: false, timeouts: {implicit: 0, pageLoad: 300000, script: 30000}, unhandledPromptBehavior: dismiss and notify, webauthn:extension:credBlob: true, webauthn:extension:largeBlob: true, webauthn:virtualAuthenticators: true}
Session ID: 3e9fbe1abd788771ad7aaf9d0aefed46
13:00:11.259  INFO  manager.ListenerWD - ===================================
13:00:11.259  INFO  manager.ListenerWD - Object target --> org.openqa.selenium.remote.RemoteWebDriver$RemoteTargetLocator@32c0fecc
13:00:11.259  INFO  manager.ListenerWD - ===================================
13:00:11.763  INFO  manager.ListenerWD - Test ends with error
13:00:11.763  INFO  manager.ListenerWD - ===================================
13:00:11.763  INFO  manager.ListenerWD - Method name--> alert
13:00:11.763  INFO  manager.ListenerWD - ===================================
13:00:11.763  INFO  manager.ListenerWD - InvocationTargetException cause--> org.openqa.selenium.NoAlertPresentException: no such alert
  (Session info: chrome=109.0.5414.120)
Build info: version: '4.7.1', revision: 'c6795baf1a3'
System info: os.name: 'Windows 10', os.arch: 'amd64', os.version: '10.0', java.version: '11.0.17'
Driver info: org.openqa.selenium.chrome.ChromeDriver
Command: [3e9fbe1abd788771ad7aaf9d0aefed46, getAlertText {}]
Capabilities {acceptInsecureCerts: false, browserName: chrome, browserVersion: 109.0.5414.120, chrome: {chromedriverVersion: 109.0.5414.74 (e7c5703604da..., userDataDir: C:\Users\User\AppData\Local...}, goog:chromeOptions: {debuggerAddress: localhost:63748}, networkConnectionEnabled: false, pageLoadStrategy: normal, platformName: WINDOWS, proxy: Proxy(), se:cdp: ws://localhost:63748/devtoo..., se:cdpVersion: 109.0.5414.120, setWindowRect: true, strictFileInteractability: false, timeouts: {implicit: 0, pageLoad: 300000, script: 30000}, unhandledPromptBehavior: dismiss and notify, webauthn:extension:credBlob: true, webauthn:extension:largeBlob: true, webauthn:virtualAuthenticators: true}
Session ID: 3e9fbe1abd788771ad7aaf9d0aefed46
13:00:11.763  INFO  manager.ListenerWD - ===================================
13:00:11.763  INFO  manager.ListenerWD - Object target --> org.openqa.selenium.remote.RemoteWebDriver$RemoteTargetLocator@37c87fcc
13:00:11.763  INFO  manager.ListenerWD - ===================================
13:00:12.267  INFO  manager.ListenerWD - Test ends with error
13:00:12.267  INFO  manager.ListenerWD - ===================================
13:00:12.267  INFO  manager.ListenerWD - Method name--> alert
13:00:12.267  INFO  manager.ListenerWD - ===================================
13:00:12.267  INFO  manager.ListenerWD - InvocationTargetException cause--> org.openqa.selenium.NoAlertPresentException: no such alert
  (Session info: chrome=109.0.5414.120)
Build info: version: '4.7.1', revision: 'c6795baf1a3'
System info: os.name: 'Windows 10', os.arch: 'amd64', os.version: '10.0', java.version: '11.0.17'
Driver info: org.openqa.selenium.chrome.ChromeDriver
Command: [3e9fbe1abd788771ad7aaf9d0aefed46, getAlertText {}]
Capabilities {acceptInsecureCerts: false, browserName: chrome, browserVersion: 109.0.5414.120, chrome: {chromedriverVersion: 109.0.5414.74 (e7c5703604da..., userDataDir: C:\Users\User\AppData\Local...}, goog:chromeOptions: {debuggerAddress: localhost:63748}, networkConnectionEnabled: false, pageLoadStrategy: normal, platformName: WINDOWS, proxy: Proxy(), se:cdp: ws://localhost:63748/devtoo..., se:cdpVersion: 109.0.5414.120, setWindowRect: true, strictFileInteractability: false, timeouts: {implicit: 0, pageLoad: 300000, script: 30000}, unhandledPromptBehavior: dismiss and notify, webauthn:extension:credBlob: true, webauthn:extension:largeBlob: true, webauthn:virtualAuthenticators: true}
Session ID: 3e9fbe1abd788771ad7aaf9d0aefed46
13:00:12.268  INFO  manager.ListenerWD - ===================================
13:00:12.268  INFO  manager.ListenerWD - Object target --> org.openqa.selenium.remote.RemoteWebDriver$RemoteTargetLocator@2e0652ab
13:00:12.268  INFO  manager.ListenerWD - ===================================
13:00:12.772  INFO  manager.ListenerWD - Test ends with error
13:00:12.772  INFO  manager.ListenerWD - ===================================
13:00:12.772  INFO  manager.ListenerWD - Method name--> alert
13:00:12.772  INFO  manager.ListenerWD - ===================================
13:00:12.772  INFO  manager.ListenerWD - InvocationTargetException cause--> org.openqa.selenium.NoAlertPresentException: no such alert
  (Session info: chrome=109.0.5414.120)
Build info: version: '4.7.1', revision: 'c6795baf1a3'
System info: os.name: 'Windows 10', os.arch: 'amd64', os.version: '10.0', java.version: '11.0.17'
Driver info: org.openqa.selenium.chrome.ChromeDriver
Command: [3e9fbe1abd788771ad7aaf9d0aefed46, getAlertText {}]
Capabilities {acceptInsecureCerts: false, browserName: chrome, browserVersion: 109.0.5414.120, chrome: {chromedriverVersion: 109.0.5414.74 (e7c5703604da..., userDataDir: C:\Users\User\AppData\Local...}, goog:chromeOptions: {debuggerAddress: localhost:63748}, networkConnectionEnabled: false, pageLoadStrategy: normal, platformName: WINDOWS, proxy: Proxy(), se:cdp: ws://localhost:63748/devtoo..., se:cdpVersion: 109.0.5414.120, setWindowRect: true, strictFileInteractability: false, timeouts: {implicit: 0, pageLoad: 300000, script: 30000}, unhandledPromptBehavior: dismiss and notify, webauthn:extension:credBlob: true, webauthn:extension:largeBlob: true, webauthn:virtualAuthenticators: true}
Session ID: 3e9fbe1abd788771ad7aaf9d0aefed46
13:00:12.772  INFO  manager.ListenerWD - ===================================
13:00:12.772  INFO  manager.ListenerWD - Object target --> org.openqa.selenium.remote.RemoteWebDriver$RemoteTargetLocator@11bfd751
13:00:12.772  INFO  manager.ListenerWD - ===================================
13:00:13.276  INFO  manager.ListenerWD - Test ends with error
13:00:13.276  INFO  manager.ListenerWD - ===================================
13:00:13.276  INFO  manager.ListenerWD - Method name--> alert
13:00:13.276  INFO  manager.ListenerWD - ===================================
13:00:13.276  INFO  manager.ListenerWD - InvocationTargetException cause--> org.openqa.selenium.NoAlertPresentException: no such alert
  (Session info: chrome=109.0.5414.120)
Build info: version: '4.7.1', revision: 'c6795baf1a3'
System info: os.name: 'Windows 10', os.arch: 'amd64', os.version: '10.0', java.version: '11.0.17'
Driver info: org.openqa.selenium.chrome.ChromeDriver
Command: [3e9fbe1abd788771ad7aaf9d0aefed46, getAlertText {}]
Capabilities {acceptInsecureCerts: false, browserName: chrome, browserVersion: 109.0.5414.120, chrome: {chromedriverVersion: 109.0.5414.74 (e7c5703604da..., userDataDir: C:\Users\User\AppData\Local...}, goog:chromeOptions: {debuggerAddress: localhost:63748}, networkConnectionEnabled: false, pageLoadStrategy: normal, platformName: WINDOWS, proxy: Proxy(), se:cdp: ws://localhost:63748/devtoo..., se:cdpVersion: 109.0.5414.120, setWindowRect: true, strictFileInteractability: false, timeouts: {implicit: 0, pageLoad: 300000, script: 30000}, unhandledPromptBehavior: dismiss and notify, webauthn:extension:credBlob: true, webauthn:extension:largeBlob: true, webauthn:virtualAuthenticators: true}
Session ID: 3e9fbe1abd788771ad7aaf9d0aefed46
13:00:13.276  INFO  manager.ListenerWD - ===================================
13:00:13.276  INFO  manager.ListenerWD - Object target --> org.openqa.selenium.remote.RemoteWebDriver$RemoteTargetLocator@1c8e8fed
13:00:13.276  INFO  manager.ListenerWD - ===================================
13:00:13.780  INFO  manager.ListenerWD - Test ends with error
13:00:13.780  INFO  manager.ListenerWD - ===================================
13:00:13.780  INFO  manager.ListenerWD - Method name--> alert
13:00:13.780  INFO  manager.ListenerWD - ===================================
13:00:13.780  INFO  manager.ListenerWD - InvocationTargetException cause--> org.openqa.selenium.NoAlertPresentException: no such alert
  (Session info: chrome=109.0.5414.120)
Build info: version: '4.7.1', revision: 'c6795baf1a3'
System info: os.name: 'Windows 10', os.arch: 'amd64', os.version: '10.0', java.version: '11.0.17'
Driver info: org.openqa.selenium.chrome.ChromeDriver
Command: [3e9fbe1abd788771ad7aaf9d0aefed46, getAlertText {}]
Capabilities {acceptInsecureCerts: false, browserName: chrome, browserVersion: 109.0.5414.120, chrome: {chromedriverVersion: 109.0.5414.74 (e7c5703604da..., userDataDir: C:\Users\User\AppData\Local...}, goog:chromeOptions: {debuggerAddress: localhost:63748}, networkConnectionEnabled: false, pageLoadStrategy: normal, platformName: WINDOWS, proxy: Proxy(), se:cdp: ws://localhost:63748/devtoo..., se:cdpVersion: 109.0.5414.120, setWindowRect: true, strictFileInteractability: false, timeouts: {implicit: 0, pageLoad: 300000, script: 30000}, unhandledPromptBehavior: dismiss and notify, webauthn:extension:credBlob: true, webauthn:extension:largeBlob: true, webauthn:virtualAuthenticators: true}
Session ID: 3e9fbe1abd788771ad7aaf9d0aefed46
13:00:13.780  INFO  manager.ListenerWD - ===================================
13:00:13.780  INFO  manager.ListenerWD - Object target --> org.openqa.selenium.remote.RemoteWebDriver$RemoteTargetLocator@1e8bccfb
13:00:13.780  INFO  manager.ListenerWD - ===================================
13:00:14.284  INFO  manager.ListenerWD - Test ends with error
13:00:14.284  INFO  manager.ListenerWD - ===================================
13:00:14.284  INFO  manager.ListenerWD - Method name--> alert
13:00:14.284  INFO  manager.ListenerWD - ===================================
13:00:14.284  INFO  manager.ListenerWD - InvocationTargetException cause--> org.openqa.selenium.NoAlertPresentException: no such alert
  (Session info: chrome=109.0.5414.120)
Build info: version: '4.7.1', revision: 'c6795baf1a3'
System info: os.name: 'Windows 10', os.arch: 'amd64', os.version: '10.0', java.version: '11.0.17'
Driver info: org.openqa.selenium.chrome.ChromeDriver
Command: [3e9fbe1abd788771ad7aaf9d0aefed46, getAlertText {}]
Capabilities {acceptInsecureCerts: false, browserName: chrome, browserVersion: 109.0.5414.120, chrome: {chromedriverVersion: 109.0.5414.74 (e7c5703604da..., userDataDir: C:\Users\User\AppData\Local...}, goog:chromeOptions: {debuggerAddress: localhost:63748}, networkConnectionEnabled: false, pageLoadStrategy: normal, platformName: WINDOWS, proxy: Proxy(), se:cdp: ws://localhost:63748/devtoo..., se:cdpVersion: 109.0.5414.120, setWindowRect: true, strictFileInteractability: false, timeouts: {implicit: 0, pageLoad: 300000, script: 30000}, unhandledPromptBehavior: dismiss and notify, webauthn:extension:credBlob: true, webauthn:extension:largeBlob: true, webauthn:virtualAuthenticators: true}
Session ID: 3e9fbe1abd788771ad7aaf9d0aefed46
13:00:14.284  INFO  manager.ListenerWD - ===================================
13:00:14.284  INFO  manager.ListenerWD - Object target --> org.openqa.selenium.remote.RemoteWebDriver$RemoteTargetLocator@39f93225
13:00:14.284  INFO  manager.ListenerWD - ===================================
13:00:14.788  INFO  manager.ListenerWD - Test ends with error
13:00:14.788  INFO  manager.ListenerWD - ===================================
13:00:14.788  INFO  manager.ListenerWD - Method name--> alert
13:00:14.788  INFO  manager.ListenerWD - ===================================
13:00:14.789  INFO  manager.ListenerWD - InvocationTargetException cause--> org.openqa.selenium.NoAlertPresentException: no such alert
  (Session info: chrome=109.0.5414.120)
Build info: version: '4.7.1', revision: 'c6795baf1a3'
System info: os.name: 'Windows 10', os.arch: 'amd64', os.version: '10.0', java.version: '11.0.17'
Driver info: org.openqa.selenium.chrome.ChromeDriver
Command: [3e9fbe1abd788771ad7aaf9d0aefed46, getAlertText {}]
Capabilities {acceptInsecureCerts: false, browserName: chrome, browserVersion: 109.0.5414.120, chrome: {chromedriverVersion: 109.0.5414.74 (e7c5703604da..., userDataDir: C:\Users\User\AppData\Local...}, goog:chromeOptions: {debuggerAddress: localhost:63748}, networkConnectionEnabled: false, pageLoadStrategy: normal, platformName: WINDOWS, proxy: Proxy(), se:cdp: ws://localhost:63748/devtoo..., se:cdpVersion: 109.0.5414.120, setWindowRect: true, strictFileInteractability: false, timeouts: {implicit: 0, pageLoad: 300000, script: 30000}, unhandledPromptBehavior: dismiss and notify, webauthn:extension:credBlob: true, webauthn:extension:largeBlob: true, webauthn:virtualAuthenticators: true}
Session ID: 3e9fbe1abd788771ad7aaf9d0aefed46
13:00:14.789  INFO  manager.ListenerWD - ===================================
13:00:14.789  INFO  manager.ListenerWD - Object target --> org.openqa.selenium.remote.RemoteWebDriver$RemoteTargetLocator@42a05533
13:00:14.789  INFO  manager.ListenerWD - ===================================
13:00:15.292  INFO  manager.ListenerWD - Test ends with error
13:00:15.292  INFO  manager.ListenerWD - ===================================
13:00:15.292  INFO  manager.ListenerWD - Method name--> alert
13:00:15.292  INFO  manager.ListenerWD - ===================================
13:00:15.292  INFO  manager.ListenerWD - InvocationTargetException cause--> org.openqa.selenium.NoAlertPresentException: no such alert
  (Session info: chrome=109.0.5414.120)
Build info: version: '4.7.1', revision: 'c6795baf1a3'
System info: os.name: 'Windows 10', os.arch: 'amd64', os.version: '10.0', java.version: '11.0.17'
Driver info: org.openqa.selenium.chrome.ChromeDriver
Command: [3e9fbe1abd788771ad7aaf9d0aefed46, getAlertText {}]
Capabilities {acceptInsecureCerts: false, browserName: chrome, browserVersion: 109.0.5414.120, chrome: {chromedriverVersion: 109.0.5414.74 (e7c5703604da..., userDataDir: C:\Users\User\AppData\Local...}, goog:chromeOptions: {debuggerAddress: localhost:63748}, networkConnectionEnabled: false, pageLoadStrategy: normal, platformName: WINDOWS, proxy: Proxy(), se:cdp: ws://localhost:63748/devtoo..., se:cdpVersion: 109.0.5414.120, setWindowRect: true, strictFileInteractability: false, timeouts: {implicit: 0, pageLoad: 300000, script: 30000}, unhandledPromptBehavior: dismiss and notify, webauthn:extension:credBlob: true, webauthn:extension:largeBlob: true, webauthn:virtualAuthenticators: true}
Session ID: 3e9fbe1abd788771ad7aaf9d0aefed46
13:00:15.292  INFO  manager.ListenerWD - ===================================
13:00:15.292  INFO  manager.ListenerWD - Object target --> org.openqa.selenium.remote.RemoteWebDriver$RemoteTargetLocator@404009df
13:00:15.292  INFO  manager.ListenerWD - ===================================
13:00:15.797  INFO  manager.ListenerWD - Test ends with error
13:00:15.797  INFO  manager.ListenerWD - ===================================
13:00:15.797  INFO  manager.ListenerWD - Method name--> alert
13:00:15.797  INFO  manager.ListenerWD - ===================================
13:00:15.797  INFO  manager.ListenerWD - InvocationTargetException cause--> org.openqa.selenium.NoAlertPresentException: no such alert
  (Session info: chrome=109.0.5414.120)
Build info: version: '4.7.1', revision: 'c6795baf1a3'
System info: os.name: 'Windows 10', os.arch: 'amd64', os.version: '10.0', java.version: '11.0.17'
Driver info: org.openqa.selenium.chrome.ChromeDriver
Command: [3e9fbe1abd788771ad7aaf9d0aefed46, getAlertText {}]
Capabilities {acceptInsecureCerts: false, browserName: chrome, browserVersion: 109.0.5414.120, chrome: {chromedriverVersion: 109.0.5414.74 (e7c5703604da..., userDataDir: C:\Users\User\AppData\Local...}, goog:chromeOptions: {debuggerAddress: localhost:63748}, networkConnectionEnabled: false, pageLoadStrategy: normal, platformName: WINDOWS, proxy: Proxy(), se:cdp: ws://localhost:63748/devtoo..., se:cdpVersion: 109.0.5414.120, setWindowRect: true, strictFileInteractability: false, timeouts: {implicit: 0, pageLoad: 300000, script: 30000}, unhandledPromptBehavior: dismiss and notify, webauthn:extension:credBlob: true, webauthn:extension:largeBlob: true, webauthn:virtualAuthenticators: true}
Session ID: 3e9fbe1abd788771ad7aaf9d0aefed46
13:00:15.797  INFO  manager.ListenerWD - ===================================
13:00:15.797  INFO  manager.ListenerWD - Object target --> org.openqa.selenium.remote.RemoteWebDriver$RemoteTargetLocator@6b7c4734
13:00:15.797  INFO  manager.ListenerWD - ===================================
13:00:16.302  INFO  manager.ListenerWD - Test ends with error
13:00:16.303  INFO  manager.ListenerWD - ===================================
13:00:16.303  INFO  manager.ListenerWD - Method name--> alert
13:00:16.303  INFO  manager.ListenerWD - ===================================
13:00:16.303  INFO  manager.ListenerWD - InvocationTargetException cause--> org.openqa.selenium.NoAlertPresentException: no such alert
  (Session info: chrome=109.0.5414.120)
Build info: version: '4.7.1', revision: 'c6795baf1a3'
System info: os.name: 'Windows 10', os.arch: 'amd64', os.version: '10.0', java.version: '11.0.17'
Driver info: org.openqa.selenium.chrome.ChromeDriver
Command: [3e9fbe1abd788771ad7aaf9d0aefed46, getAlertText {}]
Capabilities {acceptInsecureCerts: false, browserName: chrome, browserVersion: 109.0.5414.120, chrome: {chromedriverVersion: 109.0.5414.74 (e7c5703604da..., userDataDir: C:\Users\User\AppData\Local...}, goog:chromeOptions: {debuggerAddress: localhost:63748}, networkConnectionEnabled: false, pageLoadStrategy: normal, platformName: WINDOWS, proxy: Proxy(), se:cdp: ws://localhost:63748/devtoo..., se:cdpVersion: 109.0.5414.120, setWindowRect: true, strictFileInteractability: false, timeouts: {implicit: 0, pageLoad: 300000, script: 30000}, unhandledPromptBehavior: dismiss and notify, webauthn:extension:credBlob: true, webauthn:extension:largeBlob: true, webauthn:virtualAuthenticators: true}
Session ID: 3e9fbe1abd788771ad7aaf9d0aefed46
13:00:16.303  INFO  manager.ListenerWD - ===================================
13:00:16.303  INFO  manager.ListenerWD - Object target --> org.openqa.selenium.remote.RemoteWebDriver$RemoteTargetLocator@79e2606f
13:00:16.303  INFO  manager.ListenerWD - ===================================
13:00:16.807  INFO  manager.ListenerWD - Test ends with error
13:00:16.807  INFO  manager.ListenerWD - ===================================
13:00:16.807  INFO  manager.ListenerWD - Method name--> alert
13:00:16.807  INFO  manager.ListenerWD - ===================================
13:00:16.807  INFO  manager.ListenerWD - InvocationTargetException cause--> org.openqa.selenium.NoAlertPresentException: no such alert
  (Session info: chrome=109.0.5414.120)
Build info: version: '4.7.1', revision: 'c6795baf1a3'
System info: os.name: 'Windows 10', os.arch: 'amd64', os.version: '10.0', java.version: '11.0.17'
Driver info: org.openqa.selenium.chrome.ChromeDriver
Command: [3e9fbe1abd788771ad7aaf9d0aefed46, getAlertText {}]
Capabilities {acceptInsecureCerts: false, browserName: chrome, browserVersion: 109.0.5414.120, chrome: {chromedriverVersion: 109.0.5414.74 (e7c5703604da..., userDataDir: C:\Users\User\AppData\Local...}, goog:chromeOptions: {debuggerAddress: localhost:63748}, networkConnectionEnabled: false, pageLoadStrategy: normal, platformName: WINDOWS, proxy: Proxy(), se:cdp: ws://localhost:63748/devtoo..., se:cdpVersion: 109.0.5414.120, setWindowRect: true, strictFileInteractability: false, timeouts: {implicit: 0, pageLoad: 300000, script: 30000}, unhandledPromptBehavior: dismiss and notify, webauthn:extension:credBlob: true, webauthn:extension:largeBlob: true, webauthn:virtualAuthenticators: true}
Session ID: 3e9fbe1abd788771ad7aaf9d0aefed46
13:00:16.807  INFO  manager.ListenerWD - ===================================
13:00:16.807  INFO  manager.ListenerWD - Object target --> org.openqa.selenium.remote.RemoteWebDriver$RemoteTargetLocator@1f68e4e8
13:00:16.807  INFO  manager.ListenerWD - ===================================
13:00:17.312  INFO  manager.ListenerWD - Test ends with error
13:00:17.312  INFO  manager.ListenerWD - ===================================
13:00:17.312  INFO  manager.ListenerWD - Method name--> alert
13:00:17.312  INFO  manager.ListenerWD - ===================================
13:00:17.312  INFO  manager.ListenerWD - InvocationTargetException cause--> org.openqa.selenium.NoAlertPresentException: no such alert
  (Session info: chrome=109.0.5414.120)
Build info: version: '4.7.1', revision: 'c6795baf1a3'
System info: os.name: 'Windows 10', os.arch: 'amd64', os.version: '10.0', java.version: '11.0.17'
Driver info: org.openqa.selenium.chrome.ChromeDriver
Command: [3e9fbe1abd788771ad7aaf9d0aefed46, getAlertText {}]
Capabilities {acceptInsecureCerts: false, browserName: chrome, browserVersion: 109.0.5414.120, chrome: {chromedriverVersion: 109.0.5414.74 (e7c5703604da..., userDataDir: C:\Users\User\AppData\Local...}, goog:chromeOptions: {debuggerAddress: localhost:63748}, networkConnectionEnabled: false, pageLoadStrategy: normal, platformName: WINDOWS, proxy: Proxy(), se:cdp: ws://localhost:63748/devtoo..., se:cdpVersion: 109.0.5414.120, setWindowRect: true, strictFileInteractability: false, timeouts: {implicit: 0, pageLoad: 300000, script: 30000}, unhandledPromptBehavior: dismiss and notify, webauthn:extension:credBlob: true, webauthn:extension:largeBlob: true, webauthn:virtualAuthenticators: true}
Session ID: 3e9fbe1abd788771ad7aaf9d0aefed46
13:00:17.312  INFO  manager.ListenerWD - ===================================
13:00:17.312  INFO  manager.ListenerWD - Object target --> org.openqa.selenium.remote.RemoteWebDriver$RemoteTargetLocator@1bc6c20d
13:00:17.312  INFO  manager.ListenerWD - ===================================
13:00:17.313  INFO  manager.ListenerTNG - onTestFailure name --> addNewContactNullEmail
13:00:17.313  INFO  tests.TestBase - The name of method is -->addNewContactNullLastName
13:00:17.313  INFO  manager.ListenerWD - Before find elements --> By.xpath: //button[text()='Sign Out']
13:00:17.320  INFO  manager.ListenerWD - After find elements --> By.xpath: //button[text()='Sign Out']
13:00:17.320  INFO  manager.ListenerWD - List size is --> 1
13:00:17.321  INFO  manager.ListenerTNG - onTestStart name --> addNewContactNullLastName
13:00:17.321  INFO  tests.TestBase - Test started with last name: 
13:00:17.321  INFO  manager.ListenerWD - Before find element --> By.xpath: //a[@href='/add']
13:00:17.339  INFO  manager.ListenerWD - After find element --> By.xpath: //a[@href='/add']
13:00:17.365  INFO  manager.ListenerWD - Before find element --> By.cssSelector: input[placeholder='Name']
13:00:17.372  INFO  manager.ListenerWD - After find element --> By.cssSelector: input[placeholder='Name']
13:00:17.437  INFO  manager.ListenerWD - Before find element --> By.cssSelector: input[placeholder='Last Name']
13:00:17.444  INFO  manager.ListenerWD - After find element --> By.cssSelector: input[placeholder='Last Name']
13:00:17.503  INFO  manager.ListenerWD - Before find element --> By.cssSelector: input[placeholder='Phone']
13:00:17.509  INFO  manager.ListenerWD - After find element --> By.cssSelector: input[placeholder='Phone']
13:00:17.576  INFO  manager.ListenerWD - Before find element --> By.cssSelector: input[placeholder='email']
13:00:17.582  INFO  manager.ListenerWD - After find element --> By.cssSelector: input[placeholder='email']
13:00:17.654  INFO  manager.ListenerWD - Before find element --> By.cssSelector: input[placeholder='Address']
13:00:17.661  INFO  manager.ListenerWD - After find element --> By.cssSelector: input[placeholder='Address']
13:00:17.729  INFO  manager.ListenerWD - Before find element --> By.cssSelector: input[placeholder='description']
13:00:17.736  INFO  manager.ListenerWD - After find element --> By.cssSelector: input[placeholder='description']
13:00:17.807  INFO  manager.ListenerWD - Before find element --> By.xpath: //b[text()='Save']
13:00:17.814  INFO  manager.ListenerWD - After find element --> By.xpath: //b[text()='Save']
13:00:17.849  INFO  manager.ListenerWD - Before find elements --> By.cssSelector: a[href='/add'][class='active']
13:00:17.859  INFO  manager.ListenerWD - After find elements --> By.cssSelector: a[href='/add'][class='active']
13:00:17.859  INFO  manager.ListenerWD - List size is --> 1
13:00:17.859  INFO  tests.TestBase - Test passed with success
13:00:17.859  INFO  manager.ListenerTNG - onTestSuccess name --> addNewContactNullLastName
13:00:17.860  INFO  tests.TestBase - The name of method is -->addNewContactNullName
13:00:17.860  INFO  manager.ListenerWD - Before find elements --> By.xpath: //button[text()='Sign Out']
13:00:17.867  INFO  manager.ListenerWD - After find elements --> By.xpath: //button[text()='Sign Out']
13:00:17.867  INFO  manager.ListenerWD - List size is --> 1
13:00:17.867  INFO  manager.ListenerTNG - onTestStart name --> addNewContactNullName
13:00:17.867  INFO  tests.TestBase - Test started with name: 
13:00:17.867  INFO  manager.ListenerWD - Before find element --> By.xpath: //a[@href='/add']
13:00:17.873  INFO  manager.ListenerWD - After find element --> By.xpath: //a[@href='/add']
13:00:17.901  INFO  manager.ListenerWD - Before find element --> By.cssSelector: input[placeholder='Name']
13:00:17.908  INFO  manager.ListenerWD - After find element --> By.cssSelector: input[placeholder='Name']
13:00:17.964  INFO  manager.ListenerWD - Before find element --> By.cssSelector: input[placeholder='Last Name']
13:00:17.971  INFO  manager.ListenerWD - After find element --> By.cssSelector: input[placeholder='Last Name']
13:00:18.016  INFO  manager.ListenerWD - Before find element --> By.cssSelector: input[placeholder='Phone']
13:00:18.023  INFO  manager.ListenerWD - After find element --> By.cssSelector: input[placeholder='Phone']
13:00:18.078  INFO  manager.ListenerWD - Before find element --> By.cssSelector: input[placeholder='email']
13:00:18.085  INFO  manager.ListenerWD - After find element --> By.cssSelector: input[placeholder='email']
13:00:18.145  INFO  manager.ListenerWD - Before find element --> By.cssSelector: input[placeholder='Address']
13:00:18.151  INFO  manager.ListenerWD - After find element --> By.cssSelector: input[placeholder='Address']
13:00:18.209  INFO  manager.ListenerWD - Before find element --> By.cssSelector: input[placeholder='description']
13:00:18.215  INFO  manager.ListenerWD - After find element --> By.cssSelector: input[placeholder='description']
13:00:18.273  INFO  manager.ListenerWD - Before find element --> By.xpath: //b[text()='Save']
13:00:18.280  INFO  manager.ListenerWD - After find element --> By.xpath: //b[text()='Save']
13:00:18.301  INFO  manager.ListenerWD - Before find elements --> By.cssSelector: a[href='/add'][class='active']
13:00:18.308  INFO  manager.ListenerWD - After find elements --> By.cssSelector: a[href='/add'][class='active']
13:00:18.308  INFO  manager.ListenerWD - List size is --> 1
13:00:18.308  INFO  tests.TestBase - Test passed with success
13:00:18.308  INFO  manager.ListenerTNG - onTestSuccess name --> addNewContactNullName
13:00:18.308  INFO  tests.TestBase - The name of method is -->addNewContactPhoneAlreadyExisting
13:00:18.308  INFO  manager.ListenerWD - Before find elements --> By.xpath: //button[text()='Sign Out']
13:00:18.314  INFO  manager.ListenerWD - After find elements --> By.xpath: //button[text()='Sign Out']
13:00:18.314  INFO  manager.ListenerWD - List size is --> 1
13:00:18.315  INFO  manager.ListenerTNG - onTestStart name --> addNewContactPhoneAlreadyExisting
13:00:18.315  INFO  tests.TestBase - Test started with phone: 08653466365
13:00:18.315  INFO  manager.ListenerWD - Before find element --> By.xpath: //a[@href='/add']
13:00:18.322  INFO  manager.ListenerWD - After find element --> By.xpath: //a[@href='/add']
13:00:18.344  INFO  manager.ListenerWD - Before find element --> By.cssSelector: input[placeholder='Name']
13:00:18.351  INFO  manager.ListenerWD - After find element --> By.cssSelector: input[placeholder='Name']
13:00:18.404  INFO  manager.ListenerWD - Before find element --> By.cssSelector: input[placeholder='Last Name']
13:00:18.410  INFO  manager.ListenerWD - After find element --> By.cssSelector: input[placeholder='Last Name']
13:00:18.463  INFO  manager.ListenerWD - Before find element --> By.cssSelector: input[placeholder='Phone']
13:00:18.470  INFO  manager.ListenerWD - After find element --> By.cssSelector: input[placeholder='Phone']
13:00:18.506  INFO  manager.ListenerWD - Test ends with error
13:00:18.506  INFO  manager.ListenerWD - ===================================
13:00:18.506  INFO  manager.ListenerWD - Method name--> clear
13:00:18.506  INFO  manager.ListenerWD - ===================================
13:00:18.506  INFO  manager.ListenerWD - InvocationTargetException cause--> org.openqa.selenium.StaleElementReferenceException: stale element reference: element is not attached to the page document
  (Session info: chrome=109.0.5414.120)
For documentation on this error, please visit: https://selenium.dev/exceptions/#stale_element_reference
Build info: version: '4.7.1', revision: 'c6795baf1a3'
System info: os.name: 'Windows 10', os.arch: 'amd64', os.version: '10.0', java.version: '11.0.17'
Driver info: org.openqa.selenium.chrome.ChromeDriver
Command: [3e9fbe1abd788771ad7aaf9d0aefed46, clearElement {id=ec37c327-d2ba-4caa-8e19-f8dbc6ad832a}]
Capabilities {acceptInsecureCerts: false, browserName: chrome, browserVersion: 109.0.5414.120, chrome: {chromedriverVersion: 109.0.5414.74 (e7c5703604da..., userDataDir: C:\Users\User\AppData\Local...}, goog:chromeOptions: {debuggerAddress: localhost:63748}, networkConnectionEnabled: false, pageLoadStrategy: normal, platformName: WINDOWS, proxy: Proxy(), se:cdp: ws://localhost:63748/devtoo..., se:cdpVersion: 109.0.5414.120, setWindowRect: true, strictFileInteractability: false, timeouts: {implicit: 0, pageLoad: 300000, script: 30000}, unhandledPromptBehavior: dismiss and notify, webauthn:extension:credBlob: true, webauthn:extension:largeBlob: true, webauthn:virtualAuthenticators: true}
Element: [[ChromeDriver: chrome on WINDOWS (3e9fbe1abd788771ad7aaf9d0aefed46)] -> css selector: input[placeholder='Phone']]
Session ID: 3e9fbe1abd788771ad7aaf9d0aefed46
13:00:18.506  INFO  manager.ListenerWD - ===================================
13:00:18.506  INFO  manager.ListenerWD - Object target --> [[ChromeDriver: chrome on WINDOWS (3e9fbe1abd788771ad7aaf9d0aefed46)] -> css selector: input[placeholder='Phone']]
13:00:18.506  INFO  manager.ListenerWD - ===================================
13:00:18.507  INFO  manager.ListenerTNG - onTestFailure name --> addNewContactPhoneAlreadyExisting
13:00:18.507  INFO  tests.TestBase - The name of method is -->addNewContactPhoneBlank
13:00:18.508  INFO  manager.ListenerWD - Before find elements --> By.xpath: //button[text()='Sign Out']
13:00:18.516  INFO  manager.ListenerWD - After find elements --> By.xpath: //button[text()='Sign Out']
13:00:18.516  INFO  manager.ListenerWD - List size is --> 1
13:00:18.516  INFO  manager.ListenerTNG - onTestStart name --> addNewContactPhoneBlank
13:00:18.516  INFO  tests.TestBase - Test started with phone:  
13:00:18.516  INFO  manager.ListenerWD - Before find element --> By.xpath: //a[@href='/add']
13:00:18.523  INFO  manager.ListenerWD - After find element --> By.xpath: //a[@href='/add']
13:00:18.550  INFO  manager.ListenerWD - Before find element --> By.cssSelector: input[placeholder='Name']
13:00:18.558  INFO  manager.ListenerWD - After find element --> By.cssSelector: input[placeholder='Name']
13:00:18.638  INFO  manager.ListenerWD - Before find element --> By.cssSelector: input[placeholder='Last Name']
13:00:18.645  INFO  manager.ListenerWD - After find element --> By.cssSelector: input[placeholder='Last Name']
13:00:18.729  INFO  manager.ListenerWD - Before find element --> By.cssSelector: input[placeholder='Phone']
13:00:18.737  INFO  manager.ListenerWD - After find element --> By.cssSelector: input[placeholder='Phone']
13:00:18.805  INFO  manager.ListenerWD - Before find element --> By.cssSelector: input[placeholder='email']
13:00:18.813  INFO  manager.ListenerWD - After find element --> By.cssSelector: input[placeholder='email']
13:00:18.887  INFO  manager.ListenerWD - Before find element --> By.cssSelector: input[placeholder='Address']
13:00:18.893  INFO  manager.ListenerWD - After find element --> By.cssSelector: input[placeholder='Address']
13:00:18.961  INFO  manager.ListenerWD - Before find element --> By.cssSelector: input[placeholder='description']
13:00:18.967  INFO  manager.ListenerWD - After find element --> By.cssSelector: input[placeholder='description']
13:00:19.047  INFO  manager.ListenerWD - Before find element --> By.xpath: //b[text()='Save']
13:00:19.054  INFO  manager.ListenerWD - After find element --> By.xpath: //b[text()='Save']
13:00:19.093  INFO  manager.ListenerWD - Test ends with error
13:00:19.093  INFO  manager.ListenerWD - ===================================
13:00:19.093  INFO  manager.ListenerWD - Method name--> alert
13:00:19.093  INFO  manager.ListenerWD - ===================================
13:00:19.093  INFO  manager.ListenerWD - InvocationTargetException cause--> org.openqa.selenium.NoAlertPresentException: no such alert
  (Session info: chrome=109.0.5414.120)
Build info: version: '4.7.1', revision: 'c6795baf1a3'
System info: os.name: 'Windows 10', os.arch: 'amd64', os.version: '10.0', java.version: '11.0.17'
Driver info: org.openqa.selenium.chrome.ChromeDriver
Command: [3e9fbe1abd788771ad7aaf9d0aefed46, getAlertText {}]
Capabilities {acceptInsecureCerts: false, browserName: chrome, browserVersion: 109.0.5414.120, chrome: {chromedriverVersion: 109.0.5414.74 (e7c5703604da..., userDataDir: C:\Users\User\AppData\Local...}, goog:chromeOptions: {debuggerAddress: localhost:63748}, networkConnectionEnabled: false, pageLoadStrategy: normal, platformName: WINDOWS, proxy: Proxy(), se:cdp: ws://localhost:63748/devtoo..., se:cdpVersion: 109.0.5414.120, setWindowRect: true, strictFileInteractability: false, timeouts: {implicit: 0, pageLoad: 300000, script: 30000}, unhandledPromptBehavior: dismiss and notify, webauthn:extension:credBlob: true, webauthn:extension:largeBlob: true, webauthn:virtualAuthenticators: true}
Session ID: 3e9fbe1abd788771ad7aaf9d0aefed46
13:00:19.093  INFO  manager.ListenerWD - ===================================
13:00:19.093  INFO  manager.ListenerWD - Object target --> org.openqa.selenium.remote.RemoteWebDriver$RemoteTargetLocator@47f0e078
13:00:19.093  INFO  manager.ListenerWD - ===================================
13:00:19.602  INFO  manager.ListenerWD - Before find elements --> By.cssSelector: a[href='/add'][class='active']
13:00:19.609  INFO  manager.ListenerWD - After find elements --> By.cssSelector: a[href='/add'][class='active']
13:00:19.609  INFO  manager.ListenerWD - List size is --> 1
13:00:19.609  INFO  tests.TestBase - Test passed with success
13:00:19.609  INFO  manager.ListenerTNG - onTestSuccess name --> addNewContactPhoneBlank
13:00:19.609  INFO  tests.TestBase - The name of method is -->addNewContactPhoneMaximumNumbers
13:00:19.610  INFO  manager.ListenerWD - Before find elements --> By.xpath: //button[text()='Sign Out']
13:00:19.616  INFO  manager.ListenerWD - After find elements --> By.xpath: //button[text()='Sign Out']
13:00:19.616  INFO  manager.ListenerWD - List size is --> 1
13:00:19.616  INFO  manager.ListenerTNG - onTestStart name --> addNewContactPhoneMaximumNumbers
13:00:19.617  INFO  tests.TestBase - Test started with phone: 08655555555555555555555
13:00:19.617  INFO  manager.ListenerWD - Before find element --> By.xpath: //a[@href='/add']
13:00:19.623  INFO  manager.ListenerWD - After find element --> By.xpath: //a[@href='/add']
13:00:19.645  INFO  manager.ListenerWD - Before find element --> By.cssSelector: input[placeholder='Name']
13:00:19.651  INFO  manager.ListenerWD - After find element --> By.cssSelector: input[placeholder='Name']
13:00:19.711  INFO  manager.ListenerWD - Before find element --> By.cssSelector: input[placeholder='Last Name']
13:00:19.718  INFO  manager.ListenerWD - After find element --> By.cssSelector: input[placeholder='Last Name']
13:00:19.770  INFO  manager.ListenerWD - Before find element --> By.cssSelector: input[placeholder='Phone']
13:00:19.777  INFO  manager.ListenerWD - After find element --> By.cssSelector: input[placeholder='Phone']
13:00:19.838  INFO  manager.ListenerWD - Before find element --> By.cssSelector: input[placeholder='email']
13:00:19.846  INFO  manager.ListenerWD - After find element --> By.cssSelector: input[placeholder='email']
13:00:19.905  INFO  manager.ListenerWD - Before find element --> By.cssSelector: input[placeholder='Address']
13:00:19.911  INFO  manager.ListenerWD - After find element --> By.cssSelector: input[placeholder='Address']
13:00:19.965  INFO  manager.ListenerWD - Before find element --> By.cssSelector: input[placeholder='description']
13:00:19.971  INFO  manager.ListenerWD - After find element --> By.cssSelector: input[placeholder='description']
13:00:20.029  INFO  manager.ListenerWD - Before find element --> By.xpath: //b[text()='Save']
13:00:20.036  INFO  manager.ListenerWD - After find element --> By.xpath: //b[text()='Save']
13:00:20.064  INFO  manager.ListenerWD - Test ends with error
13:00:20.064  INFO  manager.ListenerWD - ===================================
13:00:20.064  INFO  manager.ListenerWD - Method name--> alert
13:00:20.064  INFO  manager.ListenerWD - ===================================
13:00:20.064  INFO  manager.ListenerWD - InvocationTargetException cause--> org.openqa.selenium.NoAlertPresentException: no such alert
  (Session info: chrome=109.0.5414.120)
Build info: version: '4.7.1', revision: 'c6795baf1a3'
System info: os.name: 'Windows 10', os.arch: 'amd64', os.version: '10.0', java.version: '11.0.17'
Driver info: org.openqa.selenium.chrome.ChromeDriver
Command: [3e9fbe1abd788771ad7aaf9d0aefed46, getAlertText {}]
Capabilities {acceptInsecureCerts: false, browserName: chrome, browserVersion: 109.0.5414.120, chrome: {chromedriverVersion: 109.0.5414.74 (e7c5703604da..., userDataDir: C:\Users\User\AppData\Local...}, goog:chromeOptions: {debuggerAddress: localhost:63748}, networkConnectionEnabled: false, pageLoadStrategy: normal, platformName: WINDOWS, proxy: Proxy(), se:cdp: ws://localhost:63748/devtoo..., se:cdpVersion: 109.0.5414.120, setWindowRect: true, strictFileInteractability: false, timeouts: {implicit: 0, pageLoad: 300000, script: 30000}, unhandledPromptBehavior: dismiss and notify, webauthn:extension:credBlob: true, webauthn:extension:largeBlob: true, webauthn:virtualAuthenticators: true}
Session ID: 3e9fbe1abd788771ad7aaf9d0aefed46
13:00:20.064  INFO  manager.ListenerWD - ===================================
13:00:20.064  INFO  manager.ListenerWD - Object target --> org.openqa.selenium.remote.RemoteWebDriver$RemoteTargetLocator@3601549f
13:00:20.064  INFO  manager.ListenerWD - ===================================
13:00:20.574  INFO  manager.ListenerWD - Before find elements --> By.cssSelector: a[href='/add'][class='active']
13:00:20.581  INFO  manager.ListenerWD - After find elements --> By.cssSelector: a[href='/add'][class='active']
13:00:20.581  INFO  manager.ListenerWD - List size is --> 1
13:00:20.581  INFO  tests.TestBase - Test passed with success
13:00:20.581  INFO  manager.ListenerTNG - onTestSuccess name --> addNewContactPhoneMaximumNumbers
13:00:20.582  INFO  tests.TestBase - The name of method is -->addNewContactPhoneMinimumNumbers
13:00:20.582  INFO  manager.ListenerWD - Before find elements --> By.xpath: //button[text()='Sign Out']
13:00:20.588  INFO  manager.ListenerWD - After find elements --> By.xpath: //button[text()='Sign Out']
13:00:20.588  INFO  manager.ListenerWD - List size is --> 1
13:00:20.589  INFO  manager.ListenerTNG - onTestStart name --> addNewContactPhoneMinimumNumbers
13:00:20.589  INFO  tests.TestBase - Test started with phone: 086555
13:00:20.589  INFO  manager.ListenerWD - Before find element --> By.xpath: //a[@href='/add']
13:00:20.595  INFO  manager.ListenerWD - After find element --> By.xpath: //a[@href='/add']
13:00:20.618  INFO  manager.ListenerWD - Before find element --> By.cssSelector: input[placeholder='Name']
13:00:20.624  INFO  manager.ListenerWD - After find element --> By.cssSelector: input[placeholder='Name']
13:00:20.681  INFO  manager.ListenerWD - Before find element --> By.cssSelector: input[placeholder='Last Name']
13:00:20.688  INFO  manager.ListenerWD - After find element --> By.cssSelector: input[placeholder='Last Name']
13:00:20.740  INFO  manager.ListenerWD - Before find element --> By.cssSelector: input[placeholder='Phone']
13:00:20.747  INFO  manager.ListenerWD - After find element --> By.cssSelector: input[placeholder='Phone']
13:00:20.797  INFO  manager.ListenerWD - Before find element --> By.cssSelector: input[placeholder='email']
13:00:20.804  INFO  manager.ListenerWD - After find element --> By.cssSelector: input[placeholder='email']
13:00:20.858  INFO  manager.ListenerWD - Before find element --> By.cssSelector: input[placeholder='Address']
13:00:20.865  INFO  manager.ListenerWD - After find element --> By.cssSelector: input[placeholder='Address']
13:00:20.915  INFO  manager.ListenerWD - Before find element --> By.cssSelector: input[placeholder='description']
13:00:20.923  INFO  manager.ListenerWD - After find element --> By.cssSelector: input[placeholder='description']
13:00:20.982  INFO  manager.ListenerWD - Before find element --> By.xpath: //b[text()='Save']
13:00:20.989  INFO  manager.ListenerWD - After find element --> By.xpath: //b[text()='Save']
13:00:21.014  INFO  manager.ListenerWD - Test ends with error
13:00:21.015  INFO  manager.ListenerWD - ===================================
13:00:21.015  INFO  manager.ListenerWD - Method name--> alert
13:00:21.015  INFO  manager.ListenerWD - ===================================
13:00:21.015  INFO  manager.ListenerWD - InvocationTargetException cause--> org.openqa.selenium.NoAlertPresentException: no such alert
  (Session info: chrome=109.0.5414.120)
Build info: version: '4.7.1', revision: 'c6795baf1a3'
System info: os.name: 'Windows 10', os.arch: 'amd64', os.version: '10.0', java.version: '11.0.17'
Driver info: org.openqa.selenium.chrome.ChromeDriver
Command: [3e9fbe1abd788771ad7aaf9d0aefed46, getAlertText {}]
Capabilities {acceptInsecureCerts: false, browserName: chrome, browserVersion: 109.0.5414.120, chrome: {chromedriverVersion: 109.0.5414.74 (e7c5703604da..., userDataDir: C:\Users\User\AppData\Local...}, goog:chromeOptions: {debuggerAddress: localhost:63748}, networkConnectionEnabled: false, pageLoadStrategy: normal, platformName: WINDOWS, proxy: Proxy(), se:cdp: ws://localhost:63748/devtoo..., se:cdpVersion: 109.0.5414.120, setWindowRect: true, strictFileInteractability: false, timeouts: {implicit: 0, pageLoad: 300000, script: 30000}, unhandledPromptBehavior: dismiss and notify, webauthn:extension:credBlob: true, webauthn:extension:largeBlob: true, webauthn:virtualAuthenticators: true}
Session ID: 3e9fbe1abd788771ad7aaf9d0aefed46
13:00:21.015  INFO  manager.ListenerWD - ===================================
13:00:21.015  INFO  manager.ListenerWD - Object target --> org.openqa.selenium.remote.RemoteWebDriver$RemoteTargetLocator@2560a7be
13:00:21.015  INFO  manager.ListenerWD - ===================================
13:00:21.524  INFO  manager.ListenerWD - Before find elements --> By.cssSelector: a[href='/add'][class='active']
13:00:21.531  INFO  manager.ListenerWD - After find elements --> By.cssSelector: a[href='/add'][class='active']
13:00:21.531  INFO  manager.ListenerWD - List size is --> 1
13:00:21.531  INFO  tests.TestBase - Test passed with success
13:00:21.531  INFO  manager.ListenerTNG - onTestSuccess name --> addNewContactPhoneMinimumNumbers
13:00:21.531  INFO  tests.TestBase - The name of method is -->addNewContactPhoneNotNumbers
13:00:21.532  INFO  manager.ListenerWD - Before find elements --> By.xpath: //button[text()='Sign Out']
13:00:21.538  INFO  manager.ListenerWD - After find elements --> By.xpath: //button[text()='Sign Out']
13:00:21.538  INFO  manager.ListenerWD - List size is --> 1
13:00:21.538  INFO  manager.ListenerTNG - onTestStart name --> addNewContactPhoneNotNumbers
13:00:21.538  INFO  tests.TestBase - Test started with phone: 086oooooooooo
13:00:21.538  INFO  manager.ListenerWD - Before find element --> By.xpath: //a[@href='/add']
13:00:21.544  INFO  manager.ListenerWD - After find element --> By.xpath: //a[@href='/add']
13:00:21.565  INFO  manager.ListenerWD - Before find element --> By.cssSelector: input[placeholder='Name']
13:00:21.571  INFO  manager.ListenerWD - After find element --> By.cssSelector: input[placeholder='Name']
13:00:21.624  INFO  manager.ListenerWD - Before find element --> By.cssSelector: input[placeholder='Last Name']
13:00:21.631  INFO  manager.ListenerWD - After find element --> By.cssSelector: input[placeholder='Last Name']
13:00:21.682  INFO  manager.ListenerWD - Before find element --> By.cssSelector: input[placeholder='Phone']
13:00:21.690  INFO  manager.ListenerWD - After find element --> By.cssSelector: input[placeholder='Phone']
13:00:21.744  INFO  manager.ListenerWD - Before find element --> By.cssSelector: input[placeholder='email']
13:00:21.751  INFO  manager.ListenerWD - After find element --> By.cssSelector: input[placeholder='email']
13:00:21.808  INFO  manager.ListenerWD - Before find element --> By.cssSelector: input[placeholder='Address']
13:00:21.814  INFO  manager.ListenerWD - After find element --> By.cssSelector: input[placeholder='Address']
13:00:21.862  INFO  manager.ListenerWD - Before find element --> By.cssSelector: input[placeholder='description']
13:00:21.869  INFO  manager.ListenerWD - After find element --> By.cssSelector: input[placeholder='description']
13:00:21.924  INFO  manager.ListenerWD - Before find element --> By.xpath: //b[text()='Save']
13:00:21.930  INFO  manager.ListenerWD - After find element --> By.xpath: //b[text()='Save']
13:00:21.953  INFO  manager.ListenerWD - Test ends with error
13:00:21.953  INFO  manager.ListenerWD - ===================================
13:00:21.953  INFO  manager.ListenerWD - Method name--> alert
13:00:21.953  INFO  manager.ListenerWD - ===================================
13:00:21.953  INFO  manager.ListenerWD - InvocationTargetException cause--> org.openqa.selenium.NoAlertPresentException: no such alert
  (Session info: chrome=109.0.5414.120)
Build info: version: '4.7.1', revision: 'c6795baf1a3'
System info: os.name: 'Windows 10', os.arch: 'amd64', os.version: '10.0', java.version: '11.0.17'
Driver info: org.openqa.selenium.chrome.ChromeDriver
Command: [3e9fbe1abd788771ad7aaf9d0aefed46, getAlertText {}]
Capabilities {acceptInsecureCerts: false, browserName: chrome, browserVersion: 109.0.5414.120, chrome: {chromedriverVersion: 109.0.5414.74 (e7c5703604da..., userDataDir: C:\Users\User\AppData\Local...}, goog:chromeOptions: {debuggerAddress: localhost:63748}, networkConnectionEnabled: false, pageLoadStrategy: normal, platformName: WINDOWS, proxy: Proxy(), se:cdp: ws://localhost:63748/devtoo..., se:cdpVersion: 109.0.5414.120, setWindowRect: true, strictFileInteractability: false, timeouts: {implicit: 0, pageLoad: 300000, script: 30000}, unhandledPromptBehavior: dismiss and notify, webauthn:extension:credBlob: true, webauthn:extension:largeBlob: true, webauthn:virtualAuthenticators: true}
Session ID: 3e9fbe1abd788771ad7aaf9d0aefed46
13:00:21.953  INFO  manager.ListenerWD - ===================================
13:00:21.953  INFO  manager.ListenerWD - Object target --> org.openqa.selenium.remote.RemoteWebDriver$RemoteTargetLocator@77307b51
13:00:21.953  INFO  manager.ListenerWD - ===================================
13:00:22.462  INFO  manager.ListenerWD - Before find elements --> By.cssSelector: a[href='/add'][class='active']
13:00:22.468  INFO  manager.ListenerWD - After find elements --> By.cssSelector: a[href='/add'][class='active']
13:00:22.468  INFO  manager.ListenerWD - List size is --> 1
13:00:22.468  INFO  tests.TestBase - Test passed with success
13:00:22.469  INFO  manager.ListenerTNG - onTestSuccess name --> addNewContactPhoneNotNumbers
13:00:22.469  INFO  tests.TestBase - The name of method is -->addNewContactPhoneNull
13:00:22.469  INFO  manager.ListenerWD - Before find elements --> By.xpath: //button[text()='Sign Out']
13:00:22.475  INFO  manager.ListenerWD - After find elements --> By.xpath: //button[text()='Sign Out']
13:00:22.475  INFO  manager.ListenerWD - List size is --> 1
13:00:22.475  INFO  manager.ListenerTNG - onTestStart name --> addNewContactPhoneNull
13:00:22.476  INFO  tests.TestBase - Test started with phone: 
13:00:22.476  INFO  manager.ListenerWD - Before find element --> By.xpath: //a[@href='/add']
13:00:22.482  INFO  manager.ListenerWD - After find element --> By.xpath: //a[@href='/add']
13:00:22.502  INFO  manager.ListenerWD - Before find element --> By.cssSelector: input[placeholder='Name']
13:00:22.509  INFO  manager.ListenerWD - After find element --> By.cssSelector: input[placeholder='Name']
13:00:22.561  INFO  manager.ListenerWD - Before find element --> By.cssSelector: input[placeholder='Last Name']
13:00:22.568  INFO  manager.ListenerWD - After find element --> By.cssSelector: input[placeholder='Last Name']
13:00:22.623  INFO  manager.ListenerWD - Before find element --> By.cssSelector: input[placeholder='Phone']
13:00:22.629  INFO  manager.ListenerWD - After find element --> By.cssSelector: input[placeholder='Phone']
13:00:22.682  INFO  manager.ListenerWD - Before find element --> By.cssSelector: input[placeholder='email']
13:00:22.689  INFO  manager.ListenerWD - After find element --> By.cssSelector: input[placeholder='email']
13:00:22.754  INFO  manager.ListenerWD - Before find element --> By.cssSelector: input[placeholder='Address']
13:00:22.761  INFO  manager.ListenerWD - After find element --> By.cssSelector: input[placeholder='Address']
13:00:22.812  INFO  manager.ListenerWD - Before find element --> By.cssSelector: input[placeholder='description']
13:00:22.818  INFO  manager.ListenerWD - After find element --> By.cssSelector: input[placeholder='description']
13:00:22.872  INFO  manager.ListenerWD - Before find element --> By.xpath: //b[text()='Save']
13:00:22.879  INFO  manager.ListenerWD - After find element --> By.xpath: //b[text()='Save']
13:00:22.902  INFO  manager.ListenerWD - Test ends with error
13:00:22.902  INFO  manager.ListenerWD - ===================================
13:00:22.902  INFO  manager.ListenerWD - Method name--> alert
13:00:22.902  INFO  manager.ListenerWD - ===================================
13:00:22.902  INFO  manager.ListenerWD - InvocationTargetException cause--> org.openqa.selenium.NoAlertPresentException: no such alert
  (Session info: chrome=109.0.5414.120)
Build info: version: '4.7.1', revision: 'c6795baf1a3'
System info: os.name: 'Windows 10', os.arch: 'amd64', os.version: '10.0', java.version: '11.0.17'
Driver info: org.openqa.selenium.chrome.ChromeDriver
Command: [3e9fbe1abd788771ad7aaf9d0aefed46, getAlertText {}]
Capabilities {acceptInsecureCerts: false, browserName: chrome, browserVersion: 109.0.5414.120, chrome: {chromedriverVersion: 109.0.5414.74 (e7c5703604da..., userDataDir: C:\Users\User\AppData\Local...}, goog:chromeOptions: {debuggerAddress: localhost:63748}, networkConnectionEnabled: false, pageLoadStrategy: normal, platformName: WINDOWS, proxy: Proxy(), se:cdp: ws://localhost:63748/devtoo..., se:cdpVersion: 109.0.5414.120, setWindowRect: true, strictFileInteractability: false, timeouts: {implicit: 0, pageLoad: 300000, script: 30000}, unhandledPromptBehavior: dismiss and notify, webauthn:extension:credBlob: true, webauthn:extension:largeBlob: true, webauthn:virtualAuthenticators: true}
Session ID: 3e9fbe1abd788771ad7aaf9d0aefed46
13:00:22.902  INFO  manager.ListenerWD - ===================================
13:00:22.902  INFO  manager.ListenerWD - Object target --> org.openqa.selenium.remote.RemoteWebDriver$RemoteTargetLocator@54ed249f
13:00:22.902  INFO  manager.ListenerWD - ===================================
13:00:23.411  INFO  manager.ListenerWD - Before find elements --> By.cssSelector: a[href='/add'][class='active']
13:00:23.417  INFO  manager.ListenerWD - After find elements --> By.cssSelector: a[href='/add'][class='active']
13:00:23.417  INFO  manager.ListenerWD - List size is --> 1
13:00:23.417  INFO  tests.TestBase - Test passed with success
13:00:23.417  INFO  manager.ListenerTNG - onTestSuccess name --> addNewContactPhoneNull
13:00:23.417  INFO  tests.TestBase - The name of method is -->addNewContactPhoneSpecialChars
13:00:23.418  INFO  manager.ListenerWD - Before find elements --> By.xpath: //button[text()='Sign Out']
13:00:23.424  INFO  manager.ListenerWD - After find elements --> By.xpath: //button[text()='Sign Out']
13:00:23.424  INFO  manager.ListenerWD - List size is --> 1
13:00:23.424  INFO  manager.ListenerTNG - onTestStart name --> addNewContactPhoneSpecialChars
13:00:23.425  INFO  tests.TestBase - Test started with phone: 086$4667876
13:00:23.425  INFO  manager.ListenerWD - Before find element --> By.xpath: //a[@href='/add']
13:00:23.431  INFO  manager.ListenerWD - After find element --> By.xpath: //a[@href='/add']
13:00:23.451  INFO  manager.ListenerWD - Before find element --> By.cssSelector: input[placeholder='Name']
13:00:23.457  INFO  manager.ListenerWD - After find element --> By.cssSelector: input[placeholder='Name']
13:00:23.510  INFO  manager.ListenerWD - Before find element --> By.cssSelector: input[placeholder='Last Name']
13:00:23.517  INFO  manager.ListenerWD - After find element --> By.cssSelector: input[placeholder='Last Name']
13:00:23.567  INFO  manager.ListenerWD - Before find element --> By.cssSelector: input[placeholder='Phone']
13:00:23.573  INFO  manager.ListenerWD - After find element --> By.cssSelector: input[placeholder='Phone']
13:00:23.629  INFO  manager.ListenerWD - Before find element --> By.cssSelector: input[placeholder='email']
13:00:23.636  INFO  manager.ListenerWD - After find element --> By.cssSelector: input[placeholder='email']
13:00:23.692  INFO  manager.ListenerWD - Before find element --> By.cssSelector: input[placeholder='Address']
13:00:23.699  INFO  manager.ListenerWD - After find element --> By.cssSelector: input[placeholder='Address']
13:00:23.749  INFO  manager.ListenerWD - Before find element --> By.cssSelector: input[placeholder='description']
13:00:23.756  INFO  manager.ListenerWD - After find element --> By.cssSelector: input[placeholder='description']
13:00:23.808  INFO  manager.ListenerWD - Before find element --> By.xpath: //b[text()='Save']
13:00:23.814  INFO  manager.ListenerWD - After find element --> By.xpath: //b[text()='Save']
13:00:23.837  INFO  manager.ListenerWD - Test ends with error
13:00:23.837  INFO  manager.ListenerWD - ===================================
13:00:23.837  INFO  manager.ListenerWD - Method name--> alert
13:00:23.837  INFO  manager.ListenerWD - ===================================
13:00:23.837  INFO  manager.ListenerWD - InvocationTargetException cause--> org.openqa.selenium.NoAlertPresentException: no such alert
  (Session info: chrome=109.0.5414.120)
Build info: version: '4.7.1', revision: 'c6795baf1a3'
System info: os.name: 'Windows 10', os.arch: 'amd64', os.version: '10.0', java.version: '11.0.17'
Driver info: org.openqa.selenium.chrome.ChromeDriver
Command: [3e9fbe1abd788771ad7aaf9d0aefed46, getAlertText {}]
Capabilities {acceptInsecureCerts: false, browserName: chrome, browserVersion: 109.0.5414.120, chrome: {chromedriverVersion: 109.0.5414.74 (e7c5703604da..., userDataDir: C:\Users\User\AppData\Local...}, goog:chromeOptions: {debuggerAddress: localhost:63748}, networkConnectionEnabled: false, pageLoadStrategy: normal, platformName: WINDOWS, proxy: Proxy(), se:cdp: ws://localhost:63748/devtoo..., se:cdpVersion: 109.0.5414.120, setWindowRect: true, strictFileInteractability: false, timeouts: {implicit: 0, pageLoad: 300000, script: 30000}, unhandledPromptBehavior: dismiss and notify, webauthn:extension:credBlob: true, webauthn:extension:largeBlob: true, webauthn:virtualAuthenticators: true}
Session ID: 3e9fbe1abd788771ad7aaf9d0aefed46
13:00:23.837  INFO  manager.ListenerWD - ===================================
13:00:23.837  INFO  manager.ListenerWD - Object target --> org.openqa.selenium.remote.RemoteWebDriver$RemoteTargetLocator@7b6b466a
13:00:23.837  INFO  manager.ListenerWD - ===================================
13:00:24.346  INFO  manager.ListenerWD - Before find elements --> By.cssSelector: a[href='/add'][class='active']
13:00:24.352  INFO  manager.ListenerWD - After find elements --> By.cssSelector: a[href='/add'][class='active']
13:00:24.352  INFO  manager.ListenerWD - List size is --> 1
13:00:24.352  INFO  tests.TestBase - Test passed with success
13:00:24.352  INFO  manager.ListenerTNG - onTestSuccess name --> addNewContactPhoneSpecialChars
13:00:24.353  INFO  tests.TestBase - The name of method is -->addNewContactSuccess
13:00:24.353  INFO  manager.ListenerWD - Before find elements --> By.xpath: //button[text()='Sign Out']
13:00:24.359  INFO  manager.ListenerWD - After find elements --> By.xpath: //button[text()='Sign Out']
13:00:24.359  INFO  manager.ListenerWD - List size is --> 1
13:00:24.359  INFO  manager.ListenerTNG - onTestStart name --> addNewContactSuccess
13:00:24.371  INFO  tests.TestBase - Test started with data: Contact(name=Alina1539, lastName=White, phone=0865341539, email=alinaw1539@gmail.com, address=Kyiv, Ukraine, description=Childhood friend)
13:00:24.371  INFO  manager.ListenerWD - Before find element --> By.xpath: //a[@href='/add']
13:00:24.377  INFO  manager.ListenerWD - After find element --> By.xpath: //a[@href='/add']
13:00:24.398  INFO  manager.ListenerWD - Before find element --> By.cssSelector: input[placeholder='Name']
13:00:24.404  INFO  manager.ListenerWD - After find element --> By.cssSelector: input[placeholder='Name']
13:00:24.456  INFO  manager.ListenerWD - Before find element --> By.cssSelector: input[placeholder='Last Name']
13:00:24.462  INFO  manager.ListenerWD - After find element --> By.cssSelector: input[placeholder='Last Name']
13:00:24.512  INFO  manager.ListenerWD - Before find element --> By.cssSelector: input[placeholder='Phone']
13:00:24.518  INFO  manager.ListenerWD - After find element --> By.cssSelector: input[placeholder='Phone']
13:00:24.569  INFO  manager.ListenerWD - Before find element --> By.cssSelector: input[placeholder='email']
13:00:24.576  INFO  manager.ListenerWD - After find element --> By.cssSelector: input[placeholder='email']
13:00:24.637  INFO  manager.ListenerWD - Before find element --> By.cssSelector: input[placeholder='Address']
13:00:24.646  INFO  manager.ListenerWD - After find element --> By.cssSelector: input[placeholder='Address']
13:00:24.701  INFO  manager.ListenerWD - Before find element --> By.cssSelector: input[placeholder='description']
13:00:24.707  INFO  manager.ListenerWD - After find element --> By.cssSelector: input[placeholder='description']
13:00:24.762  INFO  manager.ListenerWD - Before find element --> By.xpath: //b[text()='Save']
13:00:24.769  INFO  manager.ListenerWD - After find element --> By.xpath: //b[text()='Save']
13:00:24.789  INFO  manager.ListenerWD - Before find elements --> By.cssSelector: h2
13:00:25.555  INFO  manager.ListenerWD - After find elements --> By.cssSelector: h2
13:00:25.555  INFO  manager.ListenerWD - List size is --> 84
13:00:26.213  INFO  manager.ListenerWD - Before find elements --> By.cssSelector: h3
13:00:26.351  INFO  manager.ListenerWD - After find elements --> By.cssSelector: h3
13:00:26.352  INFO  manager.ListenerWD - List size is --> 84
13:00:27.153  INFO  manager.ListenerWD - Before find elements --> By.cssSelector: h2
13:00:27.289  INFO  manager.ListenerWD - After find elements --> By.cssSelector: h2
13:00:27.290  INFO  manager.ListenerWD - List size is --> 84
13:00:27.642  INFO  manager.ListenerWD - Before find element --> By.xpath: //div[starts-with(@class,'contact-item-detailed_card')]
13:00:27.653  INFO  manager.ListenerWD - After find element --> By.xpath: //div[starts-with(@class,'contact-item-detailed_card')]
13:00:27.666  INFO  tests.TestBase - Test passed with success
13:00:27.666  INFO  manager.ListenerTNG - onTestSuccess name --> addNewContactSuccess
13:00:27.667  INFO  tests.TestBase - The name of method is -->addNewContactSuccessRequiredFields
13:00:27.667  INFO  manager.ListenerWD - Before find elements --> By.xpath: //button[text()='Sign Out']
13:00:27.673  INFO  manager.ListenerWD - After find elements --> By.xpath: //button[text()='Sign Out']
13:00:27.673  INFO  manager.ListenerWD - List size is --> 1
13:00:27.673  INFO  manager.ListenerTNG - onTestStart name --> addNewContactSuccessRequiredFields
13:00:27.674  INFO  tests.TestBase - Test started with data: Contact(name=Alina1057, lastName=White, phone=0865341057, email=alinaw1057@gmail.com, address=Kyiv, Ukraine, description=null)
13:00:27.674  INFO  manager.ListenerWD - Before find element --> By.xpath: //a[@href='/add']
13:00:27.680  INFO  manager.ListenerWD - After find element --> By.xpath: //a[@href='/add']
13:00:27.708  INFO  manager.ListenerWD - Before find element --> By.cssSelector: input[placeholder='Name']
13:00:27.715  INFO  manager.ListenerWD - After find element --> By.cssSelector: input[placeholder='Name']
13:00:27.795  INFO  manager.ListenerWD - Before find element --> By.cssSelector: input[placeholder='Last Name']
13:00:27.802  INFO  manager.ListenerWD - After find element --> By.cssSelector: input[placeholder='Last Name']
13:00:27.874  INFO  manager.ListenerWD - Before find element --> By.cssSelector: input[placeholder='Phone']
13:00:27.880  INFO  manager.ListenerWD - After find element --> By.cssSelector: input[placeholder='Phone']
13:00:27.958  INFO  manager.ListenerWD - Before find element --> By.cssSelector: input[placeholder='email']
13:00:27.964  INFO  manager.ListenerWD - After find element --> By.cssSelector: input[placeholder='email']
13:00:28.044  INFO  manager.ListenerWD - Before find element --> By.cssSelector: input[placeholder='Address']
13:00:28.052  INFO  manager.ListenerWD - After find element --> By.cssSelector: input[placeholder='Address']
13:00:28.128  INFO  manager.ListenerWD - Before find element --> By.xpath: //b[text()='Save']
13:00:28.134  INFO  manager.ListenerWD - After find element --> By.xpath: //b[text()='Save']
13:00:28.172  INFO  manager.ListenerWD - Before find elements --> By.cssSelector: h2
13:00:28.960  INFO  manager.ListenerWD - After find elements --> By.cssSelector: h2
13:00:28.960  INFO  manager.ListenerWD - List size is --> 85
13:00:29.925  INFO  manager.ListenerWD - Before find elements --> By.cssSelector: h3
13:00:30.063  INFO  manager.ListenerWD - After find elements --> By.cssSelector: h3
13:00:30.063  INFO  manager.ListenerWD - List size is --> 85
13:00:31.131  INFO  manager.ListenerWD - Before find elements --> By.cssSelector: h2
13:00:31.264  INFO  manager.ListenerWD - After find elements --> By.cssSelector: h2
13:00:31.264  INFO  manager.ListenerWD - List size is --> 85
13:00:31.713  INFO  manager.ListenerWD - Before find element --> By.xpath: //div[starts-with(@class,'contact-item-detailed_card')]
13:00:31.721  INFO  manager.ListenerWD - After find element --> By.xpath: //div[starts-with(@class,'contact-item-detailed_card')]
13:00:31.737  INFO  tests.TestBase - Test passed with success
13:00:31.737  INFO  manager.ListenerTNG - onTestSuccess name --> addNewContactSuccessRequiredFields
13:00:31.737  INFO  tests.TestBase - The name of method is -->addNewContactTwoAtEmail
13:00:31.737  INFO  manager.ListenerWD - Before find elements --> By.xpath: //button[text()='Sign Out']
13:00:31.743  INFO  manager.ListenerWD - After find elements --> By.xpath: //button[text()='Sign Out']
13:00:31.743  INFO  manager.ListenerWD - List size is --> 1
13:00:31.744  INFO  manager.ListenerTNG - onTestStart name --> addNewContactTwoAtEmail
13:00:31.744  INFO  tests.TestBase - Test started with email: alinaw1800@@gmail.com
13:00:31.744  INFO  manager.ListenerWD - Before find element --> By.xpath: //a[@href='/add']
13:00:31.750  INFO  manager.ListenerWD - After find element --> By.xpath: //a[@href='/add']
13:00:31.773  INFO  manager.ListenerWD - Before find element --> By.cssSelector: input[placeholder='Name']
13:00:31.780  INFO  manager.ListenerWD - After find element --> By.cssSelector: input[placeholder='Name']
13:00:31.877  INFO  manager.ListenerWD - Before find element --> By.cssSelector: input[placeholder='Last Name']
13:00:31.883  INFO  manager.ListenerWD - After find element --> By.cssSelector: input[placeholder='Last Name']
13:00:31.967  INFO  manager.ListenerWD - Before find element --> By.cssSelector: input[placeholder='Phone']
13:00:31.972  INFO  manager.ListenerWD - After find element --> By.cssSelector: input[placeholder='Phone']
13:00:32.065  INFO  manager.ListenerWD - Before find element --> By.cssSelector: input[placeholder='email']
13:00:32.071  INFO  manager.ListenerWD - After find element --> By.cssSelector: input[placeholder='email']
13:00:32.167  INFO  manager.ListenerWD - Before find element --> By.cssSelector: input[placeholder='Address']
13:00:32.173  INFO  manager.ListenerWD - After find element --> By.cssSelector: input[placeholder='Address']
13:00:32.275  INFO  manager.ListenerWD - Before find element --> By.cssSelector: input[placeholder='description']
13:00:32.288  INFO  manager.ListenerWD - After find element --> By.cssSelector: input[placeholder='description']
13:00:32.379  INFO  manager.ListenerWD - Before find element --> By.xpath: //b[text()='Save']
13:00:32.385  INFO  manager.ListenerWD - After find element --> By.xpath: //b[text()='Save']
13:00:32.430  INFO  manager.ListenerWD - Test ends with error
13:00:32.430  INFO  manager.ListenerWD - ===================================
13:00:32.430  INFO  manager.ListenerWD - Method name--> alert
13:00:32.430  INFO  manager.ListenerWD - ===================================
13:00:32.430  INFO  manager.ListenerWD - InvocationTargetException cause--> org.openqa.selenium.NoAlertPresentException: no such alert
  (Session info: chrome=109.0.5414.120)
Build info: version: '4.7.1', revision: 'c6795baf1a3'
System info: os.name: 'Windows 10', os.arch: 'amd64', os.version: '10.0', java.version: '11.0.17'
Driver info: org.openqa.selenium.chrome.ChromeDriver
Command: [3e9fbe1abd788771ad7aaf9d0aefed46, getAlertText {}]
Capabilities {acceptInsecureCerts: false, browserName: chrome, browserVersion: 109.0.5414.120, chrome: {chromedriverVersion: 109.0.5414.74 (e7c5703604da..., userDataDir: C:\Users\User\AppData\Local...}, goog:chromeOptions: {debuggerAddress: localhost:63748}, networkConnectionEnabled: false, pageLoadStrategy: normal, platformName: WINDOWS, proxy: Proxy(), se:cdp: ws://localhost:63748/devtoo..., se:cdpVersion: 109.0.5414.120, setWindowRect: true, strictFileInteractability: false, timeouts: {implicit: 0, pageLoad: 300000, script: 30000}, unhandledPromptBehavior: dismiss and notify, webauthn:extension:credBlob: true, webauthn:extension:largeBlob: true, webauthn:virtualAuthenticators: true}
Session ID: 3e9fbe1abd788771ad7aaf9d0aefed46
13:00:32.430  INFO  manager.ListenerWD - ===================================
13:00:32.430  INFO  manager.ListenerWD - Object target --> org.openqa.selenium.remote.RemoteWebDriver$RemoteTargetLocator@3d5e3f58
13:00:32.430  INFO  manager.ListenerWD - ===================================
13:00:32.939  INFO  tests.TestBase - Test passed with success
13:00:32.939  INFO  manager.ListenerTNG - onTestSuccess name --> addNewContactTwoAtEmail
13:00:32.939  INFO  tests.TestBase - The name of method is -->addNewContactWrongEmail
13:00:32.939  INFO  manager.ListenerWD - Before find elements --> By.xpath: //button[text()='Sign Out']
13:00:32.945  INFO  manager.ListenerWD - After find elements --> By.xpath: //button[text()='Sign Out']
13:00:32.945  INFO  manager.ListenerWD - List size is --> 1
13:00:32.946  INFO  manager.ListenerTNG - onTestStart name --> addNewContactWrongEmail
13:00:32.946  INFO  tests.TestBase - Test started with email: alinaw1479gmail.com
13:00:32.946  INFO  manager.ListenerWD - Before find element --> By.xpath: //a[@href='/add']
13:00:32.952  INFO  manager.ListenerWD - After find element --> By.xpath: //a[@href='/add']
13:00:32.984  INFO  manager.ListenerWD - Before find element --> By.cssSelector: input[placeholder='Name']
13:00:32.991  INFO  manager.ListenerWD - After find element --> By.cssSelector: input[placeholder='Name']
13:00:33.054  INFO  manager.ListenerWD - Before find element --> By.cssSelector: input[placeholder='Last Name']
13:00:33.061  INFO  manager.ListenerWD - After find element --> By.cssSelector: input[placeholder='Last Name']
13:00:33.119  INFO  manager.ListenerWD - Before find element --> By.cssSelector: input[placeholder='Phone']
13:00:33.125  INFO  manager.ListenerWD - After find element --> By.cssSelector: input[placeholder='Phone']
13:00:33.181  INFO  manager.ListenerWD - Before find element --> By.cssSelector: input[placeholder='email']
13:00:33.188  INFO  manager.ListenerWD - After find element --> By.cssSelector: input[placeholder='email']
13:00:33.250  INFO  manager.ListenerWD - Before find element --> By.cssSelector: input[placeholder='Address']
13:00:33.256  INFO  manager.ListenerWD - After find element --> By.cssSelector: input[placeholder='Address']
13:00:33.316  INFO  manager.ListenerWD - Before find element --> By.cssSelector: input[placeholder='description']
13:00:33.321  INFO  manager.ListenerWD - After find element --> By.cssSelector: input[placeholder='description']
13:00:33.383  INFO  manager.ListenerWD - Before find element --> By.xpath: //b[text()='Save']
13:00:33.407  INFO  manager.ListenerWD - After find element --> By.xpath: //b[text()='Save']
13:00:33.431  INFO  manager.ListenerWD - Test ends with error
13:00:33.431  INFO  manager.ListenerWD - ===================================
13:00:33.431  INFO  manager.ListenerWD - Method name--> alert
13:00:33.431  INFO  manager.ListenerWD - ===================================
13:00:33.431  INFO  manager.ListenerWD - InvocationTargetException cause--> org.openqa.selenium.NoAlertPresentException: no such alert
  (Session info: chrome=109.0.5414.120)
Build info: version: '4.7.1', revision: 'c6795baf1a3'
System info: os.name: 'Windows 10', os.arch: 'amd64', os.version: '10.0', java.version: '11.0.17'
Driver info: org.openqa.selenium.chrome.ChromeDriver
Command: [3e9fbe1abd788771ad7aaf9d0aefed46, getAlertText {}]
Capabilities {acceptInsecureCerts: false, browserName: chrome, browserVersion: 109.0.5414.120, chrome: {chromedriverVersion: 109.0.5414.74 (e7c5703604da..., userDataDir: C:\Users\User\AppData\Local...}, goog:chromeOptions: {debuggerAddress: localhost:63748}, networkConnectionEnabled: false, pageLoadStrategy: normal, platformName: WINDOWS, proxy: Proxy(), se:cdp: ws://localhost:63748/devtoo..., se:cdpVersion: 109.0.5414.120, setWindowRect: true, strictFileInteractability: false, timeouts: {implicit: 0, pageLoad: 300000, script: 30000}, unhandledPromptBehavior: dismiss and notify, webauthn:extension:credBlob: true, webauthn:extension:largeBlob: true, webauthn:virtualAuthenticators: true}
Session ID: 3e9fbe1abd788771ad7aaf9d0aefed46
13:00:33.431  INFO  manager.ListenerWD - ===================================
13:00:33.431  INFO  manager.ListenerWD - Object target --> org.openqa.selenium.remote.RemoteWebDriver$RemoteTargetLocator@6a7b4ff5
13:00:33.431  INFO  manager.ListenerWD - ===================================
13:00:33.939  INFO  tests.TestBase - Test passed with success
13:00:33.939  INFO  manager.ListenerTNG - onTestSuccess name --> addNewContactWrongEmail
13:00:33.941  INFO  tests.TestBase - The name of method is -->loginSuccess
13:00:33.941  INFO  manager.ListenerWD - Before find elements --> By.xpath: //button[text()='Sign Out']
13:00:33.947  INFO  manager.ListenerWD - After find elements --> By.xpath: //button[text()='Sign Out']
13:00:33.947  INFO  manager.ListenerWD - List size is --> 1
13:00:33.947  INFO  manager.ListenerWD - Before find element --> By.xpath: //button[text()='Sign Out']
13:00:33.959  INFO  manager.ListenerWD - After find element --> By.xpath: //button[text()='Sign Out']
13:00:34.008  INFO  tests.TestBase - Need logout
13:00:34.008  INFO  manager.ListenerTNG - onTestStart name --> loginSuccess
13:00:34.011  INFO  tests.TestBase - Login with valid data: email - kate@gmail.com, password - Kkate12345$
13:00:34.011  INFO  manager.ListenerWD - Before find element --> By.cssSelector: a[href='/login']
13:00:34.023  INFO  manager.ListenerWD - After find element --> By.cssSelector: a[href='/login']
13:00:34.056  INFO  manager.ListenerWD - Before find element --> By.cssSelector: input[name='email']
13:00:34.067  INFO  manager.ListenerWD - After find element --> By.cssSelector: input[name='email']
13:00:34.171  INFO  manager.ListenerWD - Before find element --> By.cssSelector: input[name='password']
13:00:34.184  INFO  manager.ListenerWD - After find element --> By.cssSelector: input[name='password']
13:00:34.288  INFO  manager.ListenerWD - Before find element --> By.cssSelector: button[name='login']
13:00:34.301  INFO  manager.ListenerWD - After find element --> By.cssSelector: button[name='login']
13:00:34.347  INFO  manager.ListenerWD - Before find elements --> By.xpath: //button[text()='Sign Out']
13:00:34.670  INFO  manager.ListenerWD - After find elements --> By.xpath: //button[text()='Sign Out']
13:00:34.670  INFO  manager.ListenerWD - List size is --> 1
13:00:34.670  INFO  tests.TestBase - Test passed with success
13:00:34.670  INFO  manager.ListenerTNG - onTestSuccess name --> loginSuccess
13:00:34.670  INFO  tests.TestBase - The name of method is -->loginSuccess
13:00:34.670  INFO  manager.ListenerWD - Before find elements --> By.xpath: //button[text()='Sign Out']
13:00:34.677  INFO  manager.ListenerWD - After find elements --> By.xpath: //button[text()='Sign Out']
13:00:34.677  INFO  manager.ListenerWD - List size is --> 1
13:00:34.677  INFO  manager.ListenerWD - Before find element --> By.xpath: //button[text()='Sign Out']
13:00:34.683  INFO  manager.ListenerWD - After find element --> By.xpath: //button[text()='Sign Out']
13:00:34.728  INFO  tests.TestBase - Need logout
13:00:34.728  INFO  manager.ListenerTNG - onTestStart name --> loginSuccess
13:00:34.728  INFO  tests.TestBase - Login with valid data: email - kate@gmail.com, password - Kkate12345$
13:00:34.728  INFO  manager.ListenerWD - Before find element --> By.cssSelector: a[href='/login']
13:00:34.734  INFO  manager.ListenerWD - After find element --> By.cssSelector: a[href='/login']
13:00:34.768  INFO  manager.ListenerWD - Before find element --> By.cssSelector: input[name='email']
13:00:34.774  INFO  manager.ListenerWD - After find element --> By.cssSelector: input[name='email']
13:00:34.874  INFO  manager.ListenerWD - Before find element --> By.cssSelector: input[name='password']
13:00:34.880  INFO  manager.ListenerWD - After find element --> By.cssSelector: input[name='password']
13:00:34.980  INFO  manager.ListenerWD - Before find element --> By.cssSelector: button[name='login']
13:00:34.986  INFO  manager.ListenerWD - After find element --> By.cssSelector: button[name='login']
13:00:35.040  INFO  manager.ListenerWD - Before find elements --> By.xpath: //button[text()='Sign Out']
13:00:35.362  INFO  manager.ListenerWD - After find elements --> By.xpath: //button[text()='Sign Out']
13:00:35.363  INFO  manager.ListenerWD - List size is --> 1
13:00:35.363  INFO  tests.TestBase - Test passed with success
13:00:35.363  INFO  manager.ListenerTNG - onTestSuccess name --> loginSuccess
13:00:35.363  INFO  tests.TestBase - The name of method is -->loginSuccess
13:00:35.363  INFO  manager.ListenerWD - Before find elements --> By.xpath: //button[text()='Sign Out']
13:00:35.368  INFO  manager.ListenerWD - After find elements --> By.xpath: //button[text()='Sign Out']
13:00:35.368  INFO  manager.ListenerWD - List size is --> 1
13:00:35.368  INFO  manager.ListenerWD - Before find element --> By.xpath: //button[text()='Sign Out']
13:00:35.373  INFO  manager.ListenerWD - After find element --> By.xpath: //button[text()='Sign Out']
13:00:35.428  INFO  tests.TestBase - Need logout
13:00:35.428  INFO  manager.ListenerTNG - onTestStart name --> loginSuccess
13:00:35.428  INFO  tests.TestBase - Login with valid data: email - kate@gmail.com, password - Kkate12345$
13:00:35.428  INFO  manager.ListenerWD - Before find element --> By.cssSelector: a[href='/login']
13:00:35.434  INFO  manager.ListenerWD - After find element --> By.cssSelector: a[href='/login']
13:00:35.468  INFO  manager.ListenerWD - Before find element --> By.cssSelector: input[name='email']
13:00:35.474  INFO  manager.ListenerWD - After find element --> By.cssSelector: input[name='email']
13:00:35.557  INFO  manager.ListenerWD - Before find element --> By.cssSelector: input[name='password']
13:00:35.564  INFO  manager.ListenerWD - After find element --> By.cssSelector: input[name='password']
13:00:35.667  INFO  manager.ListenerWD - Before find element --> By.cssSelector: button[name='login']
13:00:35.672  INFO  manager.ListenerWD - After find element --> By.cssSelector: button[name='login']
13:00:35.723  INFO  manager.ListenerWD - Before find elements --> By.xpath: //button[text()='Sign Out']
13:00:36.048  INFO  manager.ListenerWD - After find elements --> By.xpath: //button[text()='Sign Out']
13:00:36.048  INFO  manager.ListenerWD - List size is --> 1
13:00:36.048  INFO  tests.TestBase - Test passed with success
13:00:36.048  INFO  manager.ListenerTNG - onTestSuccess name --> loginSuccess
13:00:36.049  INFO  tests.TestBase - The name of method is -->loginSuccess2
13:00:36.049  INFO  manager.ListenerWD - Before find elements --> By.xpath: //button[text()='Sign Out']
13:00:36.055  INFO  manager.ListenerWD - After find elements --> By.xpath: //button[text()='Sign Out']
13:00:36.055  INFO  manager.ListenerWD - List size is --> 1
13:00:36.055  INFO  manager.ListenerWD - Before find element --> By.xpath: //button[text()='Sign Out']
13:00:36.061  INFO  manager.ListenerWD - After find element --> By.xpath: //button[text()='Sign Out']
13:00:36.112  INFO  tests.TestBase - Need logout
13:00:36.113  INFO  manager.ListenerTNG - onTestStart name --> loginSuccess2
13:00:36.113  INFO  tests.TestBase - Login with valid data: email - kate@gmail.com, password - Kkate12345$
13:00:36.113  INFO  manager.ListenerWD - Before find element --> By.cssSelector: a[href='/login']
13:00:36.120  INFO  manager.ListenerWD - After find element --> By.cssSelector: a[href='/login']
13:00:36.153  INFO  manager.ListenerWD - Before find element --> By.cssSelector: input[name='email']
13:00:36.159  INFO  manager.ListenerWD - After find element --> By.cssSelector: input[name='email']
13:00:36.272  INFO  manager.ListenerWD - Before find element --> By.cssSelector: input[name='password']
13:00:36.277  INFO  manager.ListenerWD - After find element --> By.cssSelector: input[name='password']
13:00:36.388  INFO  manager.ListenerWD - Before find element --> By.cssSelector: button[name='login']
13:00:36.394  INFO  manager.ListenerWD - After find element --> By.cssSelector: button[name='login']
13:00:36.436  INFO  manager.ListenerWD - Before find elements --> By.xpath: //button[text()='Sign Out']
13:00:36.758  INFO  manager.ListenerWD - After find elements --> By.xpath: //button[text()='Sign Out']
13:00:36.758  INFO  manager.ListenerWD - List size is --> 1
13:00:36.759  INFO  tests.TestBase - Test passed with success
13:00:36.759  INFO  manager.ListenerTNG - onTestSuccess name --> loginSuccess2
13:00:36.759  INFO  tests.TestBase - The name of method is -->loginSuccess2
13:00:36.759  INFO  manager.ListenerWD - Before find elements --> By.xpath: //button[text()='Sign Out']
13:00:36.765  INFO  manager.ListenerWD - After find elements --> By.xpath: //button[text()='Sign Out']
13:00:36.765  INFO  manager.ListenerWD - List size is --> 1
13:00:36.765  INFO  manager.ListenerWD - Before find element --> By.xpath: //button[text()='Sign Out']
13:00:36.770  INFO  manager.ListenerWD - After find element --> By.xpath: //button[text()='Sign Out']
13:00:36.822  INFO  tests.TestBase - Need logout
13:00:36.823  INFO  manager.ListenerTNG - onTestStart name --> loginSuccess2
13:00:36.823  INFO  tests.TestBase - Login with valid data: email - kate@gmail.com, password - Kkate12345$
13:00:36.823  INFO  manager.ListenerWD - Before find element --> By.cssSelector: a[href='/login']
13:00:36.829  INFO  manager.ListenerWD - After find element --> By.cssSelector: a[href='/login']
13:00:36.865  INFO  manager.ListenerWD - Before find element --> By.cssSelector: input[name='email']
13:00:36.871  INFO  manager.ListenerWD - After find element --> By.cssSelector: input[name='email']
13:00:36.979  INFO  manager.ListenerWD - Before find element --> By.cssSelector: input[name='password']
13:00:36.986  INFO  manager.ListenerWD - After find element --> By.cssSelector: input[name='password']
13:00:37.101  INFO  manager.ListenerWD - Before find element --> By.cssSelector: button[name='login']
13:00:37.107  INFO  manager.ListenerWD - After find element --> By.cssSelector: button[name='login']
13:00:37.166  INFO  manager.ListenerWD - Before find elements --> By.xpath: //button[text()='Sign Out']
13:00:37.488  INFO  manager.ListenerWD - After find elements --> By.xpath: //button[text()='Sign Out']
13:00:37.489  INFO  manager.ListenerWD - List size is --> 1
13:00:37.489  INFO  tests.TestBase - Test passed with success
13:00:37.489  INFO  manager.ListenerTNG - onTestSuccess name --> loginSuccess2
13:00:37.489  INFO  tests.TestBase - The name of method is -->loginSuccess2
13:00:37.489  INFO  manager.ListenerWD - Before find elements --> By.xpath: //button[text()='Sign Out']
13:00:37.495  INFO  manager.ListenerWD - After find elements --> By.xpath: //button[text()='Sign Out']
13:00:37.495  INFO  manager.ListenerWD - List size is --> 1
13:00:37.495  INFO  manager.ListenerWD - Before find element --> By.xpath: //button[text()='Sign Out']
13:00:37.500  INFO  manager.ListenerWD - After find element --> By.xpath: //button[text()='Sign Out']
13:00:37.558  INFO  tests.TestBase - Need logout
13:00:37.558  INFO  manager.ListenerTNG - onTestStart name --> loginSuccess2
13:00:37.558  INFO  tests.TestBase - Login with valid data: email - kate@gmail.com, password - Kkate12345$
13:00:37.558  INFO  manager.ListenerWD - Before find element --> By.cssSelector: a[href='/login']
13:00:37.564  INFO  manager.ListenerWD - After find element --> By.cssSelector: a[href='/login']
13:00:37.599  INFO  manager.ListenerWD - Before find element --> By.cssSelector: input[name='email']
13:00:37.605  INFO  manager.ListenerWD - After find element --> By.cssSelector: input[name='email']
13:00:37.699  INFO  manager.ListenerWD - Before find element --> By.cssSelector: input[name='password']
13:00:37.705  INFO  manager.ListenerWD - After find element --> By.cssSelector: input[name='password']
13:00:37.814  INFO  manager.ListenerWD - Before find element --> By.cssSelector: button[name='login']
13:00:37.820  INFO  manager.ListenerWD - After find element --> By.cssSelector: button[name='login']
13:00:37.874  INFO  manager.ListenerWD - Before find elements --> By.xpath: //button[text()='Sign Out']
13:00:38.196  INFO  manager.ListenerWD - After find elements --> By.xpath: //button[text()='Sign Out']
13:00:38.196  INFO  manager.ListenerWD - List size is --> 1
13:00:38.196  INFO  tests.TestBase - Test passed with success
13:00:38.196  INFO  manager.ListenerTNG - onTestSuccess name --> loginSuccess2
13:00:38.197  INFO  tests.TestBase - The name of method is -->loginSuccess2
13:00:38.197  INFO  manager.ListenerWD - Before find elements --> By.xpath: //button[text()='Sign Out']
13:00:38.202  INFO  manager.ListenerWD - After find elements --> By.xpath: //button[text()='Sign Out']
13:00:38.202  INFO  manager.ListenerWD - List size is --> 1
13:00:38.202  INFO  manager.ListenerWD - Before find element --> By.xpath: //button[text()='Sign Out']
13:00:38.208  INFO  manager.ListenerWD - After find element --> By.xpath: //button[text()='Sign Out']
13:00:38.263  INFO  tests.TestBase - Need logout
13:00:38.263  INFO  manager.ListenerTNG - onTestStart name --> loginSuccess2
13:00:38.266  INFO  tests.TestBase - Login with valid data: User(email=kate@gmail.com, password=Kkate12345$)
13:00:38.266  INFO  manager.ListenerWD - Before find element --> By.cssSelector: a[href='/login']
13:00:38.272  INFO  manager.ListenerWD - After find element --> By.cssSelector: a[href='/login']
13:00:38.312  INFO  manager.ListenerWD - Before find element --> By.cssSelector: input[name='email']
13:00:38.318  INFO  manager.ListenerWD - After find element --> By.cssSelector: input[name='email']
13:00:38.437  INFO  manager.ListenerWD - Before find element --> By.cssSelector: input[name='password']
13:00:38.443  INFO  manager.ListenerWD - After find element --> By.cssSelector: input[name='password']
13:00:38.566  INFO  manager.ListenerWD - Before find element --> By.cssSelector: button[name='login']
13:00:38.572  INFO  manager.ListenerWD - After find element --> By.cssSelector: button[name='login']
13:00:38.615  INFO  manager.ListenerWD - Before find elements --> By.xpath: //button[text()='Sign Out']
13:00:38.939  INFO  manager.ListenerWD - After find elements --> By.xpath: //button[text()='Sign Out']
13:00:38.939  INFO  manager.ListenerWD - List size is --> 1
13:00:38.939  INFO  tests.TestBase - Test passed with success
13:00:38.939  INFO  manager.ListenerTNG - onTestSuccess name --> loginSuccess2
13:00:38.939  INFO  tests.TestBase - The name of method is -->loginSuccessModelFormFile
13:00:38.940  INFO  manager.ListenerWD - Before find elements --> By.xpath: //button[text()='Sign Out']
13:00:38.945  INFO  manager.ListenerWD - After find elements --> By.xpath: //button[text()='Sign Out']
13:00:38.945  INFO  manager.ListenerWD - List size is --> 1
13:00:38.945  INFO  manager.ListenerWD - Before find element --> By.xpath: //button[text()='Sign Out']
13:00:38.951  INFO  manager.ListenerWD - After find element --> By.xpath: //button[text()='Sign Out']
13:00:39.007  INFO  tests.TestBase - Need logout
13:00:39.007  INFO  manager.ListenerTNG - onTestStart name --> loginSuccessModelFormFile
13:00:39.008  INFO  tests.TestBase - Login with valid data: User(email=kate@gmail.com, password=Kkate12345$)
13:00:39.008  INFO  manager.ListenerWD - Before find element --> By.cssSelector: a[href='/login']
13:00:39.014  INFO  manager.ListenerWD - After find element --> By.cssSelector: a[href='/login']
13:00:39.051  INFO  manager.ListenerWD - Before find element --> By.cssSelector: input[name='email']
13:00:39.057  INFO  manager.ListenerWD - After find element --> By.cssSelector: input[name='email']
13:00:39.177  INFO  manager.ListenerWD - Before find element --> By.cssSelector: input[name='password']
13:00:39.183  INFO  manager.ListenerWD - After find element --> By.cssSelector: input[name='password']
13:00:39.303  INFO  manager.ListenerWD - Before find element --> By.cssSelector: button[name='login']
13:00:39.310  INFO  manager.ListenerWD - After find element --> By.cssSelector: button[name='login']
13:00:39.370  INFO  manager.ListenerWD - Before find elements --> By.xpath: //button[text()='Sign Out']
13:00:39.692  INFO  manager.ListenerWD - After find elements --> By.xpath: //button[text()='Sign Out']
13:00:39.692  INFO  manager.ListenerWD - List size is --> 1
13:00:39.692  INFO  tests.TestBase - Test passed with success
13:00:39.692  INFO  manager.ListenerTNG - onTestSuccess name --> loginSuccessModelFormFile
13:00:39.692  INFO  tests.TestBase - The name of method is -->loginSuccessModelFormFile
13:00:39.693  INFO  manager.ListenerWD - Before find elements --> By.xpath: //button[text()='Sign Out']
13:00:39.699  INFO  manager.ListenerWD - After find elements --> By.xpath: //button[text()='Sign Out']
13:00:39.699  INFO  manager.ListenerWD - List size is --> 1
13:00:39.699  INFO  manager.ListenerWD - Before find element --> By.xpath: //button[text()='Sign Out']
13:00:39.704  INFO  manager.ListenerWD - After find element --> By.xpath: //button[text()='Sign Out']
13:00:39.758  INFO  tests.TestBase - Need logout
13:00:39.758  INFO  manager.ListenerTNG - onTestStart name --> loginSuccessModelFormFile
13:00:39.758  INFO  tests.TestBase - Login with valid data: User(email=sonya@gmail.com, password=Ss12345$)
13:00:39.758  INFO  manager.ListenerWD - Before find element --> By.cssSelector: a[href='/login']
13:00:39.765  INFO  manager.ListenerWD - After find element --> By.cssSelector: a[href='/login']
13:00:39.807  INFO  manager.ListenerWD - Before find element --> By.cssSelector: input[name='email']
13:00:39.813  INFO  manager.ListenerWD - After find element --> By.cssSelector: input[name='email']
13:00:39.930  INFO  manager.ListenerWD - Before find element --> By.cssSelector: input[name='password']
13:00:39.936  INFO  manager.ListenerWD - After find element --> By.cssSelector: input[name='password']
13:00:40.054  INFO  manager.ListenerWD - Before find element --> By.cssSelector: button[name='login']
13:00:40.060  INFO  manager.ListenerWD - After find element --> By.cssSelector: button[name='login']
13:00:40.121  INFO  manager.ListenerWD - Before find elements --> By.xpath: //button[text()='Sign Out']
13:00:40.444  INFO  manager.ListenerWD - After find elements --> By.xpath: //button[text()='Sign Out']
13:00:40.444  INFO  manager.ListenerWD - List size is --> 1
13:00:40.444  INFO  tests.TestBase - Test passed with success
13:00:40.445  INFO  manager.ListenerTNG - onTestSuccess name --> loginSuccessModelFormFile
13:00:40.445  INFO  tests.TestBase - The name of method is -->loginSuccessModelFormFile
13:00:40.445  INFO  manager.ListenerWD - Before find elements --> By.xpath: //button[text()='Sign Out']
13:00:40.451  INFO  manager.ListenerWD - After find elements --> By.xpath: //button[text()='Sign Out']
13:00:40.451  INFO  manager.ListenerWD - List size is --> 1
13:00:40.451  INFO  manager.ListenerWD - Before find element --> By.xpath: //button[text()='Sign Out']
13:00:40.457  INFO  manager.ListenerWD - After find element --> By.xpath: //button[text()='Sign Out']
13:00:40.522  INFO  tests.TestBase - Need logout
13:00:40.522  INFO  manager.ListenerTNG - onTestStart name --> loginSuccessModelFormFile
13:00:40.522  INFO  tests.TestBase - Login with valid data: User(email=noa@gmail.com, password=Nnoa12345$)
13:00:40.522  INFO  manager.ListenerWD - Before find element --> By.cssSelector: a[href='/login']
13:00:40.529  INFO  manager.ListenerWD - After find element --> By.cssSelector: a[href='/login']
13:00:40.570  INFO  manager.ListenerWD - Before find element --> By.cssSelector: input[name='email']
13:00:40.576  INFO  manager.ListenerWD - After find element --> By.cssSelector: input[name='email']
13:00:40.680  INFO  manager.ListenerWD - Before find element --> By.cssSelector: input[name='password']
13:00:40.686  INFO  manager.ListenerWD - After find element --> By.cssSelector: input[name='password']
13:00:40.807  INFO  manager.ListenerWD - Before find element --> By.cssSelector: button[name='login']
13:00:40.813  INFO  manager.ListenerWD - After find element --> By.cssSelector: button[name='login']
13:00:40.871  INFO  manager.ListenerWD - Before find elements --> By.xpath: //button[text()='Sign Out']
13:00:41.194  INFO  manager.ListenerWD - After find elements --> By.xpath: //button[text()='Sign Out']
13:00:41.194  INFO  manager.ListenerWD - List size is --> 1
13:00:41.194  INFO  tests.TestBase - Test passed with success
13:00:41.194  INFO  manager.ListenerTNG - onTestSuccess name --> loginSuccessModelFormFile
13:00:41.195  INFO  tests.TestBase - The name of method is -->loginUnregisteredUser
13:00:41.195  INFO  manager.ListenerWD - Before find elements --> By.xpath: //button[text()='Sign Out']
13:00:41.200  INFO  manager.ListenerWD - After find elements --> By.xpath: //button[text()='Sign Out']
13:00:41.200  INFO  manager.ListenerWD - List size is --> 1
13:00:41.200  INFO  manager.ListenerWD - Before find element --> By.xpath: //button[text()='Sign Out']
13:00:41.205  INFO  manager.ListenerWD - After find element --> By.xpath: //button[text()='Sign Out']
13:00:41.268  INFO  tests.TestBase - Need logout
13:00:41.269  INFO  manager.ListenerTNG - onTestStart name --> loginUnregisteredUser
13:00:41.269  INFO  tests.TestBase - Test starts with email: sddffhgj@gmail.com
13:00:41.269  INFO  manager.ListenerWD - Before find element --> By.cssSelector: a[href='/login']
13:00:41.275  INFO  manager.ListenerWD - After find element --> By.cssSelector: a[href='/login']
13:00:41.316  INFO  manager.ListenerWD - Before find element --> By.cssSelector: input[name='email']
13:00:41.323  INFO  manager.ListenerWD - After find element --> By.cssSelector: input[name='email']
13:00:41.452  INFO  manager.ListenerWD - Before find element --> By.cssSelector: input[name='password']
13:00:41.458  INFO  manager.ListenerWD - After find element --> By.cssSelector: input[name='password']
13:00:41.599  INFO  manager.ListenerWD - Before find element --> By.cssSelector: button[name='login']
13:00:41.605  INFO  manager.ListenerWD - After find element --> By.cssSelector: button[name='login']
13:00:41.660  INFO  manager.ListenerWD - Before find elements --> By.xpath: //button[text()='Sign Out']
13:00:42.084  INFO  manager.ListenerWD - After find elements --> By.xpath: //button[text()='Sign Out']
13:00:42.084  INFO  manager.ListenerWD - List size is --> 0
13:00:42.090  INFO  tests.TestBase - Test passed with success
13:00:42.090  INFO  manager.ListenerTNG - onTestSuccess name --> loginUnregisteredUser
13:00:42.091  INFO  tests.TestBase - The name of method is -->loginWrongEmail
13:00:42.091  INFO  manager.ListenerWD - Before find elements --> By.xpath: //button[text()='Sign Out']
13:00:47.143  INFO  manager.ListenerWD - After find elements --> By.xpath: //button[text()='Sign Out']
13:00:47.143  INFO  manager.ListenerWD - List size is --> 0
13:00:47.143  INFO  manager.ListenerTNG - onTestStart name --> loginWrongEmail
13:00:47.143  INFO  tests.TestBase - Test starts with email: kateagmail.com
13:00:47.143  INFO  manager.ListenerWD - Before find element --> By.cssSelector: a[href='/login']
13:00:47.149  INFO  manager.ListenerWD - After find element --> By.cssSelector: a[href='/login']
13:00:47.163  INFO  manager.ListenerWD - Before find element --> By.cssSelector: input[name='email']
13:00:47.169  INFO  manager.ListenerWD - After find element --> By.cssSelector: input[name='email']
13:00:47.304  INFO  manager.ListenerWD - Before find element --> By.cssSelector: input[name='password']
13:00:47.309  INFO  manager.ListenerWD - After find element --> By.cssSelector: input[name='password']
13:00:47.441  INFO  manager.ListenerWD - Before find element --> By.cssSelector: button[name='login']
13:00:47.446  INFO  manager.ListenerWD - After find element --> By.cssSelector: button[name='login']
13:00:47.507  INFO  manager.ListenerWD - Before find elements --> By.xpath: //button[text()='Sign Out']
13:00:47.931  INFO  manager.ListenerWD - After find elements --> By.xpath: //button[text()='Sign Out']
13:00:47.931  INFO  manager.ListenerWD - List size is --> 0
13:00:47.936  INFO  tests.TestBase - Test passed with success
13:00:47.936  INFO  manager.ListenerTNG - onTestSuccess name --> loginWrongEmail
13:00:47.936  INFO  tests.TestBase - The name of method is -->loginWrongPassword
13:00:47.936  INFO  manager.ListenerWD - Before find elements --> By.xpath: //button[text()='Sign Out']
13:00:52.989  INFO  manager.ListenerWD - After find elements --> By.xpath: //button[text()='Sign Out']
13:00:52.989  INFO  manager.ListenerWD - List size is --> 0
13:00:52.989  INFO  manager.ListenerTNG - onTestStart name --> loginWrongPassword
13:00:52.989  INFO  tests.TestBase - Test starts with password: ka123
13:00:52.989  INFO  manager.ListenerWD - Before find element --> By.cssSelector: a[href='/login']
13:00:52.995  INFO  manager.ListenerWD - After find element --> By.cssSelector: a[href='/login']
13:00:53.009  INFO  manager.ListenerWD - Before find element --> By.cssSelector: input[name='email']
13:00:53.015  INFO  manager.ListenerWD - After find element --> By.cssSelector: input[name='email']
13:00:53.090  INFO  manager.ListenerWD - Before find element --> By.cssSelector: input[name='password']
13:00:53.096  INFO  manager.ListenerWD - After find element --> By.cssSelector: input[name='password']
13:00:53.167  INFO  manager.ListenerWD - Before find element --> By.cssSelector: button[name='login']
13:00:53.173  INFO  manager.ListenerWD - After find element --> By.cssSelector: button[name='login']
13:00:53.203  INFO  manager.ListenerWD - Before find elements --> By.xpath: //button[text()='Sign Out']
13:00:53.628  INFO  manager.ListenerWD - After find elements --> By.xpath: //button[text()='Sign Out']
13:00:53.628  INFO  manager.ListenerWD - List size is --> 0
13:00:53.633  INFO  tests.TestBase - Test passed with success
13:00:53.633  INFO  manager.ListenerTNG - onTestSuccess name --> loginWrongPassword
13:00:53.633  INFO  tests.TestBase - The name of method is -->registrationSuccess
13:00:53.633  INFO  manager.ListenerWD - Before find elements --> By.xpath: //button[text()='Sign Out']
13:00:58.683  INFO  manager.ListenerWD - After find elements --> By.xpath: //button[text()='Sign Out']
13:00:58.683  INFO  manager.ListenerWD - List size is --> 0
13:00:58.683  INFO  manager.ListenerTNG - onTestStart name --> registrationSuccess
13:00:58.684  INFO  manager.ListenerWD - Before find element --> By.cssSelector: a[href='/login']
13:00:58.689  INFO  manager.ListenerWD - After find element --> By.cssSelector: a[href='/login']
13:00:58.704  INFO  manager.ListenerWD - Before find element --> By.cssSelector: input[name='email']
13:00:58.711  INFO  manager.ListenerWD - After find element --> By.cssSelector: input[name='email']
13:00:58.786  INFO  manager.ListenerWD - Before find element --> By.cssSelector: input[name='password']
13:00:58.792  INFO  manager.ListenerWD - After find element --> By.cssSelector: input[name='password']
13:00:58.867  INFO  manager.ListenerWD - Before find element --> By.cssSelector: [name='registration']
13:00:58.876  INFO  manager.ListenerWD - After find element --> By.cssSelector: [name='registration']
13:00:58.908  INFO  manager.ListenerWD - Before find elements --> By.xpath: //button[text()='Sign Out']
13:00:59.388  INFO  manager.ListenerWD - After find elements --> By.xpath: //button[text()='Sign Out']
13:00:59.388  INFO  manager.ListenerWD - List size is --> 1
13:00:59.389  INFO  manager.ListenerTNG - onTestSuccess name --> registrationSuccess
13:00:59.389  INFO  tests.TestBase - The name of method is -->registrationUserAlreadyExists
13:00:59.389  INFO  manager.ListenerWD - Before find elements --> By.xpath: //button[text()='Sign Out']
13:00:59.395  INFO  manager.ListenerWD - After find elements --> By.xpath: //button[text()='Sign Out']
13:00:59.395  INFO  manager.ListenerWD - List size is --> 1
13:00:59.395  INFO  manager.ListenerWD - Before find element --> By.xpath: //button[text()='Sign Out']
13:00:59.402  INFO  manager.ListenerWD - After find element --> By.xpath: //button[text()='Sign Out']
13:00:59.433  INFO  manager.ListenerTNG - onTestStart name --> registrationUserAlreadyExists
13:00:59.433  INFO  manager.ListenerWD - Before find element --> By.cssSelector: a[href='/login']
13:00:59.439  INFO  manager.ListenerWD - After find element --> By.cssSelector: a[href='/login']
13:00:59.458  INFO  manager.ListenerWD - Before find element --> By.cssSelector: input[name='email']
13:00:59.464  INFO  manager.ListenerWD - After find element --> By.cssSelector: input[name='email']
13:00:59.532  INFO  manager.ListenerWD - Before find element --> By.cssSelector: input[name='password']
13:00:59.539  INFO  manager.ListenerWD - After find element --> By.cssSelector: input[name='password']
13:00:59.609  INFO  manager.ListenerWD - Before find element --> By.cssSelector: [name='registration']
13:00:59.615  INFO  manager.ListenerWD - After find element --> By.cssSelector: [name='registration']
13:00:59.644  INFO  manager.ListenerWD - Before find elements --> By.xpath: //button[text()='Sign Out']
13:00:59.857  INFO  manager.ListenerWD - After find elements --> By.xpath: //button[text()='Sign Out']
13:00:59.857  INFO  manager.ListenerWD - List size is --> 0
13:00:59.863  INFO  manager.ListenerTNG - onTestSuccess name --> registrationUserAlreadyExists
13:00:59.863  INFO  tests.TestBase - The name of method is -->registrationWrongEmail
13:00:59.863  INFO  manager.ListenerWD - Before find elements --> By.xpath: //button[text()='Sign Out']
13:01:04.913  INFO  manager.ListenerWD - After find elements --> By.xpath: //button[text()='Sign Out']
13:01:04.914  INFO  manager.ListenerWD - List size is --> 0
13:01:04.914  INFO  manager.ListenerTNG - onTestStart name --> registrationWrongEmail
13:01:04.914  INFO  manager.ListenerWD - Before find element --> By.cssSelector: a[href='/login']
13:01:04.920  INFO  manager.ListenerWD - After find element --> By.cssSelector: a[href='/login']
13:01:04.932  INFO  manager.ListenerWD - Before find element --> By.cssSelector: input[name='email']
13:01:04.939  INFO  manager.ListenerWD - After find element --> By.cssSelector: input[name='email']
13:01:05.007  INFO  manager.ListenerWD - Before find element --> By.cssSelector: input[name='password']
13:01:05.013  INFO  manager.ListenerWD - After find element --> By.cssSelector: input[name='password']
13:01:05.079  INFO  manager.ListenerWD - Before find element --> By.cssSelector: [name='registration']
13:01:05.084  INFO  manager.ListenerWD - After find element --> By.cssSelector: [name='registration']
13:01:05.113  INFO  manager.ListenerWD - Before find elements --> By.xpath: //button[text()='Sign Out']
13:01:05.327  INFO  manager.ListenerWD - After find elements --> By.xpath: //button[text()='Sign Out']
13:01:05.327  INFO  manager.ListenerWD - List size is --> 0
13:01:05.332  INFO  manager.ListenerTNG - onTestSuccess name --> registrationWrongEmail
13:01:05.333  INFO  tests.TestBase - The name of method is -->registrationWrongPassword
13:01:05.333  INFO  manager.ListenerWD - Before find elements --> By.xpath: //button[text()='Sign Out']
13:01:10.387  INFO  manager.ListenerWD - After find elements --> By.xpath: //button[text()='Sign Out']
13:01:10.387  INFO  manager.ListenerWD - List size is --> 0
13:01:10.387  INFO  manager.ListenerTNG - onTestStart name --> registrationWrongPassword
13:01:10.387  INFO  manager.ListenerWD - Before find element --> By.cssSelector: a[href='/login']
13:01:10.393  INFO  manager.ListenerWD - After find element --> By.cssSelector: a[href='/login']
13:01:10.405  INFO  manager.ListenerWD - Before find element --> By.cssSelector: input[name='email']
13:01:10.411  INFO  manager.ListenerWD - After find element --> By.cssSelector: input[name='email']
13:01:10.481  INFO  manager.ListenerWD - Before find element --> By.cssSelector: input[name='password']
13:01:10.487  INFO  manager.ListenerWD - After find element --> By.cssSelector: input[name='password']
13:01:10.558  INFO  manager.ListenerWD - Before find element --> By.cssSelector: [name='registration']
13:01:10.564  INFO  manager.ListenerWD - After find element --> By.cssSelector: [name='registration']
13:01:10.592  INFO  manager.ListenerWD - Before find elements --> By.xpath: //button[text()='Sign Out']
13:01:10.806  INFO  manager.ListenerWD - After find elements --> By.xpath: //button[text()='Sign Out']
13:01:10.806  INFO  manager.ListenerWD - List size is --> 0
13:01:10.811  INFO  manager.ListenerTNG - onTestSuccess name --> registrationWrongPassword
13:01:10.812  INFO  manager.ListenerTNG - onFinish name --> Gradle test
